CRITICAL - 2021-10-24 05:18:07 --> Undefined array key "keyword"
#0 C:\xampp\htdocs\Kuliah\Back-End\Tugas_Backend\app\Views\index.php(53): CodeIgniter\Debug\Exceptions->errorHandler(2, 'Undefined array...', 'C:\\xampp\\htdocs...', 53)
#1 C:\xampp\htdocs\Kuliah\Back-End\Tugas_Backend\vendor\codeigniter4\framework\system\View\View.php(214): include('C:\\xampp\\htdocs...')
#2 C:\xampp\htdocs\Kuliah\Back-End\Tugas_Backend\vendor\codeigniter4\framework\system\View\View.php(217): CodeIgniter\View\View->CodeIgniter\View\{closure}()
#3 C:\xampp\htdocs\Kuliah\Back-End\Tugas_Backend\vendor\codeigniter4\framework\system\Common.php(1092): CodeIgniter\View\View->render('index', Array, true)
#4 C:\xampp\htdocs\Kuliah\Back-End\Tugas_Backend\app\Controllers\Komik.php(21): view('index', Array)
#5 C:\xampp\htdocs\Kuliah\Back-End\Tugas_Backend\vendor\codeigniter4\framework\system\CodeIgniter.php(802): App\Controllers\Komik->index()
#6 C:\xampp\htdocs\Kuliah\Back-End\Tugas_Backend\vendor\codeigniter4\framework\system\CodeIgniter.php(399): CodeIgniter\CodeIgniter->runController(Object(App\Controllers\Komik))
#7 C:\xampp\htdocs\Kuliah\Back-End\Tugas_Backend\vendor\codeigniter4\framework\system\CodeIgniter.php(317): CodeIgniter\CodeIgniter->handleRequest(NULL, Object(Config\Cache), false)
#8 C:\xampp\htdocs\Kuliah\Back-End\Tugas_Backend\public\index.php(37): CodeIgniter\CodeIgniter->run()
#9 C:\xampp\htdocs\Kuliah\Back-End\Tugas_Backend\vendor\codeigniter4\framework\system\Commands\Server\rewrite.php(43): require_once('C:\\xampp\\htdocs...')
#10 {main}
CRITICAL - 2021-10-24 05:37:34 --> Too few arguments to function App\Controllers\Komik::index(), 0 passed in C:\xampp\htdocs\Kuliah\Back-End\Tugas_Backend\vendor\codeigniter4\framework\system\CodeIgniter.php on line 802 and exactly 1 expected
#0 C:\xampp\htdocs\Kuliah\Back-End\Tugas_Backend\vendor\codeigniter4\framework\system\CodeIgniter.php(802): App\Controllers\Komik->index()
#1 C:\xampp\htdocs\Kuliah\Back-End\Tugas_Backend\vendor\codeigniter4\framework\system\CodeIgniter.php(399): CodeIgniter\CodeIgniter->runController(Object(App\Controllers\Komik))
#2 C:\xampp\htdocs\Kuliah\Back-End\Tugas_Backend\vendor\codeigniter4\framework\system\CodeIgniter.php(317): CodeIgniter\CodeIgniter->handleRequest(NULL, Object(Config\Cache), false)
#3 C:\xampp\htdocs\Kuliah\Back-End\Tugas_Backend\public\index.php(37): CodeIgniter\CodeIgniter->run()
#4 C:\xampp\htdocs\Kuliah\Back-End\Tugas_Backend\vendor\codeigniter4\framework\system\Commands\Server\rewrite.php(43): require_once('C:\\xampp\\htdocs...')
#5 {main}
CRITICAL - 2021-10-24 05:50:06 --> Undefined array key "keyword"
#0 C:\xampp\htdocs\Kuliah\Back-End\Tugas_Backend\app\Views\index.php(53): CodeIgniter\Debug\Exceptions->errorHandler(2, 'Undefined array...', 'C:\\xampp\\htdocs...', 53)
#1 C:\xampp\htdocs\Kuliah\Back-End\Tugas_Backend\vendor\codeigniter4\framework\system\View\View.php(214): include('C:\\xampp\\htdocs...')
#2 C:\xampp\htdocs\Kuliah\Back-End\Tugas_Backend\vendor\codeigniter4\framework\system\View\View.php(217): CodeIgniter\View\View->CodeIgniter\View\{closure}()
#3 C:\xampp\htdocs\Kuliah\Back-End\Tugas_Backend\vendor\codeigniter4\framework\system\Common.php(1092): CodeIgniter\View\View->render('index', Array, true)
#4 C:\xampp\htdocs\Kuliah\Back-End\Tugas_Backend\app\Controllers\Komik.php(21): view('index', Array)
#5 C:\xampp\htdocs\Kuliah\Back-End\Tugas_Backend\vendor\codeigniter4\framework\system\CodeIgniter.php(802): App\Controllers\Komik->index()
#6 C:\xampp\htdocs\Kuliah\Back-End\Tugas_Backend\vendor\codeigniter4\framework\system\CodeIgniter.php(399): CodeIgniter\CodeIgniter->runController(Object(App\Controllers\Komik))
#7 C:\xampp\htdocs\Kuliah\Back-End\Tugas_Backend\vendor\codeigniter4\framework\system\CodeIgniter.php(317): CodeIgniter\CodeIgniter->handleRequest(NULL, Object(Config\Cache), false)
#8 C:\xampp\htdocs\Kuliah\Back-End\Tugas_Backend\public\index.php(37): CodeIgniter\CodeIgniter->run()
#9 C:\xampp\htdocs\Kuliah\Back-End\Tugas_Backend\vendor\codeigniter4\framework\system\Commands\Server\rewrite.php(43): require_once('C:\\xampp\\htdocs...')
#10 {main}
CRITICAL - 2021-10-24 05:50:07 --> Undefined array key "keyword"
#0 C:\xampp\htdocs\Kuliah\Back-End\Tugas_Backend\app\Views\index.php(53): CodeIgniter\Debug\Exceptions->errorHandler(2, 'Undefined array...', 'C:\\xampp\\htdocs...', 53)
#1 C:\xampp\htdocs\Kuliah\Back-End\Tugas_Backend\vendor\codeigniter4\framework\system\View\View.php(214): include('C:\\xampp\\htdocs...')
#2 C:\xampp\htdocs\Kuliah\Back-End\Tugas_Backend\vendor\codeigniter4\framework\system\View\View.php(217): CodeIgniter\View\View->CodeIgniter\View\{closure}()
#3 C:\xampp\htdocs\Kuliah\Back-End\Tugas_Backend\vendor\codeigniter4\framework\system\Common.php(1092): CodeIgniter\View\View->render('index', Array, true)
#4 C:\xampp\htdocs\Kuliah\Back-End\Tugas_Backend\app\Controllers\Komik.php(21): view('index', Array)
#5 C:\xampp\htdocs\Kuliah\Back-End\Tugas_Backend\vendor\codeigniter4\framework\system\CodeIgniter.php(802): App\Controllers\Komik->index()
#6 C:\xampp\htdocs\Kuliah\Back-End\Tugas_Backend\vendor\codeigniter4\framework\system\CodeIgniter.php(399): CodeIgniter\CodeIgniter->runController(Object(App\Controllers\Komik))
#7 C:\xampp\htdocs\Kuliah\Back-End\Tugas_Backend\vendor\codeigniter4\framework\system\CodeIgniter.php(317): CodeIgniter\CodeIgniter->handleRequest(NULL, Object(Config\Cache), false)
#8 C:\xampp\htdocs\Kuliah\Back-End\Tugas_Backend\public\index.php(37): CodeIgniter\CodeIgniter->run()
#9 C:\xampp\htdocs\Kuliah\Back-End\Tugas_Backend\vendor\codeigniter4\framework\system\Commands\Server\rewrite.php(43): require_once('C:\\xampp\\htdocs...')
#10 {main}
CRITICAL - 2021-10-24 05:55:47 --> Undefined array key "keyword"
#0 C:\xampp\htdocs\Kuliah\Back-End\Tugas_Backend\app\Views\index.php(54): CodeIgniter\Debug\Exceptions->errorHandler(2, 'Undefined array...', 'C:\\xampp\\htdocs...', 54)
#1 C:\xampp\htdocs\Kuliah\Back-End\Tugas_Backend\vendor\codeigniter4\framework\system\View\View.php(214): include('C:\\xampp\\htdocs...')
#2 C:\xampp\htdocs\Kuliah\Back-End\Tugas_Backend\vendor\codeigniter4\framework\system\View\View.php(217): CodeIgniter\View\View->CodeIgniter\View\{closure}()
#3 C:\xampp\htdocs\Kuliah\Back-End\Tugas_Backend\vendor\codeigniter4\framework\system\Common.php(1092): CodeIgniter\View\View->render('index', Array, true)
#4 C:\xampp\htdocs\Kuliah\Back-End\Tugas_Backend\app\Controllers\Komik.php(23): view('index', Array)
#5 C:\xampp\htdocs\Kuliah\Back-End\Tugas_Backend\vendor\codeigniter4\framework\system\CodeIgniter.php(802): App\Controllers\Komik->index()
#6 C:\xampp\htdocs\Kuliah\Back-End\Tugas_Backend\vendor\codeigniter4\framework\system\CodeIgniter.php(399): CodeIgniter\CodeIgniter->runController(Object(App\Controllers\Komik))
#7 C:\xampp\htdocs\Kuliah\Back-End\Tugas_Backend\vendor\codeigniter4\framework\system\CodeIgniter.php(317): CodeIgniter\CodeIgniter->handleRequest(NULL, Object(Config\Cache), false)
#8 C:\xampp\htdocs\Kuliah\Back-End\Tugas_Backend\public\index.php(37): CodeIgniter\CodeIgniter->run()
#9 C:\xampp\htdocs\Kuliah\Back-End\Tugas_Backend\vendor\codeigniter4\framework\system\Commands\Server\rewrite.php(43): require_once('C:\\xampp\\htdocs...')
#10 {main}
CRITICAL - 2021-10-24 06:06:46 --> Cannot access offset of type string on string
#0 C:\xampp\htdocs\Kuliah\Back-End\Tugas_Backend\vendor\codeigniter4\framework\system\View\View.php(214): include()
#1 C:\xampp\htdocs\Kuliah\Back-End\Tugas_Backend\vendor\codeigniter4\framework\system\View\View.php(217): CodeIgniter\View\View->CodeIgniter\View\{closure}()
#2 C:\xampp\htdocs\Kuliah\Back-End\Tugas_Backend\vendor\codeigniter4\framework\system\Common.php(1092): CodeIgniter\View\View->render('index', Array, true)
#3 C:\xampp\htdocs\Kuliah\Back-End\Tugas_Backend\app\Controllers\Komik.php(23): view('index', Array)
#4 C:\xampp\htdocs\Kuliah\Back-End\Tugas_Backend\vendor\codeigniter4\framework\system\CodeIgniter.php(802): App\Controllers\Komik->index()
#5 C:\xampp\htdocs\Kuliah\Back-End\Tugas_Backend\vendor\codeigniter4\framework\system\CodeIgniter.php(399): CodeIgniter\CodeIgniter->runController(Object(App\Controllers\Komik))
#6 C:\xampp\htdocs\Kuliah\Back-End\Tugas_Backend\vendor\codeigniter4\framework\system\CodeIgniter.php(317): CodeIgniter\CodeIgniter->handleRequest(NULL, Object(Config\Cache), false)
#7 C:\xampp\htdocs\Kuliah\Back-End\Tugas_Backend\public\index.php(37): CodeIgniter\CodeIgniter->run()
#8 C:\xampp\htdocs\Kuliah\Back-End\Tugas_Backend\vendor\codeigniter4\framework\system\Commands\Server\rewrite.php(43): require_once('C:\\xampp\\htdocs...')
#9 {main}
CRITICAL - 2021-10-24 06:06:47 --> Cannot access offset of type string on string
#0 C:\xampp\htdocs\Kuliah\Back-End\Tugas_Backend\vendor\codeigniter4\framework\system\View\View.php(214): include()
#1 C:\xampp\htdocs\Kuliah\Back-End\Tugas_Backend\vendor\codeigniter4\framework\system\View\View.php(217): CodeIgniter\View\View->CodeIgniter\View\{closure}()
#2 C:\xampp\htdocs\Kuliah\Back-End\Tugas_Backend\vendor\codeigniter4\framework\system\Common.php(1092): CodeIgniter\View\View->render('index', Array, true)
#3 C:\xampp\htdocs\Kuliah\Back-End\Tugas_Backend\app\Controllers\Komik.php(23): view('index', Array)
#4 C:\xampp\htdocs\Kuliah\Back-End\Tugas_Backend\vendor\codeigniter4\framework\system\CodeIgniter.php(802): App\Controllers\Komik->index()
#5 C:\xampp\htdocs\Kuliah\Back-End\Tugas_Backend\vendor\codeigniter4\framework\system\CodeIgniter.php(399): CodeIgniter\CodeIgniter->runController(Object(App\Controllers\Komik))
#6 C:\xampp\htdocs\Kuliah\Back-End\Tugas_Backend\vendor\codeigniter4\framework\system\CodeIgniter.php(317): CodeIgniter\CodeIgniter->handleRequest(NULL, Object(Config\Cache), false)
#7 C:\xampp\htdocs\Kuliah\Back-End\Tugas_Backend\public\index.php(37): CodeIgniter\CodeIgniter->run()
#8 C:\xampp\htdocs\Kuliah\Back-End\Tugas_Backend\vendor\codeigniter4\framework\system\Commands\Server\rewrite.php(43): require_once('C:\\xampp\\htdocs...')
#9 {main}
CRITICAL - 2021-10-24 06:06:55 --> Cannot access offset of type string on string
#0 C:\xampp\htdocs\Kuliah\Back-End\Tugas_Backend\vendor\codeigniter4\framework\system\View\View.php(214): include()
#1 C:\xampp\htdocs\Kuliah\Back-End\Tugas_Backend\vendor\codeigniter4\framework\system\View\View.php(217): CodeIgniter\View\View->CodeIgniter\View\{closure}()
#2 C:\xampp\htdocs\Kuliah\Back-End\Tugas_Backend\vendor\codeigniter4\framework\system\Common.php(1092): CodeIgniter\View\View->render('index', Array, true)
#3 C:\xampp\htdocs\Kuliah\Back-End\Tugas_Backend\app\Controllers\Komik.php(23): view('index', Array)
#4 C:\xampp\htdocs\Kuliah\Back-End\Tugas_Backend\vendor\codeigniter4\framework\system\CodeIgniter.php(802): App\Controllers\Komik->index()
#5 C:\xampp\htdocs\Kuliah\Back-End\Tugas_Backend\vendor\codeigniter4\framework\system\CodeIgniter.php(399): CodeIgniter\CodeIgniter->runController(Object(App\Controllers\Komik))
#6 C:\xampp\htdocs\Kuliah\Back-End\Tugas_Backend\vendor\codeigniter4\framework\system\CodeIgniter.php(317): CodeIgniter\CodeIgniter->handleRequest(NULL, Object(Config\Cache), false)
#7 C:\xampp\htdocs\Kuliah\Back-End\Tugas_Backend\public\index.php(37): CodeIgniter\CodeIgniter->run()
#8 C:\xampp\htdocs\Kuliah\Back-End\Tugas_Backend\vendor\codeigniter4\framework\system\Commands\Server\rewrite.php(43): require_once('C:\\xampp\\htdocs...')
#9 {main}
CRITICAL - 2021-10-24 06:07:05 --> Cannot access offset of type string on string
#0 C:\xampp\htdocs\Kuliah\Back-End\Tugas_Backend\vendor\codeigniter4\framework\system\View\View.php(214): include()
#1 C:\xampp\htdocs\Kuliah\Back-End\Tugas_Backend\vendor\codeigniter4\framework\system\View\View.php(217): CodeIgniter\View\View->CodeIgniter\View\{closure}()
#2 C:\xampp\htdocs\Kuliah\Back-End\Tugas_Backend\vendor\codeigniter4\framework\system\Common.php(1092): CodeIgniter\View\View->render('index', Array, true)
#3 C:\xampp\htdocs\Kuliah\Back-End\Tugas_Backend\app\Controllers\Komik.php(23): view('index', Array)
#4 C:\xampp\htdocs\Kuliah\Back-End\Tugas_Backend\vendor\codeigniter4\framework\system\CodeIgniter.php(802): App\Controllers\Komik->index()
#5 C:\xampp\htdocs\Kuliah\Back-End\Tugas_Backend\vendor\codeigniter4\framework\system\CodeIgniter.php(399): CodeIgniter\CodeIgniter->runController(Object(App\Controllers\Komik))
#6 C:\xampp\htdocs\Kuliah\Back-End\Tugas_Backend\vendor\codeigniter4\framework\system\CodeIgniter.php(317): CodeIgniter\CodeIgniter->handleRequest(NULL, Object(Config\Cache), false)
#7 C:\xampp\htdocs\Kuliah\Back-End\Tugas_Backend\public\index.php(37): CodeIgniter\CodeIgniter->run()
#8 C:\xampp\htdocs\Kuliah\Back-End\Tugas_Backend\vendor\codeigniter4\framework\system\Commands\Server\rewrite.php(43): require_once('C:\\xampp\\htdocs...')
#9 {main}
CRITICAL - 2021-10-24 06:07:05 --> Cannot access offset of type string on string
#0 C:\xampp\htdocs\Kuliah\Back-End\Tugas_Backend\vendor\codeigniter4\framework\system\View\View.php(214): include()
#1 C:\xampp\htdocs\Kuliah\Back-End\Tugas_Backend\vendor\codeigniter4\framework\system\View\View.php(217): CodeIgniter\View\View->CodeIgniter\View\{closure}()
#2 C:\xampp\htdocs\Kuliah\Back-End\Tugas_Backend\vendor\codeigniter4\framework\system\Common.php(1092): CodeIgniter\View\View->render('index', Array, true)
#3 C:\xampp\htdocs\Kuliah\Back-End\Tugas_Backend\app\Controllers\Komik.php(23): view('index', Array)
#4 C:\xampp\htdocs\Kuliah\Back-End\Tugas_Backend\vendor\codeigniter4\framework\system\CodeIgniter.php(802): App\Controllers\Komik->index()
#5 C:\xampp\htdocs\Kuliah\Back-End\Tugas_Backend\vendor\codeigniter4\framework\system\CodeIgniter.php(399): CodeIgniter\CodeIgniter->runController(Object(App\Controllers\Komik))
#6 C:\xampp\htdocs\Kuliah\Back-End\Tugas_Backend\vendor\codeigniter4\framework\system\CodeIgniter.php(317): CodeIgniter\CodeIgniter->handleRequest(NULL, Object(Config\Cache), false)
#7 C:\xampp\htdocs\Kuliah\Back-End\Tugas_Backend\public\index.php(37): CodeIgniter\CodeIgniter->run()
#8 C:\xampp\htdocs\Kuliah\Back-End\Tugas_Backend\vendor\codeigniter4\framework\system\Commands\Server\rewrite.php(43): require_once('C:\\xampp\\htdocs...')
#9 {main}
CRITICAL - 2021-10-24 06:07:05 --> Cannot access offset of type string on string
#0 C:\xampp\htdocs\Kuliah\Back-End\Tugas_Backend\vendor\codeigniter4\framework\system\View\View.php(214): include()
#1 C:\xampp\htdocs\Kuliah\Back-End\Tugas_Backend\vendor\codeigniter4\framework\system\View\View.php(217): CodeIgniter\View\View->CodeIgniter\View\{closure}()
#2 C:\xampp\htdocs\Kuliah\Back-End\Tugas_Backend\vendor\codeigniter4\framework\system\Common.php(1092): CodeIgniter\View\View->render('index', Array, true)
#3 C:\xampp\htdocs\Kuliah\Back-End\Tugas_Backend\app\Controllers\Komik.php(23): view('index', Array)
#4 C:\xampp\htdocs\Kuliah\Back-End\Tugas_Backend\vendor\codeigniter4\framework\system\CodeIgniter.php(802): App\Controllers\Komik->index()
#5 C:\xampp\htdocs\Kuliah\Back-End\Tugas_Backend\vendor\codeigniter4\framework\system\CodeIgniter.php(399): CodeIgniter\CodeIgniter->runController(Object(App\Controllers\Komik))
#6 C:\xampp\htdocs\Kuliah\Back-End\Tugas_Backend\vendor\codeigniter4\framework\system\CodeIgniter.php(317): CodeIgniter\CodeIgniter->handleRequest(NULL, Object(Config\Cache), false)
#7 C:\xampp\htdocs\Kuliah\Back-End\Tugas_Backend\public\index.php(37): CodeIgniter\CodeIgniter->run()
#8 C:\xampp\htdocs\Kuliah\Back-End\Tugas_Backend\vendor\codeigniter4\framework\system\Commands\Server\rewrite.php(43): require_once('C:\\xampp\\htdocs...')
#9 {main}
CRITICAL - 2021-10-24 06:07:47 --> Cannot access offset of type string on string
#0 C:\xampp\htdocs\Kuliah\Back-End\Tugas_Backend\vendor\codeigniter4\framework\system\View\View.php(214): include()
#1 C:\xampp\htdocs\Kuliah\Back-End\Tugas_Backend\vendor\codeigniter4\framework\system\View\View.php(217): CodeIgniter\View\View->CodeIgniter\View\{closure}()
#2 C:\xampp\htdocs\Kuliah\Back-End\Tugas_Backend\vendor\codeigniter4\framework\system\Common.php(1092): CodeIgniter\View\View->render('index', Array, true)
#3 C:\xampp\htdocs\Kuliah\Back-End\Tugas_Backend\app\Controllers\Komik.php(23): view('index', Array)
#4 C:\xampp\htdocs\Kuliah\Back-End\Tugas_Backend\vendor\codeigniter4\framework\system\CodeIgniter.php(802): App\Controllers\Komik->index()
#5 C:\xampp\htdocs\Kuliah\Back-End\Tugas_Backend\vendor\codeigniter4\framework\system\CodeIgniter.php(399): CodeIgniter\CodeIgniter->runController(Object(App\Controllers\Komik))
#6 C:\xampp\htdocs\Kuliah\Back-End\Tugas_Backend\vendor\codeigniter4\framework\system\CodeIgniter.php(317): CodeIgniter\CodeIgniter->handleRequest(NULL, Object(Config\Cache), false)
#7 C:\xampp\htdocs\Kuliah\Back-End\Tugas_Backend\public\index.php(37): CodeIgniter\CodeIgniter->run()
#8 C:\xampp\htdocs\Kuliah\Back-End\Tugas_Backend\vendor\codeigniter4\framework\system\Commands\Server\rewrite.php(43): require_once('C:\\xampp\\htdocs...')
#9 {main}
CRITICAL - 2021-10-24 06:07:47 --> Cannot access offset of type string on string
#0 C:\xampp\htdocs\Kuliah\Back-End\Tugas_Backend\vendor\codeigniter4\framework\system\View\View.php(214): include()
#1 C:\xampp\htdocs\Kuliah\Back-End\Tugas_Backend\vendor\codeigniter4\framework\system\View\View.php(217): CodeIgniter\View\View->CodeIgniter\View\{closure}()
#2 C:\xampp\htdocs\Kuliah\Back-End\Tugas_Backend\vendor\codeigniter4\framework\system\Common.php(1092): CodeIgniter\View\View->render('index', Array, true)
#3 C:\xampp\htdocs\Kuliah\Back-End\Tugas_Backend\app\Controllers\Komik.php(23): view('index', Array)
#4 C:\xampp\htdocs\Kuliah\Back-End\Tugas_Backend\vendor\codeigniter4\framework\system\CodeIgniter.php(802): App\Controllers\Komik->index()
#5 C:\xampp\htdocs\Kuliah\Back-End\Tugas_Backend\vendor\codeigniter4\framework\system\CodeIgniter.php(399): CodeIgniter\CodeIgniter->runController(Object(App\Controllers\Komik))
#6 C:\xampp\htdocs\Kuliah\Back-End\Tugas_Backend\vendor\codeigniter4\framework\system\CodeIgniter.php(317): CodeIgniter\CodeIgniter->handleRequest(NULL, Object(Config\Cache), false)
#7 C:\xampp\htdocs\Kuliah\Back-End\Tugas_Backend\public\index.php(37): CodeIgniter\CodeIgniter->run()
#8 C:\xampp\htdocs\Kuliah\Back-End\Tugas_Backend\vendor\codeigniter4\framework\system\Commands\Server\rewrite.php(43): require_once('C:\\xampp\\htdocs...')
#9 {main}
CRITICAL - 2021-10-24 06:07:47 --> Cannot access offset of type string on string
#0 C:\xampp\htdocs\Kuliah\Back-End\Tugas_Backend\vendor\codeigniter4\framework\system\View\View.php(214): include()
#1 C:\xampp\htdocs\Kuliah\Back-End\Tugas_Backend\vendor\codeigniter4\framework\system\View\View.php(217): CodeIgniter\View\View->CodeIgniter\View\{closure}()
#2 C:\xampp\htdocs\Kuliah\Back-End\Tugas_Backend\vendor\codeigniter4\framework\system\Common.php(1092): CodeIgniter\View\View->render('index', Array, true)
#3 C:\xampp\htdocs\Kuliah\Back-End\Tugas_Backend\app\Controllers\Komik.php(23): view('index', Array)
#4 C:\xampp\htdocs\Kuliah\Back-End\Tugas_Backend\vendor\codeigniter4\framework\system\CodeIgniter.php(802): App\Controllers\Komik->index()
#5 C:\xampp\htdocs\Kuliah\Back-End\Tugas_Backend\vendor\codeigniter4\framework\system\CodeIgniter.php(399): CodeIgniter\CodeIgniter->runController(Object(App\Controllers\Komik))
#6 C:\xampp\htdocs\Kuliah\Back-End\Tugas_Backend\vendor\codeigniter4\framework\system\CodeIgniter.php(317): CodeIgniter\CodeIgniter->handleRequest(NULL, Object(Config\Cache), false)
#7 C:\xampp\htdocs\Kuliah\Back-End\Tugas_Backend\public\index.php(37): CodeIgniter\CodeIgniter->run()
#8 C:\xampp\htdocs\Kuliah\Back-End\Tugas_Backend\vendor\codeigniter4\framework\system\Commands\Server\rewrite.php(43): require_once('C:\\xampp\\htdocs...')
#9 {main}
CRITICAL - 2021-10-24 06:07:49 --> Cannot access offset of type string on string
#0 C:\xampp\htdocs\Kuliah\Back-End\Tugas_Backend\vendor\codeigniter4\framework\system\View\View.php(214): include()
#1 C:\xampp\htdocs\Kuliah\Back-End\Tugas_Backend\vendor\codeigniter4\framework\system\View\View.php(217): CodeIgniter\View\View->CodeIgniter\View\{closure}()
#2 C:\xampp\htdocs\Kuliah\Back-End\Tugas_Backend\vendor\codeigniter4\framework\system\Common.php(1092): CodeIgniter\View\View->render('index', Array, true)
#3 C:\xampp\htdocs\Kuliah\Back-End\Tugas_Backend\app\Controllers\Komik.php(23): view('index', Array)
#4 C:\xampp\htdocs\Kuliah\Back-End\Tugas_Backend\vendor\codeigniter4\framework\system\CodeIgniter.php(802): App\Controllers\Komik->index()
#5 C:\xampp\htdocs\Kuliah\Back-End\Tugas_Backend\vendor\codeigniter4\framework\system\CodeIgniter.php(399): CodeIgniter\CodeIgniter->runController(Object(App\Controllers\Komik))
#6 C:\xampp\htdocs\Kuliah\Back-End\Tugas_Backend\vendor\codeigniter4\framework\system\CodeIgniter.php(317): CodeIgniter\CodeIgniter->handleRequest(NULL, Object(Config\Cache), false)
#7 C:\xampp\htdocs\Kuliah\Back-End\Tugas_Backend\public\index.php(37): CodeIgniter\CodeIgniter->run()
#8 C:\xampp\htdocs\Kuliah\Back-End\Tugas_Backend\vendor\codeigniter4\framework\system\Commands\Server\rewrite.php(43): require_once('C:\\xampp\\htdocs...')
#9 {main}
CRITICAL - 2021-10-24 06:07:49 --> Cannot access offset of type string on string
#0 C:\xampp\htdocs\Kuliah\Back-End\Tugas_Backend\vendor\codeigniter4\framework\system\View\View.php(214): include()
#1 C:\xampp\htdocs\Kuliah\Back-End\Tugas_Backend\vendor\codeigniter4\framework\system\View\View.php(217): CodeIgniter\View\View->CodeIgniter\View\{closure}()
#2 C:\xampp\htdocs\Kuliah\Back-End\Tugas_Backend\vendor\codeigniter4\framework\system\Common.php(1092): CodeIgniter\View\View->render('index', Array, true)
#3 C:\xampp\htdocs\Kuliah\Back-End\Tugas_Backend\app\Controllers\Komik.php(23): view('index', Array)
#4 C:\xampp\htdocs\Kuliah\Back-End\Tugas_Backend\vendor\codeigniter4\framework\system\CodeIgniter.php(802): App\Controllers\Komik->index()
#5 C:\xampp\htdocs\Kuliah\Back-End\Tugas_Backend\vendor\codeigniter4\framework\system\CodeIgniter.php(399): CodeIgniter\CodeIgniter->runController(Object(App\Controllers\Komik))
#6 C:\xampp\htdocs\Kuliah\Back-End\Tugas_Backend\vendor\codeigniter4\framework\system\CodeIgniter.php(317): CodeIgniter\CodeIgniter->handleRequest(NULL, Object(Config\Cache), false)
#7 C:\xampp\htdocs\Kuliah\Back-End\Tugas_Backend\public\index.php(37): CodeIgniter\CodeIgniter->run()
#8 C:\xampp\htdocs\Kuliah\Back-End\Tugas_Backend\vendor\codeigniter4\framework\system\Commands\Server\rewrite.php(43): require_once('C:\\xampp\\htdocs...')
#9 {main}
CRITICAL - 2021-10-24 06:07:50 --> Cannot access offset of type string on string
#0 C:\xampp\htdocs\Kuliah\Back-End\Tugas_Backend\vendor\codeigniter4\framework\system\View\View.php(214): include()
#1 C:\xampp\htdocs\Kuliah\Back-End\Tugas_Backend\vendor\codeigniter4\framework\system\View\View.php(217): CodeIgniter\View\View->CodeIgniter\View\{closure}()
#2 C:\xampp\htdocs\Kuliah\Back-End\Tugas_Backend\vendor\codeigniter4\framework\system\Common.php(1092): CodeIgniter\View\View->render('index', Array, true)
#3 C:\xampp\htdocs\Kuliah\Back-End\Tugas_Backend\app\Controllers\Komik.php(23): view('index', Array)
#4 C:\xampp\htdocs\Kuliah\Back-End\Tugas_Backend\vendor\codeigniter4\framework\system\CodeIgniter.php(802): App\Controllers\Komik->index()
#5 C:\xampp\htdocs\Kuliah\Back-End\Tugas_Backend\vendor\codeigniter4\framework\system\CodeIgniter.php(399): CodeIgniter\CodeIgniter->runController(Object(App\Controllers\Komik))
#6 C:\xampp\htdocs\Kuliah\Back-End\Tugas_Backend\vendor\codeigniter4\framework\system\CodeIgniter.php(317): CodeIgniter\CodeIgniter->handleRequest(NULL, Object(Config\Cache), false)
#7 C:\xampp\htdocs\Kuliah\Back-End\Tugas_Backend\public\index.php(37): CodeIgniter\CodeIgniter->run()
#8 C:\xampp\htdocs\Kuliah\Back-End\Tugas_Backend\vendor\codeigniter4\framework\system\Commands\Server\rewrite.php(43): require_once('C:\\xampp\\htdocs...')
#9 {main}
CRITICAL - 2021-10-24 08:25:11 --> Undefined property: CodeIgniter\View\View::$request
#0 C:\xampp\htdocs\Kuliah\Back-End\Tugas_Backend\app\Views\index.php(38): CodeIgniter\Debug\Exceptions->errorHandler(2, 'Undefined prope...', 'C:\\xampp\\htdocs...', 38)
#1 C:\xampp\htdocs\Kuliah\Back-End\Tugas_Backend\vendor\codeigniter4\framework\system\View\View.php(214): include('C:\\xampp\\htdocs...')
#2 C:\xampp\htdocs\Kuliah\Back-End\Tugas_Backend\vendor\codeigniter4\framework\system\View\View.php(217): CodeIgniter\View\View->CodeIgniter\View\{closure}()
#3 C:\xampp\htdocs\Kuliah\Back-End\Tugas_Backend\vendor\codeigniter4\framework\system\Common.php(1092): CodeIgniter\View\View->render('index', Array, true)
#4 C:\xampp\htdocs\Kuliah\Back-End\Tugas_Backend\app\Controllers\Komik.php(23): view('index', Array)
#5 C:\xampp\htdocs\Kuliah\Back-End\Tugas_Backend\vendor\codeigniter4\framework\system\CodeIgniter.php(802): App\Controllers\Komik->index()
#6 C:\xampp\htdocs\Kuliah\Back-End\Tugas_Backend\vendor\codeigniter4\framework\system\CodeIgniter.php(399): CodeIgniter\CodeIgniter->runController(Object(App\Controllers\Komik))
#7 C:\xampp\htdocs\Kuliah\Back-End\Tugas_Backend\vendor\codeigniter4\framework\system\CodeIgniter.php(317): CodeIgniter\CodeIgniter->handleRequest(NULL, Object(Config\Cache), false)
#8 C:\xampp\htdocs\Kuliah\Back-End\Tugas_Backend\public\index.php(37): CodeIgniter\CodeIgniter->run()
#9 C:\xampp\htdocs\Kuliah\Back-End\Tugas_Backend\vendor\codeigniter4\framework\system\Commands\Server\rewrite.php(43): require_once('C:\\xampp\\htdocs...')
#10 {main}
CRITICAL - 2021-10-24 08:26:45 --> foreach() argument must be of type array|object, null given
#0 C:\xampp\htdocs\Kuliah\Back-End\Tugas_Backend\app\Views\index.php(56): CodeIgniter\Debug\Exceptions->errorHandler(2, 'foreach() argum...', 'C:\\xampp\\htdocs...', 56)
#1 C:\xampp\htdocs\Kuliah\Back-End\Tugas_Backend\vendor\codeigniter4\framework\system\View\View.php(214): include('C:\\xampp\\htdocs...')
#2 C:\xampp\htdocs\Kuliah\Back-End\Tugas_Backend\vendor\codeigniter4\framework\system\View\View.php(217): CodeIgniter\View\View->CodeIgniter\View\{closure}()
#3 C:\xampp\htdocs\Kuliah\Back-End\Tugas_Backend\vendor\codeigniter4\framework\system\Common.php(1092): CodeIgniter\View\View->render('index', Array, true)
#4 C:\xampp\htdocs\Kuliah\Back-End\Tugas_Backend\app\Controllers\Komik.php(23): view('index', Array)
#5 C:\xampp\htdocs\Kuliah\Back-End\Tugas_Backend\vendor\codeigniter4\framework\system\CodeIgniter.php(802): App\Controllers\Komik->index('ta')
#6 C:\xampp\htdocs\Kuliah\Back-End\Tugas_Backend\vendor\codeigniter4\framework\system\CodeIgniter.php(399): CodeIgniter\CodeIgniter->runController(Object(App\Controllers\Komik))
#7 C:\xampp\htdocs\Kuliah\Back-End\Tugas_Backend\vendor\codeigniter4\framework\system\CodeIgniter.php(317): CodeIgniter\CodeIgniter->handleRequest(NULL, Object(Config\Cache), false)
#8 C:\xampp\htdocs\Kuliah\Back-End\Tugas_Backend\public\index.php(37): CodeIgniter\CodeIgniter->run()
#9 C:\xampp\htdocs\Kuliah\Back-End\Tugas_Backend\vendor\codeigniter4\framework\system\Commands\Server\rewrite.php(43): require_once('C:\\xampp\\htdocs...')
#10 {main}
CRITICAL - 2021-10-24 08:27:15 --> foreach() argument must be of type array|object, null given
#0 C:\xampp\htdocs\Kuliah\Back-End\Tugas_Backend\app\Views\index.php(56): CodeIgniter\Debug\Exceptions->errorHandler(2, 'foreach() argum...', 'C:\\xampp\\htdocs...', 56)
#1 C:\xampp\htdocs\Kuliah\Back-End\Tugas_Backend\vendor\codeigniter4\framework\system\View\View.php(214): include('C:\\xampp\\htdocs...')
#2 C:\xampp\htdocs\Kuliah\Back-End\Tugas_Backend\vendor\codeigniter4\framework\system\View\View.php(217): CodeIgniter\View\View->CodeIgniter\View\{closure}()
#3 C:\xampp\htdocs\Kuliah\Back-End\Tugas_Backend\vendor\codeigniter4\framework\system\Common.php(1092): CodeIgniter\View\View->render('index', Array, true)
#4 C:\xampp\htdocs\Kuliah\Back-End\Tugas_Backend\app\Controllers\Komik.php(23): view('index', Array)
#5 C:\xampp\htdocs\Kuliah\Back-End\Tugas_Backend\vendor\codeigniter4\framework\system\CodeIgniter.php(802): App\Controllers\Komik->index('ta')
#6 C:\xampp\htdocs\Kuliah\Back-End\Tugas_Backend\vendor\codeigniter4\framework\system\CodeIgniter.php(399): CodeIgniter\CodeIgniter->runController(Object(App\Controllers\Komik))
#7 C:\xampp\htdocs\Kuliah\Back-End\Tugas_Backend\vendor\codeigniter4\framework\system\CodeIgniter.php(317): CodeIgniter\CodeIgniter->handleRequest(NULL, Object(Config\Cache), false)
#8 C:\xampp\htdocs\Kuliah\Back-End\Tugas_Backend\public\index.php(37): CodeIgniter\CodeIgniter->run()
#9 C:\xampp\htdocs\Kuliah\Back-End\Tugas_Backend\vendor\codeigniter4\framework\system\Commands\Server\rewrite.php(43): require_once('C:\\xampp\\htdocs...')
#10 {main}
CRITICAL - 2021-10-24 08:27:35 --> Trying to access array offset on value of type null
#0 C:\xampp\htdocs\Kuliah\Back-End\Tugas_Backend\app\Views\index.php(60): CodeIgniter\Debug\Exceptions->errorHandler(2, 'Trying to acces...', 'C:\\xampp\\htdocs...', 60)
#1 C:\xampp\htdocs\Kuliah\Back-End\Tugas_Backend\vendor\codeigniter4\framework\system\View\View.php(214): include('C:\\xampp\\htdocs...')
#2 C:\xampp\htdocs\Kuliah\Back-End\Tugas_Backend\vendor\codeigniter4\framework\system\View\View.php(217): CodeIgniter\View\View->CodeIgniter\View\{closure}()
#3 C:\xampp\htdocs\Kuliah\Back-End\Tugas_Backend\vendor\codeigniter4\framework\system\Common.php(1092): CodeIgniter\View\View->render('index', Array, true)
#4 C:\xampp\htdocs\Kuliah\Back-End\Tugas_Backend\app\Controllers\Komik.php(23): view('index', Array)
#5 C:\xampp\htdocs\Kuliah\Back-End\Tugas_Backend\vendor\codeigniter4\framework\system\CodeIgniter.php(802): App\Controllers\Komik->index('ta')
#6 C:\xampp\htdocs\Kuliah\Back-End\Tugas_Backend\vendor\codeigniter4\framework\system\CodeIgniter.php(399): CodeIgniter\CodeIgniter->runController(Object(App\Controllers\Komik))
#7 C:\xampp\htdocs\Kuliah\Back-End\Tugas_Backend\vendor\codeigniter4\framework\system\CodeIgniter.php(317): CodeIgniter\CodeIgniter->handleRequest(NULL, Object(Config\Cache), false)
#8 C:\xampp\htdocs\Kuliah\Back-End\Tugas_Backend\public\index.php(37): CodeIgniter\CodeIgniter->run()
#9 C:\xampp\htdocs\Kuliah\Back-End\Tugas_Backend\vendor\codeigniter4\framework\system\Commands\Server\rewrite.php(43): require_once('C:\\xampp\\htdocs...')
#10 {main}
CRITICAL - 2021-10-24 08:27:46 --> Trying to access array offset on value of type null
#0 C:\xampp\htdocs\Kuliah\Back-End\Tugas_Backend\app\Views\index.php(61): CodeIgniter\Debug\Exceptions->errorHandler(2, 'Trying to acces...', 'C:\\xampp\\htdocs...', 61)
#1 C:\xampp\htdocs\Kuliah\Back-End\Tugas_Backend\vendor\codeigniter4\framework\system\View\View.php(214): include('C:\\xampp\\htdocs...')
#2 C:\xampp\htdocs\Kuliah\Back-End\Tugas_Backend\vendor\codeigniter4\framework\system\View\View.php(217): CodeIgniter\View\View->CodeIgniter\View\{closure}()
#3 C:\xampp\htdocs\Kuliah\Back-End\Tugas_Backend\vendor\codeigniter4\framework\system\Common.php(1092): CodeIgniter\View\View->render('index', Array, true)
#4 C:\xampp\htdocs\Kuliah\Back-End\Tugas_Backend\app\Controllers\Komik.php(23): view('index', Array)
#5 C:\xampp\htdocs\Kuliah\Back-End\Tugas_Backend\vendor\codeigniter4\framework\system\CodeIgniter.php(802): App\Controllers\Komik->index('ta')
#6 C:\xampp\htdocs\Kuliah\Back-End\Tugas_Backend\vendor\codeigniter4\framework\system\CodeIgniter.php(399): CodeIgniter\CodeIgniter->runController(Object(App\Controllers\Komik))
#7 C:\xampp\htdocs\Kuliah\Back-End\Tugas_Backend\vendor\codeigniter4\framework\system\CodeIgniter.php(317): CodeIgniter\CodeIgniter->handleRequest(NULL, Object(Config\Cache), false)
#8 C:\xampp\htdocs\Kuliah\Back-End\Tugas_Backend\public\index.php(37): CodeIgniter\CodeIgniter->run()
#9 C:\xampp\htdocs\Kuliah\Back-End\Tugas_Backend\vendor\codeigniter4\framework\system\Commands\Server\rewrite.php(43): require_once('C:\\xampp\\htdocs...')
#10 {main}
CRITICAL - 2021-10-24 08:28:01 --> Undefined array key "judul_komik"
#0 C:\xampp\htdocs\Kuliah\Back-End\Tugas_Backend\app\Views\index.php(61): CodeIgniter\Debug\Exceptions->errorHandler(2, 'Undefined array...', 'C:\\xampp\\htdocs...', 61)
#1 C:\xampp\htdocs\Kuliah\Back-End\Tugas_Backend\vendor\codeigniter4\framework\system\View\View.php(214): include('C:\\xampp\\htdocs...')
#2 C:\xampp\htdocs\Kuliah\Back-End\Tugas_Backend\vendor\codeigniter4\framework\system\View\View.php(217): CodeIgniter\View\View->CodeIgniter\View\{closure}()
#3 C:\xampp\htdocs\Kuliah\Back-End\Tugas_Backend\vendor\codeigniter4\framework\system\Common.php(1092): CodeIgniter\View\View->render('index', Array, true)
#4 C:\xampp\htdocs\Kuliah\Back-End\Tugas_Backend\app\Controllers\Komik.php(23): view('index', Array)
#5 C:\xampp\htdocs\Kuliah\Back-End\Tugas_Backend\vendor\codeigniter4\framework\system\CodeIgniter.php(802): App\Controllers\Komik->index()
#6 C:\xampp\htdocs\Kuliah\Back-End\Tugas_Backend\vendor\codeigniter4\framework\system\CodeIgniter.php(399): CodeIgniter\CodeIgniter->runController(Object(App\Controllers\Komik))
#7 C:\xampp\htdocs\Kuliah\Back-End\Tugas_Backend\vendor\codeigniter4\framework\system\CodeIgniter.php(317): CodeIgniter\CodeIgniter->handleRequest(NULL, Object(Config\Cache), false)
#8 C:\xampp\htdocs\Kuliah\Back-End\Tugas_Backend\public\index.php(37): CodeIgniter\CodeIgniter->run()
#9 C:\xampp\htdocs\Kuliah\Back-End\Tugas_Backend\vendor\codeigniter4\framework\system\Commands\Server\rewrite.php(43): require_once('C:\\xampp\\htdocs...')
#10 {main}
CRITICAL - 2021-10-24 08:28:03 --> Undefined array key "judul_komik"
#0 C:\xampp\htdocs\Kuliah\Back-End\Tugas_Backend\app\Views\index.php(61): CodeIgniter\Debug\Exceptions->errorHandler(2, 'Undefined array...', 'C:\\xampp\\htdocs...', 61)
#1 C:\xampp\htdocs\Kuliah\Back-End\Tugas_Backend\vendor\codeigniter4\framework\system\View\View.php(214): include('C:\\xampp\\htdocs...')
#2 C:\xampp\htdocs\Kuliah\Back-End\Tugas_Backend\vendor\codeigniter4\framework\system\View\View.php(217): CodeIgniter\View\View->CodeIgniter\View\{closure}()
#3 C:\xampp\htdocs\Kuliah\Back-End\Tugas_Backend\vendor\codeigniter4\framework\system\Common.php(1092): CodeIgniter\View\View->render('index', Array, true)
#4 C:\xampp\htdocs\Kuliah\Back-End\Tugas_Backend\app\Controllers\Komik.php(23): view('index', Array)
#5 C:\xampp\htdocs\Kuliah\Back-End\Tugas_Backend\vendor\codeigniter4\framework\system\CodeIgniter.php(802): App\Controllers\Komik->index()
#6 C:\xampp\htdocs\Kuliah\Back-End\Tugas_Backend\vendor\codeigniter4\framework\system\CodeIgniter.php(399): CodeIgniter\CodeIgniter->runController(Object(App\Controllers\Komik))
#7 C:\xampp\htdocs\Kuliah\Back-End\Tugas_Backend\vendor\codeigniter4\framework\system\CodeIgniter.php(317): CodeIgniter\CodeIgniter->handleRequest(NULL, Object(Config\Cache), false)
#8 C:\xampp\htdocs\Kuliah\Back-End\Tugas_Backend\public\index.php(37): CodeIgniter\CodeIgniter->run()
#9 C:\xampp\htdocs\Kuliah\Back-End\Tugas_Backend\vendor\codeigniter4\framework\system\Commands\Server\rewrite.php(43): require_once('C:\\xampp\\htdocs...')
#10 {main}
CRITICAL - 2021-10-24 08:28:04 --> Undefined array key "judul_komik"
#0 C:\xampp\htdocs\Kuliah\Back-End\Tugas_Backend\app\Views\index.php(61): CodeIgniter\Debug\Exceptions->errorHandler(2, 'Undefined array...', 'C:\\xampp\\htdocs...', 61)
#1 C:\xampp\htdocs\Kuliah\Back-End\Tugas_Backend\vendor\codeigniter4\framework\system\View\View.php(214): include('C:\\xampp\\htdocs...')
#2 C:\xampp\htdocs\Kuliah\Back-End\Tugas_Backend\vendor\codeigniter4\framework\system\View\View.php(217): CodeIgniter\View\View->CodeIgniter\View\{closure}()
#3 C:\xampp\htdocs\Kuliah\Back-End\Tugas_Backend\vendor\codeigniter4\framework\system\Common.php(1092): CodeIgniter\View\View->render('index', Array, true)
#4 C:\xampp\htdocs\Kuliah\Back-End\Tugas_Backend\app\Controllers\Komik.php(23): view('index', Array)
#5 C:\xampp\htdocs\Kuliah\Back-End\Tugas_Backend\vendor\codeigniter4\framework\system\CodeIgniter.php(802): App\Controllers\Komik->index()
#6 C:\xampp\htdocs\Kuliah\Back-End\Tugas_Backend\vendor\codeigniter4\framework\system\CodeIgniter.php(399): CodeIgniter\CodeIgniter->runController(Object(App\Controllers\Komik))
#7 C:\xampp\htdocs\Kuliah\Back-End\Tugas_Backend\vendor\codeigniter4\framework\system\CodeIgniter.php(317): CodeIgniter\CodeIgniter->handleRequest(NULL, Object(Config\Cache), false)
#8 C:\xampp\htdocs\Kuliah\Back-End\Tugas_Backend\public\index.php(37): CodeIgniter\CodeIgniter->run()
#9 C:\xampp\htdocs\Kuliah\Back-End\Tugas_Backend\vendor\codeigniter4\framework\system\Commands\Server\rewrite.php(43): require_once('C:\\xampp\\htdocs...')
#10 {main}
CRITICAL - 2021-10-24 08:39:05 --> Trying to access array offset on value of type null
#0 C:\xampp\htdocs\Kuliah\Back-End\Tugas_Backend\app\Views\detail.php(22): CodeIgniter\Debug\Exceptions->errorHandler(2, 'Trying to acces...', 'C:\\xampp\\htdocs...', 22)
#1 C:\xampp\htdocs\Kuliah\Back-End\Tugas_Backend\vendor\codeigniter4\framework\system\View\View.php(214): include('C:\\xampp\\htdocs...')
#2 C:\xampp\htdocs\Kuliah\Back-End\Tugas_Backend\vendor\codeigniter4\framework\system\View\View.php(217): CodeIgniter\View\View->CodeIgniter\View\{closure}()
#3 C:\xampp\htdocs\Kuliah\Back-End\Tugas_Backend\vendor\codeigniter4\framework\system\Common.php(1092): CodeIgniter\View\View->render('detail', Array, true)
#4 C:\xampp\htdocs\Kuliah\Back-End\Tugas_Backend\app\Controllers\Komik.php(109): view('detail', Array)
#5 C:\xampp\htdocs\Kuliah\Back-End\Tugas_Backend\vendor\codeigniter4\framework\system\CodeIgniter.php(802): App\Controllers\Komik->detail('$i')
#6 C:\xampp\htdocs\Kuliah\Back-End\Tugas_Backend\vendor\codeigniter4\framework\system\CodeIgniter.php(399): CodeIgniter\CodeIgniter->runController(Object(App\Controllers\Komik))
#7 C:\xampp\htdocs\Kuliah\Back-End\Tugas_Backend\vendor\codeigniter4\framework\system\CodeIgniter.php(317): CodeIgniter\CodeIgniter->handleRequest(NULL, Object(Config\Cache), false)
#8 C:\xampp\htdocs\Kuliah\Back-End\Tugas_Backend\public\index.php(37): CodeIgniter\CodeIgniter->run()
#9 C:\xampp\htdocs\Kuliah\Back-End\Tugas_Backend\vendor\codeigniter4\framework\system\Commands\Server\rewrite.php(43): require_once('C:\\xampp\\htdocs...')
#10 {main}
CRITICAL - 2021-10-24 08:54:23 --> Call to undefined function form_open()
#0 C:\xampp\htdocs\Kuliah\Back-End\Tugas_Backend - Copy\vendor\codeigniter4\framework\system\View\View.php(214): include()
#1 C:\xampp\htdocs\Kuliah\Back-End\Tugas_Backend - Copy\vendor\codeigniter4\framework\system\View\View.php(217): CodeIgniter\View\View->CodeIgniter\View\{closure}()
#2 C:\xampp\htdocs\Kuliah\Back-End\Tugas_Backend - Copy\vendor\codeigniter4\framework\system\Common.php(1092): CodeIgniter\View\View->render('tambah', Array, true)
#3 C:\xampp\htdocs\Kuliah\Back-End\Tugas_Backend - Copy\app\Controllers\Komik.php(33): view('tambah', Array)
#4 C:\xampp\htdocs\Kuliah\Back-End\Tugas_Backend - Copy\vendor\codeigniter4\framework\system\CodeIgniter.php(802): App\Controllers\Komik->tambah()
#5 C:\xampp\htdocs\Kuliah\Back-End\Tugas_Backend - Copy\vendor\codeigniter4\framework\system\CodeIgniter.php(399): CodeIgniter\CodeIgniter->runController(Object(App\Controllers\Komik))
#6 C:\xampp\htdocs\Kuliah\Back-End\Tugas_Backend - Copy\vendor\codeigniter4\framework\system\CodeIgniter.php(317): CodeIgniter\CodeIgniter->handleRequest(NULL, Object(Config\Cache), false)
#7 C:\xampp\htdocs\Kuliah\Back-End\Tugas_Backend - Copy\public\index.php(37): CodeIgniter\CodeIgniter->run()
#8 C:\xampp\htdocs\Kuliah\Back-End\Tugas_Backend - Copy\vendor\codeigniter4\framework\system\Commands\Server\rewrite.php(43): require_once('C:\\xampp\\htdocs...')
#9 {main}
CRITICAL - 2021-10-24 08:56:50 --> Call to a member function getRandomName() on null
#0 C:\xampp\htdocs\Kuliah\Back-End\Tugas_Backend - Copy\vendor\codeigniter4\framework\system\CodeIgniter.php(802): App\Controllers\Komik->simpans()
#1 C:\xampp\htdocs\Kuliah\Back-End\Tugas_Backend - Copy\vendor\codeigniter4\framework\system\CodeIgniter.php(399): CodeIgniter\CodeIgniter->runController(Object(App\Controllers\Komik))
#2 C:\xampp\htdocs\Kuliah\Back-End\Tugas_Backend - Copy\vendor\codeigniter4\framework\system\CodeIgniter.php(317): CodeIgniter\CodeIgniter->handleRequest(NULL, Object(Config\Cache), false)
#3 C:\xampp\htdocs\Kuliah\Back-End\Tugas_Backend - Copy\public\index.php(37): CodeIgniter\CodeIgniter->run()
#4 C:\xampp\htdocs\Kuliah\Back-End\Tugas_Backend - Copy\vendor\codeigniter4\framework\system\Commands\Server\rewrite.php(43): require_once('C:\\xampp\\htdocs...')
#5 {main}
CRITICAL - 2021-10-24 09:36:59 --> Call to a member function getRandomName() on null
#0 C:\xampp\htdocs\Kuliah\Back-End\Tugas_Backend - Copy\vendor\codeigniter4\framework\system\CodeIgniter.php(802): App\Controllers\Komik->simpans()
#1 C:\xampp\htdocs\Kuliah\Back-End\Tugas_Backend - Copy\vendor\codeigniter4\framework\system\CodeIgniter.php(399): CodeIgniter\CodeIgniter->runController(Object(App\Controllers\Komik))
#2 C:\xampp\htdocs\Kuliah\Back-End\Tugas_Backend - Copy\vendor\codeigniter4\framework\system\CodeIgniter.php(317): CodeIgniter\CodeIgniter->handleRequest(NULL, Object(Config\Cache), false)
#3 C:\xampp\htdocs\Kuliah\Back-End\Tugas_Backend - Copy\public\index.php(37): CodeIgniter\CodeIgniter->run()
#4 C:\xampp\htdocs\Kuliah\Back-End\Tugas_Backend - Copy\vendor\codeigniter4\framework\system\Commands\Server\rewrite.php(43): require_once('C:\\xampp\\htdocs...')
#5 {main}
CRITICAL - 2021-10-24 09:39:07 --> Call to a member function getRandomName() on null
#0 C:\xampp\htdocs\Kuliah\Back-End\Tugas_Backend - Copy\vendor\codeigniter4\framework\system\CodeIgniter.php(802): App\Controllers\Komik->simpans()
#1 C:\xampp\htdocs\Kuliah\Back-End\Tugas_Backend - Copy\vendor\codeigniter4\framework\system\CodeIgniter.php(399): CodeIgniter\CodeIgniter->runController(Object(App\Controllers\Komik))
#2 C:\xampp\htdocs\Kuliah\Back-End\Tugas_Backend - Copy\vendor\codeigniter4\framework\system\CodeIgniter.php(317): CodeIgniter\CodeIgniter->handleRequest(NULL, Object(Config\Cache), false)
#3 C:\xampp\htdocs\Kuliah\Back-End\Tugas_Backend - Copy\public\index.php(37): CodeIgniter\CodeIgniter->run()
#4 C:\xampp\htdocs\Kuliah\Back-End\Tugas_Backend - Copy\vendor\codeigniter4\framework\system\Commands\Server\rewrite.php(43): require_once('C:\\xampp\\htdocs...')
#5 {main}
CRITICAL - 2021-10-24 09:39:15 --> Call to a member function getRandomName() on null
#0 C:\xampp\htdocs\Kuliah\Back-End\Tugas_Backend - Copy\vendor\codeigniter4\framework\system\CodeIgniter.php(802): App\Controllers\Komik->simpans()
#1 C:\xampp\htdocs\Kuliah\Back-End\Tugas_Backend - Copy\vendor\codeigniter4\framework\system\CodeIgniter.php(399): CodeIgniter\CodeIgniter->runController(Object(App\Controllers\Komik))
#2 C:\xampp\htdocs\Kuliah\Back-End\Tugas_Backend - Copy\vendor\codeigniter4\framework\system\CodeIgniter.php(317): CodeIgniter\CodeIgniter->handleRequest(NULL, Object(Config\Cache), false)
#3 C:\xampp\htdocs\Kuliah\Back-End\Tugas_Backend - Copy\public\index.php(37): CodeIgniter\CodeIgniter->run()
#4 C:\xampp\htdocs\Kuliah\Back-End\Tugas_Backend - Copy\vendor\codeigniter4\framework\system\Commands\Server\rewrite.php(43): require_once('C:\\xampp\\htdocs...')
#5 {main}
CRITICAL - 2021-10-24 09:41:09 --> Call to a member function getRandomName() on null
#0 C:\xampp\htdocs\Kuliah\Back-End\Tugas_Backend - Copy\vendor\codeigniter4\framework\system\CodeIgniter.php(802): App\Controllers\Komik->simpans()
#1 C:\xampp\htdocs\Kuliah\Back-End\Tugas_Backend - Copy\vendor\codeigniter4\framework\system\CodeIgniter.php(399): CodeIgniter\CodeIgniter->runController(Object(App\Controllers\Komik))
#2 C:\xampp\htdocs\Kuliah\Back-End\Tugas_Backend - Copy\vendor\codeigniter4\framework\system\CodeIgniter.php(317): CodeIgniter\CodeIgniter->handleRequest(NULL, Object(Config\Cache), false)
#3 C:\xampp\htdocs\Kuliah\Back-End\Tugas_Backend - Copy\public\index.php(37): CodeIgniter\CodeIgniter->run()
#4 C:\xampp\htdocs\Kuliah\Back-End\Tugas_Backend - Copy\vendor\codeigniter4\framework\system\Commands\Server\rewrite.php(43): require_once('C:\\xampp\\htdocs...')
#5 {main}
CRITICAL - 2021-10-24 09:43:44 --> Call to a member function getRandomName() on null
#0 C:\xampp\htdocs\Kuliah\Back-End\Tugas_Backend - Copy\vendor\codeigniter4\framework\system\CodeIgniter.php(802): App\Controllers\Komik->simpans()
#1 C:\xampp\htdocs\Kuliah\Back-End\Tugas_Backend - Copy\vendor\codeigniter4\framework\system\CodeIgniter.php(399): CodeIgniter\CodeIgniter->runController(Object(App\Controllers\Komik))
#2 C:\xampp\htdocs\Kuliah\Back-End\Tugas_Backend - Copy\vendor\codeigniter4\framework\system\CodeIgniter.php(317): CodeIgniter\CodeIgniter->handleRequest(NULL, Object(Config\Cache), false)
#3 C:\xampp\htdocs\Kuliah\Back-End\Tugas_Backend - Copy\public\index.php(37): CodeIgniter\CodeIgniter->run()
#4 C:\xampp\htdocs\Kuliah\Back-End\Tugas_Backend - Copy\vendor\codeigniter4\framework\system\Commands\Server\rewrite.php(43): require_once('C:\\xampp\\htdocs...')
#5 {main}
CRITICAL - 2021-10-24 09:48:28 --> Too few arguments to function App\Controllers\Komik::ubah(), 0 passed in C:\xampp\htdocs\Kuliah\Back-End\Tugas_Backend - Copy\vendor\codeigniter4\framework\system\CodeIgniter.php on line 802 and exactly 1 expected
#0 C:\xampp\htdocs\Kuliah\Back-End\Tugas_Backend - Copy\vendor\codeigniter4\framework\system\CodeIgniter.php(802): App\Controllers\Komik->ubah()
#1 C:\xampp\htdocs\Kuliah\Back-End\Tugas_Backend - Copy\vendor\codeigniter4\framework\system\CodeIgniter.php(399): CodeIgniter\CodeIgniter->runController(Object(App\Controllers\Komik))
#2 C:\xampp\htdocs\Kuliah\Back-End\Tugas_Backend - Copy\vendor\codeigniter4\framework\system\CodeIgniter.php(317): CodeIgniter\CodeIgniter->handleRequest(NULL, Object(Config\Cache), false)
#3 C:\xampp\htdocs\Kuliah\Back-End\Tugas_Backend - Copy\public\index.php(37): CodeIgniter\CodeIgniter->run()
#4 C:\xampp\htdocs\Kuliah\Back-End\Tugas_Backend - Copy\vendor\codeigniter4\framework\system\Commands\Server\rewrite.php(43): require_once('C:\\xampp\\htdocs...')
#5 {main}
CRITICAL - 2021-10-24 09:49:28 --> Too few arguments to function App\Controllers\Komik::ubah(), 0 passed in C:\xampp\htdocs\Kuliah\Back-End\Tugas_Backend - Copy\vendor\codeigniter4\framework\system\CodeIgniter.php on line 802 and exactly 1 expected
#0 C:\xampp\htdocs\Kuliah\Back-End\Tugas_Backend - Copy\vendor\codeigniter4\framework\system\CodeIgniter.php(802): App\Controllers\Komik->ubah()
#1 C:\xampp\htdocs\Kuliah\Back-End\Tugas_Backend - Copy\vendor\codeigniter4\framework\system\CodeIgniter.php(399): CodeIgniter\CodeIgniter->runController(Object(App\Controllers\Komik))
#2 C:\xampp\htdocs\Kuliah\Back-End\Tugas_Backend - Copy\vendor\codeigniter4\framework\system\CodeIgniter.php(317): CodeIgniter\CodeIgniter->handleRequest(NULL, Object(Config\Cache), false)
#3 C:\xampp\htdocs\Kuliah\Back-End\Tugas_Backend - Copy\public\index.php(37): CodeIgniter\CodeIgniter->run()
#4 C:\xampp\htdocs\Kuliah\Back-End\Tugas_Backend - Copy\vendor\codeigniter4\framework\system\Commands\Server\rewrite.php(43): require_once('C:\\xampp\\htdocs...')
#5 {main}
CRITICAL - 2021-10-24 21:28:41 --> Undefined property: CodeIgniter\View\View::$tabel
#0 C:\xampp\htdocs\Kuliah\Back-End\Tugas_Backend - Copy\app\Views\index.php(55): CodeIgniter\Debug\Exceptions->errorHandler(2, 'Undefined prope...', 'C:\\xampp\\htdocs...', 55)
#1 C:\xampp\htdocs\Kuliah\Back-End\Tugas_Backend - Copy\vendor\codeigniter4\framework\system\View\View.php(214): include('C:\\xampp\\htdocs...')
#2 C:\xampp\htdocs\Kuliah\Back-End\Tugas_Backend - Copy\vendor\codeigniter4\framework\system\View\View.php(217): CodeIgniter\View\View->CodeIgniter\View\{closure}()
#3 C:\xampp\htdocs\Kuliah\Back-End\Tugas_Backend - Copy\vendor\codeigniter4\framework\system\Common.php(1092): CodeIgniter\View\View->render('index', Array, true)
#4 C:\xampp\htdocs\Kuliah\Back-End\Tugas_Backend - Copy\app\Controllers\Komik.php(25): view('index', Array)
#5 C:\xampp\htdocs\Kuliah\Back-End\Tugas_Backend - Copy\vendor\codeigniter4\framework\system\CodeIgniter.php(802): App\Controllers\Komik->index()
#6 C:\xampp\htdocs\Kuliah\Back-End\Tugas_Backend - Copy\vendor\codeigniter4\framework\system\CodeIgniter.php(399): CodeIgniter\CodeIgniter->runController(Object(App\Controllers\Komik))
#7 C:\xampp\htdocs\Kuliah\Back-End\Tugas_Backend - Copy\vendor\codeigniter4\framework\system\CodeIgniter.php(317): CodeIgniter\CodeIgniter->handleRequest(NULL, Object(Config\Cache), false)
#8 C:\xampp\htdocs\Kuliah\Back-End\Tugas_Backend - Copy\public\index.php(37): CodeIgniter\CodeIgniter->run()
#9 C:\xampp\htdocs\Kuliah\Back-End\Tugas_Backend - Copy\vendor\codeigniter4\framework\system\Commands\Server\rewrite.php(43): require_once('C:\\xampp\\htdocs...')
#10 {main}
CRITICAL - 2021-10-24 21:52:58 --> Undefined property: CodeIgniter\View\Table::$heading_row_start
#0 C:\xampp\htdocs\Kuliah\Back-End\Tugas_Backend - Copy\app\Views\index.php(41): CodeIgniter\Debug\Exceptions->errorHandler(2, 'Undefined prope...', 'C:\\xampp\\htdocs...', 41)
#1 C:\xampp\htdocs\Kuliah\Back-End\Tugas_Backend - Copy\vendor\codeigniter4\framework\system\View\View.php(214): include('C:\\xampp\\htdocs...')
#2 C:\xampp\htdocs\Kuliah\Back-End\Tugas_Backend - Copy\vendor\codeigniter4\framework\system\View\View.php(217): CodeIgniter\View\View->CodeIgniter\View\{closure}()
#3 C:\xampp\htdocs\Kuliah\Back-End\Tugas_Backend - Copy\vendor\codeigniter4\framework\system\Common.php(1092): CodeIgniter\View\View->render('index', Array, true)
#4 C:\xampp\htdocs\Kuliah\Back-End\Tugas_Backend - Copy\app\Controllers\Komik.php(25): view('index', Array)
#5 C:\xampp\htdocs\Kuliah\Back-End\Tugas_Backend - Copy\vendor\codeigniter4\framework\system\CodeIgniter.php(802): App\Controllers\Komik->index()
#6 C:\xampp\htdocs\Kuliah\Back-End\Tugas_Backend - Copy\vendor\codeigniter4\framework\system\CodeIgniter.php(399): CodeIgniter\CodeIgniter->runController(Object(App\Controllers\Komik))
#7 C:\xampp\htdocs\Kuliah\Back-End\Tugas_Backend - Copy\vendor\codeigniter4\framework\system\CodeIgniter.php(317): CodeIgniter\CodeIgniter->handleRequest(NULL, Object(Config\Cache), false)
#8 C:\xampp\htdocs\Kuliah\Back-End\Tugas_Backend - Copy\public\index.php(37): CodeIgniter\CodeIgniter->run()
#9 C:\xampp\htdocs\Kuliah\Back-End\Tugas_Backend - Copy\vendor\codeigniter4\framework\system\Commands\Server\rewrite.php(43): require_once('C:\\xampp\\htdocs...')
#10 {main}
CRITICAL - 2021-10-24 22:02:33 --> Undefined variable $table
#0 C:\xampp\htdocs\Kuliah\Back-End\Tugas_Backend - Copy\app\Views\index.php(68): CodeIgniter\Debug\Exceptions->errorHandler(2, 'Undefined varia...', 'C:\\xampp\\htdocs...', 68)
#1 C:\xampp\htdocs\Kuliah\Back-End\Tugas_Backend - Copy\vendor\codeigniter4\framework\system\View\View.php(214): include('C:\\xampp\\htdocs...')
#2 C:\xampp\htdocs\Kuliah\Back-End\Tugas_Backend - Copy\vendor\codeigniter4\framework\system\View\View.php(217): CodeIgniter\View\View->CodeIgniter\View\{closure}()
#3 C:\xampp\htdocs\Kuliah\Back-End\Tugas_Backend - Copy\vendor\codeigniter4\framework\system\Common.php(1092): CodeIgniter\View\View->render('index', Array, true)
#4 C:\xampp\htdocs\Kuliah\Back-End\Tugas_Backend - Copy\app\Controllers\Komik.php(25): view('index', Array)
#5 C:\xampp\htdocs\Kuliah\Back-End\Tugas_Backend - Copy\vendor\codeigniter4\framework\system\CodeIgniter.php(802): App\Controllers\Komik->index()
#6 C:\xampp\htdocs\Kuliah\Back-End\Tugas_Backend - Copy\vendor\codeigniter4\framework\system\CodeIgniter.php(399): CodeIgniter\CodeIgniter->runController(Object(App\Controllers\Komik))
#7 C:\xampp\htdocs\Kuliah\Back-End\Tugas_Backend - Copy\vendor\codeigniter4\framework\system\CodeIgniter.php(317): CodeIgniter\CodeIgniter->handleRequest(NULL, Object(Config\Cache), false)
#8 C:\xampp\htdocs\Kuliah\Back-End\Tugas_Backend - Copy\public\index.php(37): CodeIgniter\CodeIgniter->run()
#9 C:\xampp\htdocs\Kuliah\Back-End\Tugas_Backend - Copy\vendor\codeigniter4\framework\system\Commands\Server\rewrite.php(43): require_once('C:\\xampp\\htdocs...')
#10 {main}
CRITICAL - 2021-10-24 22:08:31 --> Object of class CodeIgniter\View\Table could not be converted to string
#0 C:\xampp\htdocs\Kuliah\Back-End\Tugas_Backend - Copy\vendor\codeigniter4\framework\system\View\View.php(214): include()
#1 C:\xampp\htdocs\Kuliah\Back-End\Tugas_Backend - Copy\vendor\codeigniter4\framework\system\View\View.php(217): CodeIgniter\View\View->CodeIgniter\View\{closure}()
#2 C:\xampp\htdocs\Kuliah\Back-End\Tugas_Backend - Copy\vendor\codeigniter4\framework\system\Common.php(1092): CodeIgniter\View\View->render('index', Array, true)
#3 C:\xampp\htdocs\Kuliah\Back-End\Tugas_Backend - Copy\app\Controllers\Komik.php(25): view('index', Array)
#4 C:\xampp\htdocs\Kuliah\Back-End\Tugas_Backend - Copy\vendor\codeigniter4\framework\system\CodeIgniter.php(802): App\Controllers\Komik->index()
#5 C:\xampp\htdocs\Kuliah\Back-End\Tugas_Backend - Copy\vendor\codeigniter4\framework\system\CodeIgniter.php(399): CodeIgniter\CodeIgniter->runController(Object(App\Controllers\Komik))
#6 C:\xampp\htdocs\Kuliah\Back-End\Tugas_Backend - Copy\vendor\codeigniter4\framework\system\CodeIgniter.php(317): CodeIgniter\CodeIgniter->handleRequest(NULL, Object(Config\Cache), false)
#7 C:\xampp\htdocs\Kuliah\Back-End\Tugas_Backend - Copy\public\index.php(37): CodeIgniter\CodeIgniter->run()
#8 C:\xampp\htdocs\Kuliah\Back-End\Tugas_Backend - Copy\vendor\codeigniter4\framework\system\Commands\Server\rewrite.php(43): require_once('C:\\xampp\\htdocs...')
#9 {main}
CRITICAL - 2021-10-24 22:13:11 --> syntax error, unexpected token "echo"
#0 C:\xampp\htdocs\Kuliah\Back-End\Tugas_Backend - Copy\vendor\codeigniter4\framework\system\View\View.php(217): CodeIgniter\View\View->CodeIgniter\View\{closure}()
#1 C:\xampp\htdocs\Kuliah\Back-End\Tugas_Backend - Copy\vendor\codeigniter4\framework\system\Common.php(1092): CodeIgniter\View\View->render('index', Array, true)
#2 C:\xampp\htdocs\Kuliah\Back-End\Tugas_Backend - Copy\app\Controllers\Komik.php(25): view('index', Array)
#3 C:\xampp\htdocs\Kuliah\Back-End\Tugas_Backend - Copy\vendor\codeigniter4\framework\system\CodeIgniter.php(802): App\Controllers\Komik->index()
#4 C:\xampp\htdocs\Kuliah\Back-End\Tugas_Backend - Copy\vendor\codeigniter4\framework\system\CodeIgniter.php(399): CodeIgniter\CodeIgniter->runController(Object(App\Controllers\Komik))
#5 C:\xampp\htdocs\Kuliah\Back-End\Tugas_Backend - Copy\vendor\codeigniter4\framework\system\CodeIgniter.php(317): CodeIgniter\CodeIgniter->handleRequest(NULL, Object(Config\Cache), false)
#6 C:\xampp\htdocs\Kuliah\Back-End\Tugas_Backend - Copy\public\index.php(37): CodeIgniter\CodeIgniter->run()
#7 C:\xampp\htdocs\Kuliah\Back-End\Tugas_Backend - Copy\vendor\codeigniter4\framework\system\Commands\Server\rewrite.php(43): require_once('C:\\xampp\\htdocs...')
#8 {main}
CRITICAL - 2021-10-24 22:22:04 --> Undefined variable $table
#0 C:\xampp\htdocs\Kuliah\Back-End\Tugas_Backend - Copy\app\Views\index.php(44): CodeIgniter\Debug\Exceptions->errorHandler(2, 'Undefined varia...', 'C:\\xampp\\htdocs...', 44)
#1 C:\xampp\htdocs\Kuliah\Back-End\Tugas_Backend - Copy\vendor\codeigniter4\framework\system\View\View.php(214): include('C:\\xampp\\htdocs...')
#2 C:\xampp\htdocs\Kuliah\Back-End\Tugas_Backend - Copy\vendor\codeigniter4\framework\system\View\View.php(217): CodeIgniter\View\View->CodeIgniter\View\{closure}()
#3 C:\xampp\htdocs\Kuliah\Back-End\Tugas_Backend - Copy\vendor\codeigniter4\framework\system\Common.php(1092): CodeIgniter\View\View->render('index', Array, true)
#4 C:\xampp\htdocs\Kuliah\Back-End\Tugas_Backend - Copy\app\Controllers\Komik.php(25): view('index', Array)
#5 C:\xampp\htdocs\Kuliah\Back-End\Tugas_Backend - Copy\vendor\codeigniter4\framework\system\CodeIgniter.php(802): App\Controllers\Komik->index()
#6 C:\xampp\htdocs\Kuliah\Back-End\Tugas_Backend - Copy\vendor\codeigniter4\framework\system\CodeIgniter.php(399): CodeIgniter\CodeIgniter->runController(Object(App\Controllers\Komik))
#7 C:\xampp\htdocs\Kuliah\Back-End\Tugas_Backend - Copy\vendor\codeigniter4\framework\system\CodeIgniter.php(317): CodeIgniter\CodeIgniter->handleRequest(NULL, Object(Config\Cache), false)
#8 C:\xampp\htdocs\Kuliah\Back-End\Tugas_Backend - Copy\public\index.php(37): CodeIgniter\CodeIgniter->run()
#9 C:\xampp\htdocs\Kuliah\Back-End\Tugas_Backend - Copy\vendor\codeigniter4\framework\system\Commands\Server\rewrite.php(43): require_once('C:\\xampp\\htdocs...')
#10 {main}
CRITICAL - 2021-10-24 22:23:02 --> Object of class CodeIgniter\View\Table could not be converted to string
#0 C:\xampp\htdocs\Kuliah\Back-End\Tugas_Backend - Copy\vendor\codeigniter4\framework\system\View\View.php(214): include()
#1 C:\xampp\htdocs\Kuliah\Back-End\Tugas_Backend - Copy\vendor\codeigniter4\framework\system\View\View.php(217): CodeIgniter\View\View->CodeIgniter\View\{closure}()
#2 C:\xampp\htdocs\Kuliah\Back-End\Tugas_Backend - Copy\vendor\codeigniter4\framework\system\Common.php(1092): CodeIgniter\View\View->render('index', Array, true)
#3 C:\xampp\htdocs\Kuliah\Back-End\Tugas_Backend - Copy\app\Controllers\Komik.php(25): view('index', Array)
#4 C:\xampp\htdocs\Kuliah\Back-End\Tugas_Backend - Copy\vendor\codeigniter4\framework\system\CodeIgniter.php(802): App\Controllers\Komik->index()
#5 C:\xampp\htdocs\Kuliah\Back-End\Tugas_Backend - Copy\vendor\codeigniter4\framework\system\CodeIgniter.php(399): CodeIgniter\CodeIgniter->runController(Object(App\Controllers\Komik))
#6 C:\xampp\htdocs\Kuliah\Back-End\Tugas_Backend - Copy\vendor\codeigniter4\framework\system\CodeIgniter.php(317): CodeIgniter\CodeIgniter->handleRequest(NULL, Object(Config\Cache), false)
#7 C:\xampp\htdocs\Kuliah\Back-End\Tugas_Backend - Copy\public\index.php(37): CodeIgniter\CodeIgniter->run()
#8 C:\xampp\htdocs\Kuliah\Back-End\Tugas_Backend - Copy\vendor\codeigniter4\framework\system\Commands\Server\rewrite.php(43): require_once('C:\\xampp\\htdocs...')
#9 {main}
