CRITICAL - 2021-10-17 12:06:55 --> Undefined variable $tittle
#0 C:\xampp\htdocs\Kuliah\Back-End\Tugas_Backend\app\Views\tambah.php(12): CodeIgniter\Debug\Exceptions->errorHandler(2, 'Undefined varia...', 'C:\\xampp\\htdocs...', 12)
#1 C:\xampp\htdocs\Kuliah\Back-End\Tugas_Backend\vendor\codeigniter4\framework\system\View\View.php(214): include('C:\\xampp\\htdocs...')
#2 C:\xampp\htdocs\Kuliah\Back-End\Tugas_Backend\vendor\codeigniter4\framework\system\View\View.php(217): CodeIgniter\View\View->CodeIgniter\View\{closure}()
#3 C:\xampp\htdocs\Kuliah\Back-End\Tugas_Backend\vendor\codeigniter4\framework\system\Common.php(1092): CodeIgniter\View\View->render('tambah', Array, true)
#4 C:\xampp\htdocs\Kuliah\Back-End\Tugas_Backend\app\Controllers\Komik.php(28): view('tambah')
#5 C:\xampp\htdocs\Kuliah\Back-End\Tugas_Backend\vendor\codeigniter4\framework\system\CodeIgniter.php(802): App\Controllers\Komik->tambah()
#6 C:\xampp\htdocs\Kuliah\Back-End\Tugas_Backend\vendor\codeigniter4\framework\system\CodeIgniter.php(399): CodeIgniter\CodeIgniter->runController(Object(App\Controllers\Komik))
#7 C:\xampp\htdocs\Kuliah\Back-End\Tugas_Backend\vendor\codeigniter4\framework\system\CodeIgniter.php(317): CodeIgniter\CodeIgniter->handleRequest(NULL, Object(Config\Cache), false)
#8 C:\xampp\htdocs\Kuliah\Back-End\Tugas_Backend\public\index.php(37): CodeIgniter\CodeIgniter->run()
#9 C:\xampp\htdocs\Kuliah\Back-End\Tugas_Backend\vendor\codeigniter4\framework\system\Commands\Server\rewrite.php(43): require_once('C:\\xampp\\htdocs...')
#10 {main}
CRITICAL - 2021-10-17 12:32:15 --> Array to string conversion
#0 C:\xampp\htdocs\Kuliah\Back-End\Tugas_Backend\app\Views\tambah.php(27): CodeIgniter\Debug\Exceptions->errorHandler(2, 'Array to string...', 'C:\\xampp\\htdocs...', 27)
#1 C:\xampp\htdocs\Kuliah\Back-End\Tugas_Backend\vendor\codeigniter4\framework\system\View\View.php(214): include('C:\\xampp\\htdocs...')
#2 C:\xampp\htdocs\Kuliah\Back-End\Tugas_Backend\vendor\codeigniter4\framework\system\View\View.php(217): CodeIgniter\View\View->CodeIgniter\View\{closure}()
#3 C:\xampp\htdocs\Kuliah\Back-End\Tugas_Backend\vendor\codeigniter4\framework\system\Common.php(1092): CodeIgniter\View\View->render('tambah', Array, true)
#4 C:\xampp\htdocs\Kuliah\Back-End\Tugas_Backend\app\Controllers\Komik.php(30): view('tambah', Array)
#5 C:\xampp\htdocs\Kuliah\Back-End\Tugas_Backend\vendor\codeigniter4\framework\system\CodeIgniter.php(802): App\Controllers\Komik->tambah()
#6 C:\xampp\htdocs\Kuliah\Back-End\Tugas_Backend\vendor\codeigniter4\framework\system\CodeIgniter.php(399): CodeIgniter\CodeIgniter->runController(Object(App\Controllers\Komik))
#7 C:\xampp\htdocs\Kuliah\Back-End\Tugas_Backend\vendor\codeigniter4\framework\system\CodeIgniter.php(317): CodeIgniter\CodeIgniter->handleRequest(NULL, Object(Config\Cache), false)
#8 C:\xampp\htdocs\Kuliah\Back-End\Tugas_Backend\public\index.php(37): CodeIgniter\CodeIgniter->run()
#9 C:\xampp\htdocs\Kuliah\Back-End\Tugas_Backend\vendor\codeigniter4\framework\system\Commands\Server\rewrite.php(43): require_once('C:\\xampp\\htdocs...')
#10 {main}
CRITICAL - 2021-10-17 12:33:47 --> Array to string conversion
#0 C:\xampp\htdocs\Kuliah\Back-End\Tugas_Backend\app\Views\tambah.php(27): CodeIgniter\Debug\Exceptions->errorHandler(2, 'Array to string...', 'C:\\xampp\\htdocs...', 27)
#1 C:\xampp\htdocs\Kuliah\Back-End\Tugas_Backend\vendor\codeigniter4\framework\system\View\View.php(214): include('C:\\xampp\\htdocs...')
#2 C:\xampp\htdocs\Kuliah\Back-End\Tugas_Backend\vendor\codeigniter4\framework\system\View\View.php(217): CodeIgniter\View\View->CodeIgniter\View\{closure}()
#3 C:\xampp\htdocs\Kuliah\Back-End\Tugas_Backend\vendor\codeigniter4\framework\system\Common.php(1092): CodeIgniter\View\View->render('tambah', Array, true)
#4 C:\xampp\htdocs\Kuliah\Back-End\Tugas_Backend\app\Controllers\Komik.php(30): view('tambah', Array)
#5 C:\xampp\htdocs\Kuliah\Back-End\Tugas_Backend\vendor\codeigniter4\framework\system\CodeIgniter.php(802): App\Controllers\Komik->tambah()
#6 C:\xampp\htdocs\Kuliah\Back-End\Tugas_Backend\vendor\codeigniter4\framework\system\CodeIgniter.php(399): CodeIgniter\CodeIgniter->runController(Object(App\Controllers\Komik))
#7 C:\xampp\htdocs\Kuliah\Back-End\Tugas_Backend\vendor\codeigniter4\framework\system\CodeIgniter.php(317): CodeIgniter\CodeIgniter->handleRequest(NULL, Object(Config\Cache), false)
#8 C:\xampp\htdocs\Kuliah\Back-End\Tugas_Backend\public\index.php(37): CodeIgniter\CodeIgniter->run()
#9 C:\xampp\htdocs\Kuliah\Back-End\Tugas_Backend\vendor\codeigniter4\framework\system\Commands\Server\rewrite.php(43): require_once('C:\\xampp\\htdocs...')
#10 {main}
ERROR - 2021-10-17 12:41:55 --> Unknown column 'updated_at' in 'field list'
CRITICAL - 2021-10-17 12:41:55 --> Unknown column 'updated_at' in 'field list'
#0 C:\xampp\htdocs\Kuliah\Back-End\Tugas_Backend\vendor\codeigniter4\framework\system\Database\MySQLi\Connection.php(280): mysqli->query('INSERT INTO `ko...')
#1 C:\xampp\htdocs\Kuliah\Back-End\Tugas_Backend\vendor\codeigniter4\framework\system\Database\BaseConnection.php(663): CodeIgniter\Database\MySQLi\Connection->execute('INSERT INTO `ko...')
#2 C:\xampp\htdocs\Kuliah\Back-End\Tugas_Backend\vendor\codeigniter4\framework\system\Database\BaseConnection.php(591): CodeIgniter\Database\BaseConnection->simpleQuery('INSERT INTO `ko...')
#3 C:\xampp\htdocs\Kuliah\Back-End\Tugas_Backend\vendor\codeigniter4\framework\system\Database\BaseBuilder.php(1733): CodeIgniter\Database\BaseConnection->query('INSERT INTO `ko...', Array, false)
#4 C:\xampp\htdocs\Kuliah\Back-End\Tugas_Backend\vendor\codeigniter4\framework\system\Model.php(239): CodeIgniter\Database\BaseBuilder->insert()
#5 C:\xampp\htdocs\Kuliah\Back-End\Tugas_Backend\vendor\codeigniter4\framework\system\BaseModel.php(738): CodeIgniter\Model->doInsert(Array)
#6 C:\xampp\htdocs\Kuliah\Back-End\Tugas_Backend\vendor\codeigniter4\framework\system\Model.php(620): CodeIgniter\BaseModel->insert(Array, true)
#7 C:\xampp\htdocs\Kuliah\Back-End\Tugas_Backend\app\Controllers\Komik.php(67): CodeIgniter\Model->insert(Array)
#8 C:\xampp\htdocs\Kuliah\Back-End\Tugas_Backend\vendor\codeigniter4\framework\system\CodeIgniter.php(802): App\Controllers\Komik->simpan()
#9 C:\xampp\htdocs\Kuliah\Back-End\Tugas_Backend\vendor\codeigniter4\framework\system\CodeIgniter.php(399): CodeIgniter\CodeIgniter->runController(Object(App\Controllers\Komik))
#10 C:\xampp\htdocs\Kuliah\Back-End\Tugas_Backend\vendor\codeigniter4\framework\system\CodeIgniter.php(317): CodeIgniter\CodeIgniter->handleRequest(NULL, Object(Config\Cache), false)
#11 C:\xampp\htdocs\Kuliah\Back-End\Tugas_Backend\public\index.php(37): CodeIgniter\CodeIgniter->run()
#12 C:\xampp\htdocs\Kuliah\Back-End\Tugas_Backend\vendor\codeigniter4\framework\system\Commands\Server\rewrite.php(43): require_once('C:\\xampp\\htdocs...')
#13 {main}
ERROR - 2021-10-17 12:42:34 --> Unknown column 'diubah' in 'field list'
CRITICAL - 2021-10-17 12:42:34 --> Unknown column 'diubah' in 'field list'
#0 C:\xampp\htdocs\Kuliah\Back-End\Tugas_Backend\vendor\codeigniter4\framework\system\Database\MySQLi\Connection.php(280): mysqli->query('INSERT INTO `ko...')
#1 C:\xampp\htdocs\Kuliah\Back-End\Tugas_Backend\vendor\codeigniter4\framework\system\Database\BaseConnection.php(663): CodeIgniter\Database\MySQLi\Connection->execute('INSERT INTO `ko...')
#2 C:\xampp\htdocs\Kuliah\Back-End\Tugas_Backend\vendor\codeigniter4\framework\system\Database\BaseConnection.php(591): CodeIgniter\Database\BaseConnection->simpleQuery('INSERT INTO `ko...')
#3 C:\xampp\htdocs\Kuliah\Back-End\Tugas_Backend\vendor\codeigniter4\framework\system\Database\BaseBuilder.php(1733): CodeIgniter\Database\BaseConnection->query('INSERT INTO `ko...', Array, false)
#4 C:\xampp\htdocs\Kuliah\Back-End\Tugas_Backend\vendor\codeigniter4\framework\system\Model.php(239): CodeIgniter\Database\BaseBuilder->insert()
#5 C:\xampp\htdocs\Kuliah\Back-End\Tugas_Backend\vendor\codeigniter4\framework\system\BaseModel.php(738): CodeIgniter\Model->doInsert(Array)
#6 C:\xampp\htdocs\Kuliah\Back-End\Tugas_Backend\vendor\codeigniter4\framework\system\Model.php(620): CodeIgniter\BaseModel->insert(Array, true)
#7 C:\xampp\htdocs\Kuliah\Back-End\Tugas_Backend\app\Controllers\Komik.php(67): CodeIgniter\Model->insert(Array)
#8 C:\xampp\htdocs\Kuliah\Back-End\Tugas_Backend\vendor\codeigniter4\framework\system\CodeIgniter.php(802): App\Controllers\Komik->simpan()
#9 C:\xampp\htdocs\Kuliah\Back-End\Tugas_Backend\vendor\codeigniter4\framework\system\CodeIgniter.php(399): CodeIgniter\CodeIgniter->runController(Object(App\Controllers\Komik))
#10 C:\xampp\htdocs\Kuliah\Back-End\Tugas_Backend\vendor\codeigniter4\framework\system\CodeIgniter.php(317): CodeIgniter\CodeIgniter->handleRequest(NULL, Object(Config\Cache), false)
#11 C:\xampp\htdocs\Kuliah\Back-End\Tugas_Backend\public\index.php(37): CodeIgniter\CodeIgniter->run()
#12 C:\xampp\htdocs\Kuliah\Back-End\Tugas_Backend\vendor\codeigniter4\framework\system\Commands\Server\rewrite.php(43): require_once('C:\\xampp\\htdocs...')
#13 {main}
