ERROR - 2021-12-14 00:32:23 --> Error connecting to the database: No connection could be made because the target machine actively refused it.

CRITICAL - 2021-12-14 00:32:23 --> Unable to connect to the database.
Main connection [MySQLi]: No connection could be made because the target machine actively refused it.

#0 D:\CI4App\vendor\codeigniter4\framework\system\Database\BaseConnection.php(577): CodeIgniter\Database\BaseConnection->initialize()
#1 D:\CI4App\vendor\codeigniter4\framework\system\Database\BaseBuilder.php(1443): CodeIgniter\Database\BaseConnection->query('SELECT *\nFROM `...', Array, false)
#2 D:\CI4App\vendor\myth\auth\src\Models\LoginModel.php(61): CodeIgniter\Database\BaseBuilder->get()
#3 D:\CI4App\vendor\myth\auth\src\Authentication\LocalAuthenticator.php(93): Myth\Auth\Models\LoginModel->getRememberToken('f5e998e4bcde49e...')
#4 D:\CI4App\vendor\myth\auth\src\Filters\LoginFilter.php(45): Myth\Auth\Authentication\LocalAuthenticator->check()
#5 D:\CI4App\vendor\codeigniter4\framework\system\Filters\Filters.php(173): Myth\Auth\Filters\LoginFilter->before(Object(CodeIgniter\HTTP\IncomingRequest), NULL)
#6 D:\CI4App\vendor\codeigniter4\framework\system\CodeIgniter.php(384): CodeIgniter\Filters\Filters->run('/', 'before')
#7 D:\CI4App\vendor\codeigniter4\framework\system\CodeIgniter.php(318): CodeIgniter\CodeIgniter->handleRequest(NULL, Object(Config\Cache), false)
#8 D:\CI4App\public\index.php(37): CodeIgniter\CodeIgniter->run()
#9 D:\CI4App\vendor\codeigniter4\framework\system\Commands\Server\rewrite.php(43): require_once('D:\\CI4App\\publi...')
#10 {main}
CRITICAL - 2021-12-14 00:33:51 --> Undefined index: gambar
#0 D:\CI4App\app\Views\Buku\DetailBuku.php(14): CodeIgniter\Debug\Exceptions->errorHandler(8, 'Undefined index...', 'D:\\CI4App\\app\\V...', 14, Array)
#1 D:\CI4App\vendor\codeigniter4\framework\system\View\View.php(214): include('D:\\CI4App\\app\\V...')
#2 D:\CI4App\vendor\codeigniter4\framework\system\View\View.php(217): CodeIgniter\View\View->CodeIgniter\View\{closure}()
#3 D:\CI4App\vendor\codeigniter4\framework\system\Common.php(1097): CodeIgniter\View\View->render('buku/detailbuku', Array, true)
#4 D:\CI4App\app\Controllers\Buku.php(56): view('buku/detailbuku', Array)
#5 D:\CI4App\vendor\codeigniter4\framework\system\CodeIgniter.php(824): App\Controllers\Buku->detail('61')
#6 D:\CI4App\vendor\codeigniter4\framework\system\CodeIgniter.php(410): CodeIgniter\CodeIgniter->runController(Object(App\Controllers\Buku))
#7 D:\CI4App\vendor\codeigniter4\framework\system\CodeIgniter.php(318): CodeIgniter\CodeIgniter->handleRequest(NULL, Object(Config\Cache), false)
#8 D:\CI4App\public\index.php(37): CodeIgniter\CodeIgniter->run()
#9 D:\CI4App\vendor\codeigniter4\framework\system\Commands\Server\rewrite.php(43): require_once('D:\\CI4App\\publi...')
#10 {main}
CRITICAL - 2021-12-14 00:40:05 --> Undefined index: id_buku
#0 D:\CI4App\app\Views\Buku\UbahBuku.php(8): CodeIgniter\Debug\Exceptions->errorHandler(8, 'Undefined index...', 'D:\\CI4App\\app\\V...', 8, Array)
#1 D:\CI4App\vendor\codeigniter4\framework\system\View\View.php(214): include('D:\\CI4App\\app\\V...')
#2 D:\CI4App\vendor\codeigniter4\framework\system\View\View.php(217): CodeIgniter\View\View->CodeIgniter\View\{closure}()
#3 D:\CI4App\vendor\codeigniter4\framework\system\Common.php(1097): CodeIgniter\View\View->render('buku/ubahbuku', Array, true)
#4 D:\CI4App\app\Controllers\Buku.php(159): view('buku/ubahbuku', Array)
#5 D:\CI4App\vendor\codeigniter4\framework\system\CodeIgniter.php(824): App\Controllers\Buku->ubah('habis-gelap-ter...')
#6 D:\CI4App\vendor\codeigniter4\framework\system\CodeIgniter.php(410): CodeIgniter\CodeIgniter->runController(Object(App\Controllers\Buku))
#7 D:\CI4App\vendor\codeigniter4\framework\system\CodeIgniter.php(318): CodeIgniter\CodeIgniter->handleRequest(NULL, Object(Config\Cache), false)
#8 D:\CI4App\public\index.php(37): CodeIgniter\CodeIgniter->run()
#9 D:\CI4App\vendor\codeigniter4\framework\system\Commands\Server\rewrite.php(43): require_once('D:\\CI4App\\publi...')
#10 {main}
CRITICAL - 2021-12-14 00:41:41 --> Undefined index: id_buku
#0 D:\CI4App\app\Views\Buku\UbahBuku.php(8): CodeIgniter\Debug\Exceptions->errorHandler(8, 'Undefined index...', 'D:\\CI4App\\app\\V...', 8, Array)
#1 D:\CI4App\vendor\codeigniter4\framework\system\View\View.php(214): include('D:\\CI4App\\app\\V...')
#2 D:\CI4App\vendor\codeigniter4\framework\system\View\View.php(217): CodeIgniter\View\View->CodeIgniter\View\{closure}()
#3 D:\CI4App\vendor\codeigniter4\framework\system\Common.php(1097): CodeIgniter\View\View->render('buku/ubahbuku', Array, true)
#4 D:\CI4App\app\Controllers\Buku.php(159): view('buku/ubahbuku', Array)
#5 D:\CI4App\vendor\codeigniter4\framework\system\CodeIgniter.php(824): App\Controllers\Buku->ubah('sfsafsa')
#6 D:\CI4App\vendor\codeigniter4\framework\system\CodeIgniter.php(410): CodeIgniter\CodeIgniter->runController(Object(App\Controllers\Buku))
#7 D:\CI4App\vendor\codeigniter4\framework\system\CodeIgniter.php(318): CodeIgniter\CodeIgniter->handleRequest(NULL, Object(Config\Cache), false)
#8 D:\CI4App\public\index.php(37): CodeIgniter\CodeIgniter->run()
#9 D:\CI4App\vendor\codeigniter4\framework\system\Commands\Server\rewrite.php(43): require_once('D:\\CI4App\\publi...')
#10 {main}
CRITICAL - 2021-12-14 01:06:56 --> Undefined index: id_buku
#0 D:\CI4App\app\Views\Buku\UbahBuku.php(8): CodeIgniter\Debug\Exceptions->errorHandler(8, 'Undefined index...', 'D:\\CI4App\\app\\V...', 8, Array)
#1 D:\CI4App\vendor\codeigniter4\framework\system\View\View.php(214): include('D:\\CI4App\\app\\V...')
#2 D:\CI4App\vendor\codeigniter4\framework\system\View\View.php(217): CodeIgniter\View\View->CodeIgniter\View\{closure}()
#3 D:\CI4App\vendor\codeigniter4\framework\system\Common.php(1097): CodeIgniter\View\View->render('buku/ubahbuku', Array, true)
#4 D:\CI4App\app\Controllers\Buku.php(159): view('buku/ubahbuku', Array)
#5 D:\CI4App\vendor\codeigniter4\framework\system\CodeIgniter.php(824): App\Controllers\Buku->ubah('milea-suara-dar...')
#6 D:\CI4App\vendor\codeigniter4\framework\system\CodeIgniter.php(410): CodeIgniter\CodeIgniter->runController(Object(App\Controllers\Buku))
#7 D:\CI4App\vendor\codeigniter4\framework\system\CodeIgniter.php(318): CodeIgniter\CodeIgniter->handleRequest(NULL, Object(Config\Cache), false)
#8 D:\CI4App\public\index.php(37): CodeIgniter\CodeIgniter->run()
#9 D:\CI4App\vendor\codeigniter4\framework\system\Commands\Server\rewrite.php(43): require_once('D:\\CI4App\\publi...')
#10 {main}
CRITICAL - 2021-12-14 01:07:57 --> Undefined index: id_buku
#0 D:\CI4App\app\Views\Buku\UbahBuku.php(8): CodeIgniter\Debug\Exceptions->errorHandler(8, 'Undefined index...', 'D:\\CI4App\\app\\V...', 8, Array)
#1 D:\CI4App\vendor\codeigniter4\framework\system\View\View.php(214): include('D:\\CI4App\\app\\V...')
#2 D:\CI4App\vendor\codeigniter4\framework\system\View\View.php(217): CodeIgniter\View\View->CodeIgniter\View\{closure}()
#3 D:\CI4App\vendor\codeigniter4\framework\system\Common.php(1097): CodeIgniter\View\View->render('buku/ubahbuku', Array, true)
#4 D:\CI4App\app\Controllers\Buku.php(159): view('buku/ubahbuku', Array)
#5 D:\CI4App\vendor\codeigniter4\framework\system\CodeIgniter.php(824): App\Controllers\Buku->ubah('37')
#6 D:\CI4App\vendor\codeigniter4\framework\system\CodeIgniter.php(410): CodeIgniter\CodeIgniter->runController(Object(App\Controllers\Buku))
#7 D:\CI4App\vendor\codeigniter4\framework\system\CodeIgniter.php(318): CodeIgniter\CodeIgniter->handleRequest(NULL, Object(Config\Cache), false)
#8 D:\CI4App\public\index.php(37): CodeIgniter\CodeIgniter->run()
#9 D:\CI4App\vendor\codeigniter4\framework\system\Commands\Server\rewrite.php(43): require_once('D:\\CI4App\\publi...')
#10 {main}
CRITICAL - 2021-12-14 01:08:36 --> Undefined index: id_buku
#0 D:\CI4App\app\Views\Buku\UbahBuku.php(8): CodeIgniter\Debug\Exceptions->errorHandler(8, 'Undefined index...', 'D:\\CI4App\\app\\V...', 8, Array)
#1 D:\CI4App\vendor\codeigniter4\framework\system\View\View.php(214): include('D:\\CI4App\\app\\V...')
#2 D:\CI4App\vendor\codeigniter4\framework\system\View\View.php(217): CodeIgniter\View\View->CodeIgniter\View\{closure}()
#3 D:\CI4App\vendor\codeigniter4\framework\system\Common.php(1097): CodeIgniter\View\View->render('buku/ubahbuku', Array, true)
#4 D:\CI4App\app\Controllers\Buku.php(159): view('buku/ubahbuku', Array)
#5 D:\CI4App\vendor\codeigniter4\framework\system\CodeIgniter.php(824): App\Controllers\Buku->ubah('37')
#6 D:\CI4App\vendor\codeigniter4\framework\system\CodeIgniter.php(410): CodeIgniter\CodeIgniter->runController(Object(App\Controllers\Buku))
#7 D:\CI4App\vendor\codeigniter4\framework\system\CodeIgniter.php(318): CodeIgniter\CodeIgniter->handleRequest(NULL, Object(Config\Cache), false)
#8 D:\CI4App\public\index.php(37): CodeIgniter\CodeIgniter->run()
#9 D:\CI4App\vendor\codeigniter4\framework\system\Commands\Server\rewrite.php(43): require_once('D:\\CI4App\\publi...')
#10 {main}
CRITICAL - 2021-12-14 01:08:37 --> Undefined index: id_buku
#0 D:\CI4App\app\Views\Buku\UbahBuku.php(8): CodeIgniter\Debug\Exceptions->errorHandler(8, 'Undefined index...', 'D:\\CI4App\\app\\V...', 8, Array)
#1 D:\CI4App\vendor\codeigniter4\framework\system\View\View.php(214): include('D:\\CI4App\\app\\V...')
#2 D:\CI4App\vendor\codeigniter4\framework\system\View\View.php(217): CodeIgniter\View\View->CodeIgniter\View\{closure}()
#3 D:\CI4App\vendor\codeigniter4\framework\system\Common.php(1097): CodeIgniter\View\View->render('buku/ubahbuku', Array, true)
#4 D:\CI4App\app\Controllers\Buku.php(159): view('buku/ubahbuku', Array)
#5 D:\CI4App\vendor\codeigniter4\framework\system\CodeIgniter.php(824): App\Controllers\Buku->ubah('37')
#6 D:\CI4App\vendor\codeigniter4\framework\system\CodeIgniter.php(410): CodeIgniter\CodeIgniter->runController(Object(App\Controllers\Buku))
#7 D:\CI4App\vendor\codeigniter4\framework\system\CodeIgniter.php(318): CodeIgniter\CodeIgniter->handleRequest(NULL, Object(Config\Cache), false)
#8 D:\CI4App\public\index.php(37): CodeIgniter\CodeIgniter->run()
#9 D:\CI4App\vendor\codeigniter4\framework\system\Commands\Server\rewrite.php(43): require_once('D:\\CI4App\\publi...')
#10 {main}
CRITICAL - 2021-12-14 01:19:18 --> Undefined index: id_buku
#0 D:\CI4App\app\Views\Buku\UbahBuku.php(8): CodeIgniter\Debug\Exceptions->errorHandler(8, 'Undefined index...', 'D:\\CI4App\\app\\V...', 8, Array)
#1 D:\CI4App\vendor\codeigniter4\framework\system\View\View.php(214): include('D:\\CI4App\\app\\V...')
#2 D:\CI4App\vendor\codeigniter4\framework\system\View\View.php(217): CodeIgniter\View\View->CodeIgniter\View\{closure}()
#3 D:\CI4App\vendor\codeigniter4\framework\system\Common.php(1097): CodeIgniter\View\View->render('buku/ubahbuku', Array, true)
#4 D:\CI4App\app\Controllers\Buku.php(159): view('buku/ubahbuku', Array)
#5 D:\CI4App\vendor\codeigniter4\framework\system\CodeIgniter.php(824): App\Controllers\Buku->ubah('sang-pemimpi')
#6 D:\CI4App\vendor\codeigniter4\framework\system\CodeIgniter.php(410): CodeIgniter\CodeIgniter->runController(Object(App\Controllers\Buku))
#7 D:\CI4App\vendor\codeigniter4\framework\system\CodeIgniter.php(318): CodeIgniter\CodeIgniter->handleRequest(NULL, Object(Config\Cache), false)
#8 D:\CI4App\public\index.php(37): CodeIgniter\CodeIgniter->run()
#9 D:\CI4App\vendor\codeigniter4\framework\system\Commands\Server\rewrite.php(43): require_once('D:\\CI4App\\publi...')
#10 {main}
CRITICAL - 2021-12-14 01:21:13 --> Trying to access array offset on value of type null
#0 D:\CI4App\app\Views\Buku\UbahBuku.php(8): CodeIgniter\Debug\Exceptions->errorHandler(8, 'Trying to acces...', 'D:\\CI4App\\app\\V...', 8, Array)
#1 D:\CI4App\vendor\codeigniter4\framework\system\View\View.php(214): include('D:\\CI4App\\app\\V...')
#2 D:\CI4App\vendor\codeigniter4\framework\system\View\View.php(217): CodeIgniter\View\View->CodeIgniter\View\{closure}()
#3 D:\CI4App\vendor\codeigniter4\framework\system\Common.php(1097): CodeIgniter\View\View->render('buku/ubahbuku', Array, true)
#4 D:\CI4App\app\Controllers\Buku.php(159): view('buku/ubahbuku', Array)
#5 D:\CI4App\vendor\codeigniter4\framework\system\CodeIgniter.php(824): App\Controllers\Buku->ubah('sang-pemimpi')
#6 D:\CI4App\vendor\codeigniter4\framework\system\CodeIgniter.php(410): CodeIgniter\CodeIgniter->runController(Object(App\Controllers\Buku))
#7 D:\CI4App\vendor\codeigniter4\framework\system\CodeIgniter.php(318): CodeIgniter\CodeIgniter->handleRequest(NULL, Object(Config\Cache), false)
#8 D:\CI4App\public\index.php(37): CodeIgniter\CodeIgniter->run()
#9 D:\CI4App\vendor\codeigniter4\framework\system\Commands\Server\rewrite.php(43): require_once('D:\\CI4App\\publi...')
#10 {main}
CRITICAL - 2021-12-14 01:21:20 --> Trying to access array offset on value of type null
#0 D:\CI4App\app\Views\Buku\UbahBuku.php(8): CodeIgniter\Debug\Exceptions->errorHandler(8, 'Trying to acces...', 'D:\\CI4App\\app\\V...', 8, Array)
#1 D:\CI4App\vendor\codeigniter4\framework\system\View\View.php(214): include('D:\\CI4App\\app\\V...')
#2 D:\CI4App\vendor\codeigniter4\framework\system\View\View.php(217): CodeIgniter\View\View->CodeIgniter\View\{closure}()
#3 D:\CI4App\vendor\codeigniter4\framework\system\Common.php(1097): CodeIgniter\View\View->render('buku/ubahbuku', Array, true)
#4 D:\CI4App\app\Controllers\Buku.php(159): view('buku/ubahbuku', Array)
#5 D:\CI4App\vendor\codeigniter4\framework\system\CodeIgniter.php(824): App\Controllers\Buku->ubah('sang-pemimpi')
#6 D:\CI4App\vendor\codeigniter4\framework\system\CodeIgniter.php(410): CodeIgniter\CodeIgniter->runController(Object(App\Controllers\Buku))
#7 D:\CI4App\vendor\codeigniter4\framework\system\CodeIgniter.php(318): CodeIgniter\CodeIgniter->handleRequest(NULL, Object(Config\Cache), false)
#8 D:\CI4App\public\index.php(37): CodeIgniter\CodeIgniter->run()
#9 D:\CI4App\vendor\codeigniter4\framework\system\Commands\Server\rewrite.php(43): require_once('D:\\CI4App\\publi...')
#10 {main}
CRITICAL - 2021-12-14 01:24:35 --> Undefined index: id_buku
#0 D:\CI4App\app\Views\Buku\UbahBuku.php(8): CodeIgniter\Debug\Exceptions->errorHandler(8, 'Undefined index...', 'D:\\CI4App\\app\\V...', 8, Array)
#1 D:\CI4App\vendor\codeigniter4\framework\system\View\View.php(214): include('D:\\CI4App\\app\\V...')
#2 D:\CI4App\vendor\codeigniter4\framework\system\View\View.php(217): CodeIgniter\View\View->CodeIgniter\View\{closure}()
#3 D:\CI4App\vendor\codeigniter4\framework\system\Common.php(1097): CodeIgniter\View\View->render('buku/ubahbuku', Array, true)
#4 D:\CI4App\app\Controllers\Buku.php(160): view('buku/ubahbuku', Array)
#5 D:\CI4App\vendor\codeigniter4\framework\system\CodeIgniter.php(824): App\Controllers\Buku->ubah('sang-pemimpi')
#6 D:\CI4App\vendor\codeigniter4\framework\system\CodeIgniter.php(410): CodeIgniter\CodeIgniter->runController(Object(App\Controllers\Buku))
#7 D:\CI4App\vendor\codeigniter4\framework\system\CodeIgniter.php(318): CodeIgniter\CodeIgniter->handleRequest(NULL, Object(Config\Cache), false)
#8 D:\CI4App\public\index.php(37): CodeIgniter\CodeIgniter->run()
#9 D:\CI4App\vendor\codeigniter4\framework\system\Commands\Server\rewrite.php(43): require_once('D:\\CI4App\\publi...')
#10 {main}
CRITICAL - 2021-12-14 01:24:43 --> Undefined index: id_buku
#0 D:\CI4App\app\Views\Buku\UbahBuku.php(8): CodeIgniter\Debug\Exceptions->errorHandler(8, 'Undefined index...', 'D:\\CI4App\\app\\V...', 8, Array)
#1 D:\CI4App\vendor\codeigniter4\framework\system\View\View.php(214): include('D:\\CI4App\\app\\V...')
#2 D:\CI4App\vendor\codeigniter4\framework\system\View\View.php(217): CodeIgniter\View\View->CodeIgniter\View\{closure}()
#3 D:\CI4App\vendor\codeigniter4\framework\system\Common.php(1097): CodeIgniter\View\View->render('buku/ubahbuku', Array, true)
#4 D:\CI4App\app\Controllers\Buku.php(160): view('buku/ubahbuku', Array)
#5 D:\CI4App\vendor\codeigniter4\framework\system\CodeIgniter.php(824): App\Controllers\Buku->ubah('habis-gelap-ter...')
#6 D:\CI4App\vendor\codeigniter4\framework\system\CodeIgniter.php(410): CodeIgniter\CodeIgniter->runController(Object(App\Controllers\Buku))
#7 D:\CI4App\vendor\codeigniter4\framework\system\CodeIgniter.php(318): CodeIgniter\CodeIgniter->handleRequest(NULL, Object(Config\Cache), false)
#8 D:\CI4App\public\index.php(37): CodeIgniter\CodeIgniter->run()
#9 D:\CI4App\vendor\codeigniter4\framework\system\Commands\Server\rewrite.php(43): require_once('D:\\CI4App\\publi...')
#10 {main}
CRITICAL - 2021-12-14 01:26:53 --> Trying to access array offset on value of type null
#0 D:\CI4App\app\Controllers\Buku.php(48): CodeIgniter\Debug\Exceptions->errorHandler(8, 'Trying to acces...', 'D:\\CI4App\\app\\C...', 48, Array)
#1 D:\CI4App\vendor\codeigniter4\framework\system\CodeIgniter.php(824): App\Controllers\Buku->detail('35')
#2 D:\CI4App\vendor\codeigniter4\framework\system\CodeIgniter.php(410): CodeIgniter\CodeIgniter->runController(Object(App\Controllers\Buku))
#3 D:\CI4App\vendor\codeigniter4\framework\system\CodeIgniter.php(318): CodeIgniter\CodeIgniter->handleRequest(NULL, Object(Config\Cache), false)
#4 D:\CI4App\public\index.php(37): CodeIgniter\CodeIgniter->run()
#5 D:\CI4App\vendor\codeigniter4\framework\system\Commands\Server\rewrite.php(43): require_once('D:\\CI4App\\publi...')
#6 {main}
CRITICAL - 2021-12-14 01:28:04 --> Undefined index: nama_kategori
#0 D:\CI4App\app\Views\Buku\DetailBuku.php(21): CodeIgniter\Debug\Exceptions->errorHandler(8, 'Undefined index...', 'D:\\CI4App\\app\\V...', 21, Array)
#1 D:\CI4App\vendor\codeigniter4\framework\system\View\View.php(214): include('D:\\CI4App\\app\\V...')
#2 D:\CI4App\vendor\codeigniter4\framework\system\View\View.php(217): CodeIgniter\View\View->CodeIgniter\View\{closure}()
#3 D:\CI4App\vendor\codeigniter4\framework\system\Common.php(1097): CodeIgniter\View\View->render('buku/detailbuku', Array, true)
#4 D:\CI4App\app\Controllers\Buku.php(59): view('buku/detailbuku', Array)
#5 D:\CI4App\vendor\codeigniter4\framework\system\CodeIgniter.php(824): App\Controllers\Buku->detail('habis-gelap-ter...')
#6 D:\CI4App\vendor\codeigniter4\framework\system\CodeIgniter.php(410): CodeIgniter\CodeIgniter->runController(Object(App\Controllers\Buku))
#7 D:\CI4App\vendor\codeigniter4\framework\system\CodeIgniter.php(318): CodeIgniter\CodeIgniter->handleRequest(NULL, Object(Config\Cache), false)
#8 D:\CI4App\public\index.php(37): CodeIgniter\CodeIgniter->run()
#9 D:\CI4App\vendor\codeigniter4\framework\system\Commands\Server\rewrite.php(43): require_once('D:\\CI4App\\publi...')
#10 {main}
CRITICAL - 2021-12-14 01:28:16 --> Undefined index: nama_kategori
#0 D:\CI4App\app\Views\Buku\DetailBuku.php(21): CodeIgniter\Debug\Exceptions->errorHandler(8, 'Undefined index...', 'D:\\CI4App\\app\\V...', 21, Array)
#1 D:\CI4App\vendor\codeigniter4\framework\system\View\View.php(214): include('D:\\CI4App\\app\\V...')
#2 D:\CI4App\vendor\codeigniter4\framework\system\View\View.php(217): CodeIgniter\View\View->CodeIgniter\View\{closure}()
#3 D:\CI4App\vendor\codeigniter4\framework\system\Common.php(1097): CodeIgniter\View\View->render('buku/detailbuku', Array, true)
#4 D:\CI4App\app\Controllers\Buku.php(59): view('buku/detailbuku', Array)
#5 D:\CI4App\vendor\codeigniter4\framework\system\CodeIgniter.php(824): App\Controllers\Buku->detail('habis-gelap-ter...')
#6 D:\CI4App\vendor\codeigniter4\framework\system\CodeIgniter.php(410): CodeIgniter\CodeIgniter->runController(Object(App\Controllers\Buku))
#7 D:\CI4App\vendor\codeigniter4\framework\system\CodeIgniter.php(318): CodeIgniter\CodeIgniter->handleRequest(NULL, Object(Config\Cache), false)
#8 D:\CI4App\public\index.php(37): CodeIgniter\CodeIgniter->run()
#9 D:\CI4App\vendor\codeigniter4\framework\system\Commands\Server\rewrite.php(43): require_once('D:\\CI4App\\publi...')
#10 {main}
CRITICAL - 2021-12-14 01:28:21 --> Undefined index: nama_kategori
#0 D:\CI4App\app\Views\Buku\DetailBuku.php(21): CodeIgniter\Debug\Exceptions->errorHandler(8, 'Undefined index...', 'D:\\CI4App\\app\\V...', 21, Array)
#1 D:\CI4App\vendor\codeigniter4\framework\system\View\View.php(214): include('D:\\CI4App\\app\\V...')
#2 D:\CI4App\vendor\codeigniter4\framework\system\View\View.php(217): CodeIgniter\View\View->CodeIgniter\View\{closure}()
#3 D:\CI4App\vendor\codeigniter4\framework\system\Common.php(1097): CodeIgniter\View\View->render('buku/detailbuku', Array, true)
#4 D:\CI4App\app\Controllers\Buku.php(59): view('buku/detailbuku', Array)
#5 D:\CI4App\vendor\codeigniter4\framework\system\CodeIgniter.php(824): App\Controllers\Buku->detail('habis-gelap-ter...')
#6 D:\CI4App\vendor\codeigniter4\framework\system\CodeIgniter.php(410): CodeIgniter\CodeIgniter->runController(Object(App\Controllers\Buku))
#7 D:\CI4App\vendor\codeigniter4\framework\system\CodeIgniter.php(318): CodeIgniter\CodeIgniter->handleRequest(NULL, Object(Config\Cache), false)
#8 D:\CI4App\public\index.php(37): CodeIgniter\CodeIgniter->run()
#9 D:\CI4App\vendor\codeigniter4\framework\system\Commands\Server\rewrite.php(43): require_once('D:\\CI4App\\publi...')
#10 {main}
CRITICAL - 2021-12-14 01:28:43 --> Undefined index: nama_kategori
#0 D:\CI4App\app\Views\Buku\DetailBuku.php(21): CodeIgniter\Debug\Exceptions->errorHandler(8, 'Undefined index...', 'D:\\CI4App\\app\\V...', 21, Array)
#1 D:\CI4App\vendor\codeigniter4\framework\system\View\View.php(214): include('D:\\CI4App\\app\\V...')
#2 D:\CI4App\vendor\codeigniter4\framework\system\View\View.php(217): CodeIgniter\View\View->CodeIgniter\View\{closure}()
#3 D:\CI4App\vendor\codeigniter4\framework\system\Common.php(1097): CodeIgniter\View\View->render('buku/detailbuku', Array, true)
#4 D:\CI4App\app\Controllers\Buku.php(59): view('buku/detailbuku', Array)
#5 D:\CI4App\vendor\codeigniter4\framework\system\CodeIgniter.php(824): App\Controllers\Buku->detail('habis-gelap-ter...')
#6 D:\CI4App\vendor\codeigniter4\framework\system\CodeIgniter.php(410): CodeIgniter\CodeIgniter->runController(Object(App\Controllers\Buku))
#7 D:\CI4App\vendor\codeigniter4\framework\system\CodeIgniter.php(318): CodeIgniter\CodeIgniter->handleRequest(NULL, Object(Config\Cache), false)
#8 D:\CI4App\public\index.php(37): CodeIgniter\CodeIgniter->run()
#9 D:\CI4App\vendor\codeigniter4\framework\system\Commands\Server\rewrite.php(43): require_once('D:\\CI4App\\publi...')
#10 {main}
CRITICAL - 2021-12-14 01:37:00 --> Undefined index: id_buku
#0 D:\CI4App\app\Views\Buku\UbahBuku.php(8): CodeIgniter\Debug\Exceptions->errorHandler(8, 'Undefined index...', 'D:\\CI4App\\app\\V...', 8, Array)
#1 D:\CI4App\vendor\codeigniter4\framework\system\View\View.php(214): include('D:\\CI4App\\app\\V...')
#2 D:\CI4App\vendor\codeigniter4\framework\system\View\View.php(217): CodeIgniter\View\View->CodeIgniter\View\{closure}()
#3 D:\CI4App\vendor\codeigniter4\framework\system\Common.php(1097): CodeIgniter\View\View->render('buku/ubahbuku', Array, true)
#4 D:\CI4App\app\Controllers\Buku.php(163): view('buku/ubahbuku', Array)
#5 D:\CI4App\vendor\codeigniter4\framework\system\CodeIgniter.php(824): App\Controllers\Buku->ubah('habis-gelap-ter...')
#6 D:\CI4App\vendor\codeigniter4\framework\system\CodeIgniter.php(410): CodeIgniter\CodeIgniter->runController(Object(App\Controllers\Buku))
#7 D:\CI4App\vendor\codeigniter4\framework\system\CodeIgniter.php(318): CodeIgniter\CodeIgniter->handleRequest(NULL, Object(Config\Cache), false)
#8 D:\CI4App\public\index.php(37): CodeIgniter\CodeIgniter->run()
#9 D:\CI4App\vendor\codeigniter4\framework\system\Commands\Server\rewrite.php(43): require_once('D:\\CI4App\\publi...')
#10 {main}
CRITICAL - 2021-12-14 01:40:10 --> Undefined variable: judul
#0 D:\CI4App\app\Views\Buku\UbahBuku.php(7): CodeIgniter\Debug\Exceptions->errorHandler(8, 'Undefined varia...', 'D:\\CI4App\\app\\V...', 7, Array)
#1 D:\CI4App\vendor\codeigniter4\framework\system\View\View.php(214): include('D:\\CI4App\\app\\V...')
#2 D:\CI4App\vendor\codeigniter4\framework\system\View\View.php(217): CodeIgniter\View\View->CodeIgniter\View\{closure}()
#3 D:\CI4App\vendor\codeigniter4\framework\system\Common.php(1097): CodeIgniter\View\View->render('buku/ubahbuku', Array, true)
#4 D:\CI4App\app\Controllers\Buku.php(170): view('buku/ubahbuku', Array)
#5 D:\CI4App\vendor\codeigniter4\framework\system\CodeIgniter.php(824): App\Controllers\Buku->ubah('35')
#6 D:\CI4App\vendor\codeigniter4\framework\system\CodeIgniter.php(410): CodeIgniter\CodeIgniter->runController(Object(App\Controllers\Buku))
#7 D:\CI4App\vendor\codeigniter4\framework\system\CodeIgniter.php(318): CodeIgniter\CodeIgniter->handleRequest(NULL, Object(Config\Cache), false)
#8 D:\CI4App\public\index.php(37): CodeIgniter\CodeIgniter->run()
#9 D:\CI4App\vendor\codeigniter4\framework\system\Commands\Server\rewrite.php(43): require_once('D:\\CI4App\\publi...')
#10 {main}
CRITICAL - 2021-12-14 01:40:59 --> Undefined variable: validation
#0 D:\CI4App\app\Views\Buku\UbahBuku.php(15): CodeIgniter\Debug\Exceptions->errorHandler(8, 'Undefined varia...', 'D:\\CI4App\\app\\V...', 15, Array)
#1 D:\CI4App\vendor\codeigniter4\framework\system\View\View.php(214): include('D:\\CI4App\\app\\V...')
#2 D:\CI4App\vendor\codeigniter4\framework\system\View\View.php(217): CodeIgniter\View\View->CodeIgniter\View\{closure}()
#3 D:\CI4App\vendor\codeigniter4\framework\system\Common.php(1097): CodeIgniter\View\View->render('buku/ubahbuku', Array, true)
#4 D:\CI4App\app\Controllers\Buku.php(172): view('buku/ubahbuku', Array)
#5 D:\CI4App\vendor\codeigniter4\framework\system\CodeIgniter.php(824): App\Controllers\Buku->ubah('35')
#6 D:\CI4App\vendor\codeigniter4\framework\system\CodeIgniter.php(410): CodeIgniter\CodeIgniter->runController(Object(App\Controllers\Buku))
#7 D:\CI4App\vendor\codeigniter4\framework\system\CodeIgniter.php(318): CodeIgniter\CodeIgniter->handleRequest(NULL, Object(Config\Cache), false)
#8 D:\CI4App\public\index.php(37): CodeIgniter\CodeIgniter->run()
#9 D:\CI4App\vendor\codeigniter4\framework\system\Commands\Server\rewrite.php(43): require_once('D:\\CI4App\\publi...')
#10 {main}
CRITICAL - 2021-12-14 01:41:33 --> Undefined index: judul
#0 D:\CI4App\app\Controllers\Buku.php(179): CodeIgniter\Debug\Exceptions->errorHandler(8, 'Undefined index...', 'D:\\CI4App\\app\\C...', 179, Array)
#1 D:\CI4App\vendor\codeigniter4\framework\system\CodeIgniter.php(824): App\Controllers\Buku->update('35')
#2 D:\CI4App\vendor\codeigniter4\framework\system\CodeIgniter.php(410): CodeIgniter\CodeIgniter->runController(Object(App\Controllers\Buku))
#3 D:\CI4App\vendor\codeigniter4\framework\system\CodeIgniter.php(318): CodeIgniter\CodeIgniter->handleRequest(NULL, Object(Config\Cache), false)
#4 D:\CI4App\public\index.php(37): CodeIgniter\CodeIgniter->run()
#5 D:\CI4App\vendor\codeigniter4\framework\system\Commands\Server\rewrite.php(43): require_once('D:\\CI4App\\publi...')
#6 {main}
CRITICAL - 2021-12-14 01:56:35 --> Undefined index: judul
#0 D:\CI4App\app\Controllers\Buku.php(179): CodeIgniter\Debug\Exceptions->errorHandler(8, 'Undefined index...', 'D:\\CI4App\\app\\C...', 179, Array)
#1 D:\CI4App\vendor\codeigniter4\framework\system\CodeIgniter.php(824): App\Controllers\Buku->update('35')
#2 D:\CI4App\vendor\codeigniter4\framework\system\CodeIgniter.php(410): CodeIgniter\CodeIgniter->runController(Object(App\Controllers\Buku))
#3 D:\CI4App\vendor\codeigniter4\framework\system\CodeIgniter.php(318): CodeIgniter\CodeIgniter->handleRequest(NULL, Object(Config\Cache), false)
#4 D:\CI4App\public\index.php(37): CodeIgniter\CodeIgniter->run()
#5 D:\CI4App\vendor\codeigniter4\framework\system\Commands\Server\rewrite.php(43): require_once('D:\\CI4App\\publi...')
#6 {main}
CRITICAL - 2021-12-14 01:58:04 --> Undefined index: judul
#0 D:\CI4App\app\Controllers\Buku.php(179): CodeIgniter\Debug\Exceptions->errorHandler(8, 'Undefined index...', 'D:\\CI4App\\app\\C...', 179, Array)
#1 D:\CI4App\vendor\codeigniter4\framework\system\CodeIgniter.php(824): App\Controllers\Buku->update('35')
#2 D:\CI4App\vendor\codeigniter4\framework\system\CodeIgniter.php(410): CodeIgniter\CodeIgniter->runController(Object(App\Controllers\Buku))
#3 D:\CI4App\vendor\codeigniter4\framework\system\CodeIgniter.php(318): CodeIgniter\CodeIgniter->handleRequest(NULL, Object(Config\Cache), false)
#4 D:\CI4App\public\index.php(37): CodeIgniter\CodeIgniter->run()
#5 D:\CI4App\vendor\codeigniter4\framework\system\Commands\Server\rewrite.php(43): require_once('D:\\CI4App\\publi...')
#6 {main}
CRITICAL - 2021-12-14 01:59:21 --> Trying to access array offset on value of type null
#0 D:\CI4App\app\Views\Buku\UbahBuku.php(8): CodeIgniter\Debug\Exceptions->errorHandler(8, 'Trying to acces...', 'D:\\CI4App\\app\\V...', 8, Array)
#1 D:\CI4App\vendor\codeigniter4\framework\system\View\View.php(214): include('D:\\CI4App\\app\\V...')
#2 D:\CI4App\vendor\codeigniter4\framework\system\View\View.php(217): CodeIgniter\View\View->CodeIgniter\View\{closure}()
#3 D:\CI4App\vendor\codeigniter4\framework\system\Common.php(1097): CodeIgniter\View\View->render('buku/ubahbuku', Array, true)
#4 D:\CI4App\app\Controllers\Buku.php(173): view('buku/ubahbuku', Array)
#5 D:\CI4App\vendor\codeigniter4\framework\system\CodeIgniter.php(824): App\Controllers\Buku->ubah('habis-gelap-ter...')
#6 D:\CI4App\vendor\codeigniter4\framework\system\CodeIgniter.php(410): CodeIgniter\CodeIgniter->runController(Object(App\Controllers\Buku))
#7 D:\CI4App\vendor\codeigniter4\framework\system\CodeIgniter.php(318): CodeIgniter\CodeIgniter->handleRequest(NULL, Object(Config\Cache), false)
#8 D:\CI4App\public\index.php(37): CodeIgniter\CodeIgniter->run()
#9 D:\CI4App\vendor\codeigniter4\framework\system\Commands\Server\rewrite.php(43): require_once('D:\\CI4App\\publi...')
#10 {main}
CRITICAL - 2021-12-14 02:01:12 --> Undefined index: id_buku
#0 D:\CI4App\app\Views\Buku\UbahBuku.php(8): CodeIgniter\Debug\Exceptions->errorHandler(8, 'Undefined index...', 'D:\\CI4App\\app\\V...', 8, Array)
#1 D:\CI4App\vendor\codeigniter4\framework\system\View\View.php(214): include('D:\\CI4App\\app\\V...')
#2 D:\CI4App\vendor\codeigniter4\framework\system\View\View.php(217): CodeIgniter\View\View->CodeIgniter\View\{closure}()
#3 D:\CI4App\vendor\codeigniter4\framework\system\Common.php(1097): CodeIgniter\View\View->render('buku/ubahbuku', Array, true)
#4 D:\CI4App\app\Controllers\Buku.php(173): view('buku/ubahbuku', Array)
#5 D:\CI4App\vendor\codeigniter4\framework\system\CodeIgniter.php(824): App\Controllers\Buku->ubah('habis-gelap-ter...')
#6 D:\CI4App\vendor\codeigniter4\framework\system\CodeIgniter.php(410): CodeIgniter\CodeIgniter->runController(Object(App\Controllers\Buku))
#7 D:\CI4App\vendor\codeigniter4\framework\system\CodeIgniter.php(318): CodeIgniter\CodeIgniter->handleRequest(NULL, Object(Config\Cache), false)
#8 D:\CI4App\public\index.php(37): CodeIgniter\CodeIgniter->run()
#9 D:\CI4App\vendor\codeigniter4\framework\system\Commands\Server\rewrite.php(43): require_once('D:\\CI4App\\publi...')
#10 {main}
CRITICAL - 2021-12-14 03:12:15 --> Undefined index: nama_kategori
#0 D:\CI4App\app\Views\Buku\DetailBuku.php(21): CodeIgniter\Debug\Exceptions->errorHandler(8, 'Undefined index...', 'D:\\CI4App\\app\\V...', 21, Array)
#1 D:\CI4App\vendor\codeigniter4\framework\system\View\View.php(214): include('D:\\CI4App\\app\\V...')
#2 D:\CI4App\vendor\codeigniter4\framework\system\View\View.php(217): CodeIgniter\View\View->CodeIgniter\View\{closure}()
#3 D:\CI4App\vendor\codeigniter4\framework\system\Common.php(1097): CodeIgniter\View\View->render('buku/detailbuku', Array, true)
#4 D:\CI4App\app\Controllers\Buku.php(59): view('buku/detailbuku', Array)
#5 D:\CI4App\vendor\codeigniter4\framework\system\CodeIgniter.php(824): App\Controllers\Buku->detail('habis-gelap-ter...')
#6 D:\CI4App\vendor\codeigniter4\framework\system\CodeIgniter.php(410): CodeIgniter\CodeIgniter->runController(Object(App\Controllers\Buku))
#7 D:\CI4App\vendor\codeigniter4\framework\system\CodeIgniter.php(318): CodeIgniter\CodeIgniter->handleRequest(NULL, Object(Config\Cache), false)
#8 D:\CI4App\public\index.php(37): CodeIgniter\CodeIgniter->run()
#9 D:\CI4App\vendor\codeigniter4\framework\system\Commands\Server\rewrite.php(43): require_once('D:\\CI4App\\publi...')
#10 {main}
ERROR - 2021-12-14 08:55:48 --> [ERROR] 6 : Could not resolve host: api.pwnedpasswords.com D:\CI4App\vendor\myth\auth\src\Exceptions\AuthException.php:55
CRITICAL - 2021-12-14 08:55:48 --> 6 : Could not resolve host: api.pwnedpasswords.com
#0 D:\CI4App\vendor\myth\auth\src\Authentication\Passwords\PwnedValidator.php(67): Myth\Auth\Exceptions\AuthException::forHIBPCurlFail(Object(CodeIgniter\HTTP\Exceptions\HTTPException))
#1 D:\CI4App\vendor\myth\auth\src\Authentication\Passwords\PasswordValidator.php(55): Myth\Auth\Authentication\Passwords\PwnedValidator->check('ybsh57552', Object(Myth\Auth\Entities\User))
#2 D:\CI4App\vendor\myth\auth\src\Authentication\Passwords\ValidationRules.php(45): Myth\Auth\Authentication\Passwords\PasswordValidator->check('ybsh57552', Object(Myth\Auth\Entities\User))
#3 D:\CI4App\vendor\codeigniter4\framework\system\Validation\Validation.php(277): Myth\Auth\Authentication\Passwords\ValidationRules->strong_password('ybsh57552', NULL)
#4 D:\CI4App\vendor\codeigniter4\framework\system\Validation\Validation.php(151): CodeIgniter\Validation\Validation->processRules('password', 'password', 'ybsh57552', Array, Array)
#5 D:\CI4App\vendor\codeigniter4\framework\system\Controller.php(160): CodeIgniter\Validation\Validation->run()
#6 D:\CI4App\vendor\myth\auth\src\Controllers\AuthController.php(172): CodeIgniter\Controller->validate(Array)
#7 D:\CI4App\vendor\codeigniter4\framework\system\CodeIgniter.php(824): Myth\Auth\Controllers\AuthController->attemptRegister()
#8 D:\CI4App\vendor\codeigniter4\framework\system\CodeIgniter.php(410): CodeIgniter\CodeIgniter->runController(Object(Myth\Auth\Controllers\AuthController))
#9 D:\CI4App\vendor\codeigniter4\framework\system\CodeIgniter.php(318): CodeIgniter\CodeIgniter->handleRequest(NULL, Object(Config\Cache), false)
#10 D:\CI4App\public\index.php(37): CodeIgniter\CodeIgniter->run()
#11 D:\CI4App\vendor\codeigniter4\framework\system\Commands\Server\rewrite.php(43): require_once('D:\\CI4App\\publi...')
#12 {main}
ERROR - 2021-12-14 08:56:54 --> [ERROR] 35 : OpenSSL SSL_connect: Connection was reset in connection to api.pwnedpasswords.com:443  D:\CI4App\vendor\myth\auth\src\Exceptions\AuthException.php:55
CRITICAL - 2021-12-14 08:56:54 --> 35 : OpenSSL SSL_connect: Connection was reset in connection to api.pwnedpasswords.com:443 
#0 D:\CI4App\vendor\myth\auth\src\Authentication\Passwords\PwnedValidator.php(67): Myth\Auth\Exceptions\AuthException::forHIBPCurlFail(Object(CodeIgniter\HTTP\Exceptions\HTTPException))
#1 D:\CI4App\vendor\myth\auth\src\Authentication\Passwords\PasswordValidator.php(55): Myth\Auth\Authentication\Passwords\PwnedValidator->check('ybsh57552', Object(Myth\Auth\Entities\User))
#2 D:\CI4App\vendor\myth\auth\src\Authentication\Passwords\ValidationRules.php(45): Myth\Auth\Authentication\Passwords\PasswordValidator->check('ybsh57552', Object(Myth\Auth\Entities\User))
#3 D:\CI4App\vendor\codeigniter4\framework\system\Validation\Validation.php(277): Myth\Auth\Authentication\Passwords\ValidationRules->strong_password('ybsh57552', NULL)
#4 D:\CI4App\vendor\codeigniter4\framework\system\Validation\Validation.php(151): CodeIgniter\Validation\Validation->processRules('password', 'password', 'ybsh57552', Array, Array)
#5 D:\CI4App\vendor\codeigniter4\framework\system\Controller.php(160): CodeIgniter\Validation\Validation->run()
#6 D:\CI4App\vendor\myth\auth\src\Controllers\AuthController.php(172): CodeIgniter\Controller->validate(Array)
#7 D:\CI4App\vendor\codeigniter4\framework\system\CodeIgniter.php(824): Myth\Auth\Controllers\AuthController->attemptRegister()
#8 D:\CI4App\vendor\codeigniter4\framework\system\CodeIgniter.php(410): CodeIgniter\CodeIgniter->runController(Object(Myth\Auth\Controllers\AuthController))
#9 D:\CI4App\vendor\codeigniter4\framework\system\CodeIgniter.php(318): CodeIgniter\CodeIgniter->handleRequest(NULL, Object(Config\Cache), false)
#10 D:\CI4App\public\index.php(37): CodeIgniter\CodeIgniter->run()
#11 D:\CI4App\vendor\codeigniter4\framework\system\Commands\Server\rewrite.php(43): require_once('D:\\CI4App\\publi...')
#12 {main}
ERROR - 2021-12-14 09:39:29 --> [ERROR] 6 : Could not resolve host: api.pwnedpasswords.com D:\CI4App\vendor\myth\auth\src\Exceptions\AuthException.php:55
CRITICAL - 2021-12-14 09:39:29 --> 6 : Could not resolve host: api.pwnedpasswords.com
#0 D:\CI4App\vendor\myth\auth\src\Authentication\Passwords\PwnedValidator.php(67): Myth\Auth\Exceptions\AuthException::forHIBPCurlFail(Object(CodeIgniter\HTTP\Exceptions\HTTPException))
#1 D:\CI4App\vendor\myth\auth\src\Authentication\Passwords\PasswordValidator.php(55): Myth\Auth\Authentication\Passwords\PwnedValidator->check('ybsh57552', Object(Myth\Auth\Entities\User))
#2 D:\CI4App\vendor\myth\auth\src\Authentication\Passwords\ValidationRules.php(45): Myth\Auth\Authentication\Passwords\PasswordValidator->check('ybsh57552', Object(Myth\Auth\Entities\User))
#3 D:\CI4App\vendor\codeigniter4\framework\system\Validation\Validation.php(277): Myth\Auth\Authentication\Passwords\ValidationRules->strong_password('ybsh57552', NULL)
#4 D:\CI4App\vendor\codeigniter4\framework\system\Validation\Validation.php(151): CodeIgniter\Validation\Validation->processRules('password', 'password', 'ybsh57552', Array, Array)
#5 D:\CI4App\vendor\codeigniter4\framework\system\Controller.php(160): CodeIgniter\Validation\Validation->run()
#6 D:\CI4App\vendor\myth\auth\src\Controllers\AuthController.php(172): CodeIgniter\Controller->validate(Array)
#7 D:\CI4App\vendor\codeigniter4\framework\system\CodeIgniter.php(824): Myth\Auth\Controllers\AuthController->attemptRegister()
#8 D:\CI4App\vendor\codeigniter4\framework\system\CodeIgniter.php(410): CodeIgniter\CodeIgniter->runController(Object(Myth\Auth\Controllers\AuthController))
#9 D:\CI4App\vendor\codeigniter4\framework\system\CodeIgniter.php(318): CodeIgniter\CodeIgniter->handleRequest(NULL, Object(Config\Cache), false)
#10 D:\CI4App\public\index.php(37): CodeIgniter\CodeIgniter->run()
#11 D:\CI4App\vendor\codeigniter4\framework\system\Commands\Server\rewrite.php(43): require_once('D:\\CI4App\\publi...')
#12 {main}
