CRITICAL - 2021-11-07 08:46:01 --> Undefined property: App\Controllers\Komik::$ModelGenre
#0 C:\xampp\htdocs\Kuliah\Back-End\Tugas_Backend - Copy\app\Controllers\Komik.php(37): CodeIgniter\Debug\Exceptions->errorHandler(2, 'Undefined prope...', 'C:\\xampp\\htdocs...', 37)
#1 C:\xampp\htdocs\Kuliah\Back-End\Tugas_Backend - Copy\vendor\codeigniter4\framework\system\CodeIgniter.php(802): App\Controllers\Komik->tambah()
#2 C:\xampp\htdocs\Kuliah\Back-End\Tugas_Backend - Copy\vendor\codeigniter4\framework\system\CodeIgniter.php(399): CodeIgniter\CodeIgniter->runController(Object(App\Controllers\Komik))
#3 C:\xampp\htdocs\Kuliah\Back-End\Tugas_Backend - Copy\vendor\codeigniter4\framework\system\CodeIgniter.php(317): CodeIgniter\CodeIgniter->handleRequest(NULL, Object(Config\Cache), false)
#4 C:\xampp\htdocs\Kuliah\Back-End\Tugas_Backend - Copy\public\index.php(37): CodeIgniter\CodeIgniter->run()
#5 C:\xampp\htdocs\Kuliah\Back-End\Tugas_Backend - Copy\vendor\codeigniter4\framework\system\Commands\Server\rewrite.php(43): require_once('C:\\xampp\\htdocs...')
#6 {main}
ERROR - 2021-11-07 08:48:48 --> Cannot add or update a child row: a foreign key constraint fails (`backend`.`komik`, CONSTRAINT `komik_ibfk_1` FOREIGN KEY (`genre`) REFERENCES `genre` (`id_genre`) ON DELETE CASCADE ON UPDATE CASCADE)
CRITICAL - 2021-11-07 08:48:48 --> Cannot add or update a child row: a foreign key constraint fails (`backend`.`komik`, CONSTRAINT `komik_ibfk_1` FOREIGN KEY (`genre`) REFERENCES `genre` (`id_genre`) ON DELETE CASCADE ON UPDATE CASCADE)
#0 C:\xampp\htdocs\Kuliah\Back-End\Tugas_Backend - Copy\vendor\codeigniter4\framework\system\Database\MySQLi\Connection.php(280): mysqli->query('INSERT INTO `ko...')
#1 C:\xampp\htdocs\Kuliah\Back-End\Tugas_Backend - Copy\vendor\codeigniter4\framework\system\Database\BaseConnection.php(663): CodeIgniter\Database\MySQLi\Connection->execute('INSERT INTO `ko...')
#2 C:\xampp\htdocs\Kuliah\Back-End\Tugas_Backend - Copy\vendor\codeigniter4\framework\system\Database\BaseConnection.php(591): CodeIgniter\Database\BaseConnection->simpleQuery('INSERT INTO `ko...')
#3 C:\xampp\htdocs\Kuliah\Back-End\Tugas_Backend - Copy\vendor\codeigniter4\framework\system\Database\BaseBuilder.php(1733): CodeIgniter\Database\BaseConnection->query('INSERT INTO `ko...', Array, false)
#4 C:\xampp\htdocs\Kuliah\Back-End\Tugas_Backend - Copy\vendor\codeigniter4\framework\system\Model.php(239): CodeIgniter\Database\BaseBuilder->insert()
#5 C:\xampp\htdocs\Kuliah\Back-End\Tugas_Backend - Copy\vendor\codeigniter4\framework\system\BaseModel.php(738): CodeIgniter\Model->doInsert(Array)
#6 C:\xampp\htdocs\Kuliah\Back-End\Tugas_Backend - Copy\vendor\codeigniter4\framework\system\Model.php(620): CodeIgniter\BaseModel->insert(Array, true)
#7 C:\xampp\htdocs\Kuliah\Back-End\Tugas_Backend - Copy\app\Controllers\Komik.php(82): CodeIgniter\Model->insert(Array)
#8 C:\xampp\htdocs\Kuliah\Back-End\Tugas_Backend - Copy\vendor\codeigniter4\framework\system\CodeIgniter.php(802): App\Controllers\Komik->simpans()
#9 C:\xampp\htdocs\Kuliah\Back-End\Tugas_Backend - Copy\vendor\codeigniter4\framework\system\CodeIgniter.php(399): CodeIgniter\CodeIgniter->runController(Object(App\Controllers\Komik))
#10 C:\xampp\htdocs\Kuliah\Back-End\Tugas_Backend - Copy\vendor\codeigniter4\framework\system\CodeIgniter.php(317): CodeIgniter\CodeIgniter->handleRequest(NULL, Object(Config\Cache), false)
#11 C:\xampp\htdocs\Kuliah\Back-End\Tugas_Backend - Copy\public\index.php(37): CodeIgniter\CodeIgniter->run()
#12 C:\xampp\htdocs\Kuliah\Back-End\Tugas_Backend - Copy\vendor\codeigniter4\framework\system\Commands\Server\rewrite.php(43): require_once('C:\\xampp\\htdocs...')
#13 {main}
ERROR - 2021-11-07 08:50:55 --> Cannot add or update a child row: a foreign key constraint fails (`backend`.`komik`, CONSTRAINT `komik_ibfk_1` FOREIGN KEY (`genre`) REFERENCES `genre` (`id_genre`) ON DELETE CASCADE ON UPDATE CASCADE)
CRITICAL - 2021-11-07 08:50:55 --> Cannot add or update a child row: a foreign key constraint fails (`backend`.`komik`, CONSTRAINT `komik_ibfk_1` FOREIGN KEY (`genre`) REFERENCES `genre` (`id_genre`) ON DELETE CASCADE ON UPDATE CASCADE)
#0 C:\xampp\htdocs\Kuliah\Back-End\Tugas_Backend - Copy\vendor\codeigniter4\framework\system\Database\MySQLi\Connection.php(280): mysqli->query('INSERT INTO `ko...')
#1 C:\xampp\htdocs\Kuliah\Back-End\Tugas_Backend - Copy\vendor\codeigniter4\framework\system\Database\BaseConnection.php(663): CodeIgniter\Database\MySQLi\Connection->execute('INSERT INTO `ko...')
#2 C:\xampp\htdocs\Kuliah\Back-End\Tugas_Backend - Copy\vendor\codeigniter4\framework\system\Database\BaseConnection.php(591): CodeIgniter\Database\BaseConnection->simpleQuery('INSERT INTO `ko...')
#3 C:\xampp\htdocs\Kuliah\Back-End\Tugas_Backend - Copy\vendor\codeigniter4\framework\system\Database\BaseBuilder.php(1733): CodeIgniter\Database\BaseConnection->query('INSERT INTO `ko...', Array, false)
#4 C:\xampp\htdocs\Kuliah\Back-End\Tugas_Backend - Copy\vendor\codeigniter4\framework\system\Model.php(239): CodeIgniter\Database\BaseBuilder->insert()
#5 C:\xampp\htdocs\Kuliah\Back-End\Tugas_Backend - Copy\vendor\codeigniter4\framework\system\BaseModel.php(738): CodeIgniter\Model->doInsert(Array)
#6 C:\xampp\htdocs\Kuliah\Back-End\Tugas_Backend - Copy\vendor\codeigniter4\framework\system\Model.php(620): CodeIgniter\BaseModel->insert(Array, true)
#7 C:\xampp\htdocs\Kuliah\Back-End\Tugas_Backend - Copy\app\Controllers\Komik.php(82): CodeIgniter\Model->insert(Array)
#8 C:\xampp\htdocs\Kuliah\Back-End\Tugas_Backend - Copy\vendor\codeigniter4\framework\system\CodeIgniter.php(802): App\Controllers\Komik->simpans()
#9 C:\xampp\htdocs\Kuliah\Back-End\Tugas_Backend - Copy\vendor\codeigniter4\framework\system\CodeIgniter.php(399): CodeIgniter\CodeIgniter->runController(Object(App\Controllers\Komik))
#10 C:\xampp\htdocs\Kuliah\Back-End\Tugas_Backend - Copy\vendor\codeigniter4\framework\system\CodeIgniter.php(317): CodeIgniter\CodeIgniter->handleRequest(NULL, Object(Config\Cache), false)
#11 C:\xampp\htdocs\Kuliah\Back-End\Tugas_Backend - Copy\public\index.php(37): CodeIgniter\CodeIgniter->run()
#12 C:\xampp\htdocs\Kuliah\Back-End\Tugas_Backend - Copy\vendor\codeigniter4\framework\system\Commands\Server\rewrite.php(43): require_once('C:\\xampp\\htdocs...')
#13 {main}
ERROR - 2021-11-07 08:53:48 --> Cannot add or update a child row: a foreign key constraint fails (`backend`.`komik`, CONSTRAINT `komik_ibfk_1` FOREIGN KEY (`genre`) REFERENCES `genre` (`id_genre`) ON DELETE CASCADE ON UPDATE CASCADE)
CRITICAL - 2021-11-07 08:53:48 --> Cannot add or update a child row: a foreign key constraint fails (`backend`.`komik`, CONSTRAINT `komik_ibfk_1` FOREIGN KEY (`genre`) REFERENCES `genre` (`id_genre`) ON DELETE CASCADE ON UPDATE CASCADE)
#0 C:\xampp\htdocs\Kuliah\Back-End\Tugas_Backend - Copy\vendor\codeigniter4\framework\system\Database\MySQLi\Connection.php(280): mysqli->query('INSERT INTO `ko...')
#1 C:\xampp\htdocs\Kuliah\Back-End\Tugas_Backend - Copy\vendor\codeigniter4\framework\system\Database\BaseConnection.php(663): CodeIgniter\Database\MySQLi\Connection->execute('INSERT INTO `ko...')
#2 C:\xampp\htdocs\Kuliah\Back-End\Tugas_Backend - Copy\vendor\codeigniter4\framework\system\Database\BaseConnection.php(591): CodeIgniter\Database\BaseConnection->simpleQuery('INSERT INTO `ko...')
#3 C:\xampp\htdocs\Kuliah\Back-End\Tugas_Backend - Copy\vendor\codeigniter4\framework\system\Database\BaseBuilder.php(1733): CodeIgniter\Database\BaseConnection->query('INSERT INTO `ko...', Array, false)
#4 C:\xampp\htdocs\Kuliah\Back-End\Tugas_Backend - Copy\vendor\codeigniter4\framework\system\Model.php(239): CodeIgniter\Database\BaseBuilder->insert()
#5 C:\xampp\htdocs\Kuliah\Back-End\Tugas_Backend - Copy\vendor\codeigniter4\framework\system\BaseModel.php(738): CodeIgniter\Model->doInsert(Array)
#6 C:\xampp\htdocs\Kuliah\Back-End\Tugas_Backend - Copy\vendor\codeigniter4\framework\system\Model.php(620): CodeIgniter\BaseModel->insert(Array, true)
#7 C:\xampp\htdocs\Kuliah\Back-End\Tugas_Backend - Copy\app\Controllers\Komik.php(82): CodeIgniter\Model->insert(Array)
#8 C:\xampp\htdocs\Kuliah\Back-End\Tugas_Backend - Copy\vendor\codeigniter4\framework\system\CodeIgniter.php(802): App\Controllers\Komik->simpans()
#9 C:\xampp\htdocs\Kuliah\Back-End\Tugas_Backend - Copy\vendor\codeigniter4\framework\system\CodeIgniter.php(399): CodeIgniter\CodeIgniter->runController(Object(App\Controllers\Komik))
#10 C:\xampp\htdocs\Kuliah\Back-End\Tugas_Backend - Copy\vendor\codeigniter4\framework\system\CodeIgniter.php(317): CodeIgniter\CodeIgniter->handleRequest(NULL, Object(Config\Cache), false)
#11 C:\xampp\htdocs\Kuliah\Back-End\Tugas_Backend - Copy\public\index.php(37): CodeIgniter\CodeIgniter->run()
#12 C:\xampp\htdocs\Kuliah\Back-End\Tugas_Backend - Copy\vendor\codeigniter4\framework\system\Commands\Server\rewrite.php(43): require_once('C:\\xampp\\htdocs...')
#13 {main}
ERROR - 2021-11-07 08:57:55 --> Cannot add or update a child row: a foreign key constraint fails (`backend`.`komik`, CONSTRAINT `komik_ibfk_1` FOREIGN KEY (`genre`) REFERENCES `genre` (`id_genre`) ON DELETE NO ACTION ON UPDATE CASCADE)
CRITICAL - 2021-11-07 08:57:55 --> Cannot add or update a child row: a foreign key constraint fails (`backend`.`komik`, CONSTRAINT `komik_ibfk_1` FOREIGN KEY (`genre`) REFERENCES `genre` (`id_genre`) ON DELETE NO ACTION ON UPDATE CASCADE)
#0 C:\xampp\htdocs\Kuliah\Back-End\Tugas_Backend - Copy\vendor\codeigniter4\framework\system\Database\MySQLi\Connection.php(280): mysqli->query('INSERT INTO `ko...')
#1 C:\xampp\htdocs\Kuliah\Back-End\Tugas_Backend - Copy\vendor\codeigniter4\framework\system\Database\BaseConnection.php(663): CodeIgniter\Database\MySQLi\Connection->execute('INSERT INTO `ko...')
#2 C:\xampp\htdocs\Kuliah\Back-End\Tugas_Backend - Copy\vendor\codeigniter4\framework\system\Database\BaseConnection.php(591): CodeIgniter\Database\BaseConnection->simpleQuery('INSERT INTO `ko...')
#3 C:\xampp\htdocs\Kuliah\Back-End\Tugas_Backend - Copy\vendor\codeigniter4\framework\system\Database\BaseBuilder.php(1733): CodeIgniter\Database\BaseConnection->query('INSERT INTO `ko...', Array, false)
#4 C:\xampp\htdocs\Kuliah\Back-End\Tugas_Backend - Copy\vendor\codeigniter4\framework\system\Model.php(239): CodeIgniter\Database\BaseBuilder->insert()
#5 C:\xampp\htdocs\Kuliah\Back-End\Tugas_Backend - Copy\vendor\codeigniter4\framework\system\BaseModel.php(738): CodeIgniter\Model->doInsert(Array)
#6 C:\xampp\htdocs\Kuliah\Back-End\Tugas_Backend - Copy\vendor\codeigniter4\framework\system\Model.php(620): CodeIgniter\BaseModel->insert(Array, true)
#7 C:\xampp\htdocs\Kuliah\Back-End\Tugas_Backend - Copy\app\Controllers\Komik.php(82): CodeIgniter\Model->insert(Array)
#8 C:\xampp\htdocs\Kuliah\Back-End\Tugas_Backend - Copy\vendor\codeigniter4\framework\system\CodeIgniter.php(802): App\Controllers\Komik->simpans()
#9 C:\xampp\htdocs\Kuliah\Back-End\Tugas_Backend - Copy\vendor\codeigniter4\framework\system\CodeIgniter.php(399): CodeIgniter\CodeIgniter->runController(Object(App\Controllers\Komik))
#10 C:\xampp\htdocs\Kuliah\Back-End\Tugas_Backend - Copy\vendor\codeigniter4\framework\system\CodeIgniter.php(317): CodeIgniter\CodeIgniter->handleRequest(NULL, Object(Config\Cache), false)
#11 C:\xampp\htdocs\Kuliah\Back-End\Tugas_Backend - Copy\public\index.php(37): CodeIgniter\CodeIgniter->run()
#12 C:\xampp\htdocs\Kuliah\Back-End\Tugas_Backend - Copy\vendor\codeigniter4\framework\system\Commands\Server\rewrite.php(43): require_once('C:\\xampp\\htdocs...')
#13 {main}
ERROR - 2021-11-07 09:03:08 --> Cannot add or update a child row: a foreign key constraint fails (`backend`.`komik`, CONSTRAINT `komik_ibfk_1` FOREIGN KEY (`genre`) REFERENCES `genre` (`id_genre`) ON DELETE NO ACTION ON UPDATE CASCADE)
CRITICAL - 2021-11-07 09:03:08 --> Cannot add or update a child row: a foreign key constraint fails (`backend`.`komik`, CONSTRAINT `komik_ibfk_1` FOREIGN KEY (`genre`) REFERENCES `genre` (`id_genre`) ON DELETE NO ACTION ON UPDATE CASCADE)
#0 C:\xampp\htdocs\Kuliah\Back-End\Tugas_Backend - Copy\vendor\codeigniter4\framework\system\Database\MySQLi\Connection.php(280): mysqli->query('INSERT INTO `ko...')
#1 C:\xampp\htdocs\Kuliah\Back-End\Tugas_Backend - Copy\vendor\codeigniter4\framework\system\Database\BaseConnection.php(663): CodeIgniter\Database\MySQLi\Connection->execute('INSERT INTO `ko...')
#2 C:\xampp\htdocs\Kuliah\Back-End\Tugas_Backend - Copy\vendor\codeigniter4\framework\system\Database\BaseConnection.php(591): CodeIgniter\Database\BaseConnection->simpleQuery('INSERT INTO `ko...')
#3 C:\xampp\htdocs\Kuliah\Back-End\Tugas_Backend - Copy\vendor\codeigniter4\framework\system\Database\BaseBuilder.php(1733): CodeIgniter\Database\BaseConnection->query('INSERT INTO `ko...', Array, false)
#4 C:\xampp\htdocs\Kuliah\Back-End\Tugas_Backend - Copy\vendor\codeigniter4\framework\system\Model.php(239): CodeIgniter\Database\BaseBuilder->insert()
#5 C:\xampp\htdocs\Kuliah\Back-End\Tugas_Backend - Copy\vendor\codeigniter4\framework\system\BaseModel.php(738): CodeIgniter\Model->doInsert(Array)
#6 C:\xampp\htdocs\Kuliah\Back-End\Tugas_Backend - Copy\vendor\codeigniter4\framework\system\Model.php(620): CodeIgniter\BaseModel->insert(Array, true)
#7 C:\xampp\htdocs\Kuliah\Back-End\Tugas_Backend - Copy\app\Controllers\Komik.php(82): CodeIgniter\Model->insert(Array)
#8 C:\xampp\htdocs\Kuliah\Back-End\Tugas_Backend - Copy\vendor\codeigniter4\framework\system\CodeIgniter.php(802): App\Controllers\Komik->simpans()
#9 C:\xampp\htdocs\Kuliah\Back-End\Tugas_Backend - Copy\vendor\codeigniter4\framework\system\CodeIgniter.php(399): CodeIgniter\CodeIgniter->runController(Object(App\Controllers\Komik))
#10 C:\xampp\htdocs\Kuliah\Back-End\Tugas_Backend - Copy\vendor\codeigniter4\framework\system\CodeIgniter.php(317): CodeIgniter\CodeIgniter->handleRequest(NULL, Object(Config\Cache), false)
#11 C:\xampp\htdocs\Kuliah\Back-End\Tugas_Backend - Copy\public\index.php(37): CodeIgniter\CodeIgniter->run()
#12 C:\xampp\htdocs\Kuliah\Back-End\Tugas_Backend - Copy\vendor\codeigniter4\framework\system\Commands\Server\rewrite.php(43): require_once('C:\\xampp\\htdocs...')
#13 {main}
CRITICAL - 2021-11-07 09:03:58 --> The original file is not a valid file.
#0 C:\xampp\htdocs\Kuliah\Back-End\Tugas_Backend - Copy\vendor\codeigniter4\framework\system\HTTP\Files\UploadedFile.php(137): CodeIgniter\HTTP\Exceptions\HTTPException::forInvalidFile()
#1 C:\xampp\htdocs\Kuliah\Back-End\Tugas_Backend - Copy\app\Controllers\Komik.php(84): CodeIgniter\HTTP\Files\UploadedFile->move('../public/image...', '1636297438_736b...')
#2 C:\xampp\htdocs\Kuliah\Back-End\Tugas_Backend - Copy\vendor\codeigniter4\framework\system\CodeIgniter.php(802): App\Controllers\Komik->simpans()
#3 C:\xampp\htdocs\Kuliah\Back-End\Tugas_Backend - Copy\vendor\codeigniter4\framework\system\CodeIgniter.php(399): CodeIgniter\CodeIgniter->runController(Object(App\Controllers\Komik))
#4 C:\xampp\htdocs\Kuliah\Back-End\Tugas_Backend - Copy\vendor\codeigniter4\framework\system\CodeIgniter.php(317): CodeIgniter\CodeIgniter->handleRequest(NULL, Object(Config\Cache), false)
#5 C:\xampp\htdocs\Kuliah\Back-End\Tugas_Backend - Copy\public\index.php(37): CodeIgniter\CodeIgniter->run()
#6 C:\xampp\htdocs\Kuliah\Back-End\Tugas_Backend - Copy\vendor\codeigniter4\framework\system\Commands\Server\rewrite.php(43): require_once('C:\\xampp\\htdocs...')
#7 {main}
CRITICAL - 2021-11-07 09:13:26 --> Too few arguments to function App\Models\ModelKomik::getDetailKomik(), 0 passed in C:\xampp\htdocs\Kuliah\Back-End\Tugas_Backend - Copy\app\Controllers\Komik.php on line 116 and exactly 1 expected
#0 C:\xampp\htdocs\Kuliah\Back-End\Tugas_Backend - Copy\app\Controllers\Komik.php(116): App\Models\ModelKomik->getDetailKomik()
#1 C:\xampp\htdocs\Kuliah\Back-End\Tugas_Backend - Copy\vendor\codeigniter4\framework\system\CodeIgniter.php(802): App\Controllers\Komik->detail('37')
#2 C:\xampp\htdocs\Kuliah\Back-End\Tugas_Backend - Copy\vendor\codeigniter4\framework\system\CodeIgniter.php(399): CodeIgniter\CodeIgniter->runController(Object(App\Controllers\Komik))
#3 C:\xampp\htdocs\Kuliah\Back-End\Tugas_Backend - Copy\vendor\codeigniter4\framework\system\CodeIgniter.php(317): CodeIgniter\CodeIgniter->handleRequest(NULL, Object(Config\Cache), false)
#4 C:\xampp\htdocs\Kuliah\Back-End\Tugas_Backend - Copy\public\index.php(37): CodeIgniter\CodeIgniter->run()
#5 C:\xampp\htdocs\Kuliah\Back-End\Tugas_Backend - Copy\vendor\codeigniter4\framework\system\Commands\Server\rewrite.php(43): require_once('C:\\xampp\\htdocs...')
#6 {main}
CRITICAL - 2021-11-07 09:13:38 --> Cannot use object of type stdClass as array
#0 C:\xampp\htdocs\Kuliah\Back-End\Tugas_Backend - Copy\vendor\codeigniter4\framework\system\View\View.php(214): include()
#1 C:\xampp\htdocs\Kuliah\Back-End\Tugas_Backend - Copy\vendor\codeigniter4\framework\system\View\View.php(217): CodeIgniter\View\View->CodeIgniter\View\{closure}()
#2 C:\xampp\htdocs\Kuliah\Back-End\Tugas_Backend - Copy\vendor\codeigniter4\framework\system\Common.php(1092): CodeIgniter\View\View->render('detail', Array, true)
#3 C:\xampp\htdocs\Kuliah\Back-End\Tugas_Backend - Copy\app\Controllers\Komik.php(118): view('detail', Array)
#4 C:\xampp\htdocs\Kuliah\Back-End\Tugas_Backend - Copy\vendor\codeigniter4\framework\system\CodeIgniter.php(802): App\Controllers\Komik->detail('37')
#5 C:\xampp\htdocs\Kuliah\Back-End\Tugas_Backend - Copy\vendor\codeigniter4\framework\system\CodeIgniter.php(399): CodeIgniter\CodeIgniter->runController(Object(App\Controllers\Komik))
#6 C:\xampp\htdocs\Kuliah\Back-End\Tugas_Backend - Copy\vendor\codeigniter4\framework\system\CodeIgniter.php(317): CodeIgniter\CodeIgniter->handleRequest(NULL, Object(Config\Cache), false)
#7 C:\xampp\htdocs\Kuliah\Back-End\Tugas_Backend - Copy\public\index.php(37): CodeIgniter\CodeIgniter->run()
#8 C:\xampp\htdocs\Kuliah\Back-End\Tugas_Backend - Copy\vendor\codeigniter4\framework\system\Commands\Server\rewrite.php(43): require_once('C:\\xampp\\htdocs...')
#9 {main}
CRITICAL - 2021-11-07 09:13:52 --> Undefined array key "judul_komik"
#0 C:\xampp\htdocs\Kuliah\Back-End\Tugas_Backend - Copy\app\Views\detail.php(22): CodeIgniter\Debug\Exceptions->errorHandler(2, 'Undefined array...', 'C:\\xampp\\htdocs...', 22)
#1 C:\xampp\htdocs\Kuliah\Back-End\Tugas_Backend - Copy\vendor\codeigniter4\framework\system\View\View.php(214): include('C:\\xampp\\htdocs...')
#2 C:\xampp\htdocs\Kuliah\Back-End\Tugas_Backend - Copy\vendor\codeigniter4\framework\system\View\View.php(217): CodeIgniter\View\View->CodeIgniter\View\{closure}()
#3 C:\xampp\htdocs\Kuliah\Back-End\Tugas_Backend - Copy\vendor\codeigniter4\framework\system\Common.php(1092): CodeIgniter\View\View->render('detail', Array, true)
#4 C:\xampp\htdocs\Kuliah\Back-End\Tugas_Backend - Copy\app\Controllers\Komik.php(118): view('detail', Array)
#5 C:\xampp\htdocs\Kuliah\Back-End\Tugas_Backend - Copy\vendor\codeigniter4\framework\system\CodeIgniter.php(802): App\Controllers\Komik->detail('37')
#6 C:\xampp\htdocs\Kuliah\Back-End\Tugas_Backend - Copy\vendor\codeigniter4\framework\system\CodeIgniter.php(399): CodeIgniter\CodeIgniter->runController(Object(App\Controllers\Komik))
#7 C:\xampp\htdocs\Kuliah\Back-End\Tugas_Backend - Copy\vendor\codeigniter4\framework\system\CodeIgniter.php(317): CodeIgniter\CodeIgniter->handleRequest(NULL, Object(Config\Cache), false)
#8 C:\xampp\htdocs\Kuliah\Back-End\Tugas_Backend - Copy\public\index.php(37): CodeIgniter\CodeIgniter->run()
#9 C:\xampp\htdocs\Kuliah\Back-End\Tugas_Backend - Copy\vendor\codeigniter4\framework\system\Commands\Server\rewrite.php(43): require_once('C:\\xampp\\htdocs...')
#10 {main}
CRITICAL - 2021-11-07 09:13:58 --> Undefined array key "judul_komik"
#0 C:\xampp\htdocs\Kuliah\Back-End\Tugas_Backend - Copy\app\Views\detail.php(22): CodeIgniter\Debug\Exceptions->errorHandler(2, 'Undefined array...', 'C:\\xampp\\htdocs...', 22)
#1 C:\xampp\htdocs\Kuliah\Back-End\Tugas_Backend - Copy\vendor\codeigniter4\framework\system\View\View.php(214): include('C:\\xampp\\htdocs...')
#2 C:\xampp\htdocs\Kuliah\Back-End\Tugas_Backend - Copy\vendor\codeigniter4\framework\system\View\View.php(217): CodeIgniter\View\View->CodeIgniter\View\{closure}()
#3 C:\xampp\htdocs\Kuliah\Back-End\Tugas_Backend - Copy\vendor\codeigniter4\framework\system\Common.php(1092): CodeIgniter\View\View->render('detail', Array, true)
#4 C:\xampp\htdocs\Kuliah\Back-End\Tugas_Backend - Copy\app\Controllers\Komik.php(118): view('detail', Array)
#5 C:\xampp\htdocs\Kuliah\Back-End\Tugas_Backend - Copy\vendor\codeigniter4\framework\system\CodeIgniter.php(802): App\Controllers\Komik->detail('37')
#6 C:\xampp\htdocs\Kuliah\Back-End\Tugas_Backend - Copy\vendor\codeigniter4\framework\system\CodeIgniter.php(399): CodeIgniter\CodeIgniter->runController(Object(App\Controllers\Komik))
#7 C:\xampp\htdocs\Kuliah\Back-End\Tugas_Backend - Copy\vendor\codeigniter4\framework\system\CodeIgniter.php(317): CodeIgniter\CodeIgniter->handleRequest(NULL, Object(Config\Cache), false)
#8 C:\xampp\htdocs\Kuliah\Back-End\Tugas_Backend - Copy\public\index.php(37): CodeIgniter\CodeIgniter->run()
#9 C:\xampp\htdocs\Kuliah\Back-End\Tugas_Backend - Copy\vendor\codeigniter4\framework\system\Commands\Server\rewrite.php(43): require_once('C:\\xampp\\htdocs...')
#10 {main}
CRITICAL - 2021-11-07 09:14:14 --> Undefined array key "judul_komik"
#0 C:\xampp\htdocs\Kuliah\Back-End\Tugas_Backend - Copy\app\Views\detail.php(22): CodeIgniter\Debug\Exceptions->errorHandler(2, 'Undefined array...', 'C:\\xampp\\htdocs...', 22)
#1 C:\xampp\htdocs\Kuliah\Back-End\Tugas_Backend - Copy\vendor\codeigniter4\framework\system\View\View.php(214): include('C:\\xampp\\htdocs...')
#2 C:\xampp\htdocs\Kuliah\Back-End\Tugas_Backend - Copy\vendor\codeigniter4\framework\system\View\View.php(217): CodeIgniter\View\View->CodeIgniter\View\{closure}()
#3 C:\xampp\htdocs\Kuliah\Back-End\Tugas_Backend - Copy\vendor\codeigniter4\framework\system\Common.php(1092): CodeIgniter\View\View->render('detail', Array, true)
#4 C:\xampp\htdocs\Kuliah\Back-End\Tugas_Backend - Copy\app\Controllers\Komik.php(118): view('detail', Array)
#5 C:\xampp\htdocs\Kuliah\Back-End\Tugas_Backend - Copy\vendor\codeigniter4\framework\system\CodeIgniter.php(802): App\Controllers\Komik->detail('37')
#6 C:\xampp\htdocs\Kuliah\Back-End\Tugas_Backend - Copy\vendor\codeigniter4\framework\system\CodeIgniter.php(399): CodeIgniter\CodeIgniter->runController(Object(App\Controllers\Komik))
#7 C:\xampp\htdocs\Kuliah\Back-End\Tugas_Backend - Copy\vendor\codeigniter4\framework\system\CodeIgniter.php(317): CodeIgniter\CodeIgniter->handleRequest(NULL, Object(Config\Cache), false)
#8 C:\xampp\htdocs\Kuliah\Back-End\Tugas_Backend - Copy\public\index.php(37): CodeIgniter\CodeIgniter->run()
#9 C:\xampp\htdocs\Kuliah\Back-End\Tugas_Backend - Copy\vendor\codeigniter4\framework\system\Commands\Server\rewrite.php(43): require_once('C:\\xampp\\htdocs...')
#10 {main}
CRITICAL - 2021-11-07 09:14:19 --> Undefined array key "judul_komik"
#0 C:\xampp\htdocs\Kuliah\Back-End\Tugas_Backend - Copy\app\Views\detail.php(22): CodeIgniter\Debug\Exceptions->errorHandler(2, 'Undefined array...', 'C:\\xampp\\htdocs...', 22)
#1 C:\xampp\htdocs\Kuliah\Back-End\Tugas_Backend - Copy\vendor\codeigniter4\framework\system\View\View.php(214): include('C:\\xampp\\htdocs...')
#2 C:\xampp\htdocs\Kuliah\Back-End\Tugas_Backend - Copy\vendor\codeigniter4\framework\system\View\View.php(217): CodeIgniter\View\View->CodeIgniter\View\{closure}()
#3 C:\xampp\htdocs\Kuliah\Back-End\Tugas_Backend - Copy\vendor\codeigniter4\framework\system\Common.php(1092): CodeIgniter\View\View->render('detail', Array, true)
#4 C:\xampp\htdocs\Kuliah\Back-End\Tugas_Backend - Copy\app\Controllers\Komik.php(118): view('detail', Array)
#5 C:\xampp\htdocs\Kuliah\Back-End\Tugas_Backend - Copy\vendor\codeigniter4\framework\system\CodeIgniter.php(802): App\Controllers\Komik->detail('37')
#6 C:\xampp\htdocs\Kuliah\Back-End\Tugas_Backend - Copy\vendor\codeigniter4\framework\system\CodeIgniter.php(399): CodeIgniter\CodeIgniter->runController(Object(App\Controllers\Komik))
#7 C:\xampp\htdocs\Kuliah\Back-End\Tugas_Backend - Copy\vendor\codeigniter4\framework\system\CodeIgniter.php(317): CodeIgniter\CodeIgniter->handleRequest(NULL, Object(Config\Cache), false)
#8 C:\xampp\htdocs\Kuliah\Back-End\Tugas_Backend - Copy\public\index.php(37): CodeIgniter\CodeIgniter->run()
#9 C:\xampp\htdocs\Kuliah\Back-End\Tugas_Backend - Copy\vendor\codeigniter4\framework\system\Commands\Server\rewrite.php(43): require_once('C:\\xampp\\htdocs...')
#10 {main}
