CRITICAL - 2021-12-09 00:21:15 --> syntax error, unexpected '}', expecting ';'
#0 D:\CI4App\vendor\codeigniter4\framework\system\Router\Router.php(160): CodeIgniter\Router\Router->autoRoute('pages/contact')
#1 D:\CI4App\vendor\codeigniter4\framework\system\CodeIgniter.php(702): CodeIgniter\Router\Router->handle('pages/contact')
#2 D:\CI4App\vendor\codeigniter4\framework\system\CodeIgniter.php(358): CodeIgniter\CodeIgniter->tryToRouteIt(Object(CodeIgniter\Router\RouteCollection))
#3 D:\CI4App\vendor\codeigniter4\framework\system\CodeIgniter.php(317): CodeIgniter\CodeIgniter->handleRequest(NULL, Object(Config\Cache), false)
#4 D:\CI4App\public\index.php(37): CodeIgniter\CodeIgniter->run()
#5 D:\CI4App\vendor\codeigniter4\framework\system\Commands\Server\rewrite.php(43): require_once('D:\\CI4App\\publi...')
#6 {main}
CRITICAL - 2021-12-09 00:35:21 --> Call to undefined method CodeIgniter\View\View::extends()
#0 D:\CI4App\vendor\codeigniter4\framework\system\View\View.php(214): include()
#1 D:\CI4App\vendor\codeigniter4\framework\system\View\View.php(217): CodeIgniter\View\View->CodeIgniter\View\{closure}()
#2 D:\CI4App\vendor\codeigniter4\framework\system\Common.php(1092): CodeIgniter\View\View->render('pages/home', Array, true)
#3 D:\CI4App\app\Controllers\Pages.php(13): view('pages/home')
#4 D:\CI4App\vendor\codeigniter4\framework\system\CodeIgniter.php(802): App\Controllers\Pages->index()
#5 D:\CI4App\vendor\codeigniter4\framework\system\CodeIgniter.php(399): CodeIgniter\CodeIgniter->runController(Object(App\Controllers\Pages))
#6 D:\CI4App\vendor\codeigniter4\framework\system\CodeIgniter.php(317): CodeIgniter\CodeIgniter->handleRequest(NULL, Object(Config\Cache), false)
#7 D:\CI4App\public\index.php(37): CodeIgniter\CodeIgniter->run()
#8 D:\CI4App\vendor\codeigniter4\framework\system\Commands\Server\rewrite.php(43): require_once('D:\\CI4App\\publi...')
#9 {main}
CRITICAL - 2021-12-09 00:46:10 --> syntax error, unexpected 'endforeach' (T_ENDFOREACH), expecting end of file
#0 D:\CI4App\vendor\codeigniter4\framework\system\View\View.php(217): CodeIgniter\View\View->CodeIgniter\View\{closure}()
#1 D:\CI4App\vendor\codeigniter4\framework\system\Common.php(1092): CodeIgniter\View\View->render('pages/contact', Array, true)
#2 D:\CI4App\app\Controllers\Pages.php(46): view('pages/contact', Array)
#3 D:\CI4App\vendor\codeigniter4\framework\system\CodeIgniter.php(802): App\Controllers\Pages->contact()
#4 D:\CI4App\vendor\codeigniter4\framework\system\CodeIgniter.php(399): CodeIgniter\CodeIgniter->runController(Object(App\Controllers\Pages))
#5 D:\CI4App\vendor\codeigniter4\framework\system\CodeIgniter.php(317): CodeIgniter\CodeIgniter->handleRequest(NULL, Object(Config\Cache), false)
#6 D:\CI4App\public\index.php(37): CodeIgniter\CodeIgniter->run()
#7 D:\CI4App\vendor\codeigniter4\framework\system\Commands\Server\rewrite.php(43): require_once('D:\\CI4App\\publi...')
#8 {main}
CRITICAL - 2021-12-09 00:46:25 --> Illegal string offset 'nama'
#0 D:\CI4App\app\Views\Pages\Contact.php(11): CodeIgniter\Debug\Exceptions->errorHandler(2, 'Illegal string ...', 'D:\\CI4App\\app\\V...', 11, Array)
#1 D:\CI4App\vendor\codeigniter4\framework\system\View\View.php(214): include('D:\\CI4App\\app\\V...')
#2 D:\CI4App\vendor\codeigniter4\framework\system\View\View.php(217): CodeIgniter\View\View->CodeIgniter\View\{closure}()
#3 D:\CI4App\vendor\codeigniter4\framework\system\Common.php(1092): CodeIgniter\View\View->render('pages/contact', Array, true)
#4 D:\CI4App\app\Controllers\Pages.php(46): view('pages/contact', Array)
#5 D:\CI4App\vendor\codeigniter4\framework\system\CodeIgniter.php(802): App\Controllers\Pages->contact()
#6 D:\CI4App\vendor\codeigniter4\framework\system\CodeIgniter.php(399): CodeIgniter\CodeIgniter->runController(Object(App\Controllers\Pages))
#7 D:\CI4App\vendor\codeigniter4\framework\system\CodeIgniter.php(317): CodeIgniter\CodeIgniter->handleRequest(NULL, Object(Config\Cache), false)
#8 D:\CI4App\public\index.php(37): CodeIgniter\CodeIgniter->run()
#9 D:\CI4App\vendor\codeigniter4\framework\system\Commands\Server\rewrite.php(43): require_once('D:\\CI4App\\publi...')
#10 {main}
CRITICAL - 2021-12-09 00:48:50 --> Illegal string offset 'nama'
#0 D:\CI4App\app\Views\Pages\Contact.php(11): CodeIgniter\Debug\Exceptions->errorHandler(2, 'Illegal string ...', 'D:\\CI4App\\app\\V...', 11, Array)
#1 D:\CI4App\vendor\codeigniter4\framework\system\View\View.php(214): include('D:\\CI4App\\app\\V...')
#2 D:\CI4App\vendor\codeigniter4\framework\system\View\View.php(217): CodeIgniter\View\View->CodeIgniter\View\{closure}()
#3 D:\CI4App\vendor\codeigniter4\framework\system\Common.php(1092): CodeIgniter\View\View->render('pages/contact', Array, true)
#4 D:\CI4App\app\Controllers\Pages.php(46): view('pages/contact', Array)
#5 D:\CI4App\vendor\codeigniter4\framework\system\CodeIgniter.php(802): App\Controllers\Pages->contact()
#6 D:\CI4App\vendor\codeigniter4\framework\system\CodeIgniter.php(399): CodeIgniter\CodeIgniter->runController(Object(App\Controllers\Pages))
#7 D:\CI4App\vendor\codeigniter4\framework\system\CodeIgniter.php(317): CodeIgniter\CodeIgniter->handleRequest(NULL, Object(Config\Cache), false)
#8 D:\CI4App\public\index.php(37): CodeIgniter\CodeIgniter->run()
#9 D:\CI4App\vendor\codeigniter4\framework\system\Commands\Server\rewrite.php(43): require_once('D:\\CI4App\\publi...')
#10 {main}
CRITICAL - 2021-12-09 00:49:08 --> Illegal string offset 'nim'
#0 D:\CI4App\app\Views\Pages\Contact.php(11): CodeIgniter\Debug\Exceptions->errorHandler(2, 'Illegal string ...', 'D:\\CI4App\\app\\V...', 11, Array)
#1 D:\CI4App\vendor\codeigniter4\framework\system\View\View.php(214): include('D:\\CI4App\\app\\V...')
#2 D:\CI4App\vendor\codeigniter4\framework\system\View\View.php(217): CodeIgniter\View\View->CodeIgniter\View\{closure}()
#3 D:\CI4App\vendor\codeigniter4\framework\system\Common.php(1092): CodeIgniter\View\View->render('pages/contact', Array, true)
#4 D:\CI4App\app\Controllers\Pages.php(46): view('pages/contact', Array)
#5 D:\CI4App\vendor\codeigniter4\framework\system\CodeIgniter.php(802): App\Controllers\Pages->contact()
#6 D:\CI4App\vendor\codeigniter4\framework\system\CodeIgniter.php(399): CodeIgniter\CodeIgniter->runController(Object(App\Controllers\Pages))
#7 D:\CI4App\vendor\codeigniter4\framework\system\CodeIgniter.php(317): CodeIgniter\CodeIgniter->handleRequest(NULL, Object(Config\Cache), false)
#8 D:\CI4App\public\index.php(37): CodeIgniter\CodeIgniter->run()
#9 D:\CI4App\vendor\codeigniter4\framework\system\Commands\Server\rewrite.php(43): require_once('D:\\CI4App\\publi...')
#10 {main}
CRITICAL - 2021-12-09 00:49:55 --> Illegal string offset 'nama'
#0 D:\CI4App\app\Views\Pages\Contact.php(11): CodeIgniter\Debug\Exceptions->errorHandler(2, 'Illegal string ...', 'D:\\CI4App\\app\\V...', 11, Array)
#1 D:\CI4App\vendor\codeigniter4\framework\system\View\View.php(214): include('D:\\CI4App\\app\\V...')
#2 D:\CI4App\vendor\codeigniter4\framework\system\View\View.php(217): CodeIgniter\View\View->CodeIgniter\View\{closure}()
#3 D:\CI4App\vendor\codeigniter4\framework\system\Common.php(1092): CodeIgniter\View\View->render('pages/contact', Array, true)
#4 D:\CI4App\app\Controllers\Pages.php(46): view('pages/contact', Array)
#5 D:\CI4App\vendor\codeigniter4\framework\system\CodeIgniter.php(802): App\Controllers\Pages->contact()
#6 D:\CI4App\vendor\codeigniter4\framework\system\CodeIgniter.php(399): CodeIgniter\CodeIgniter->runController(Object(App\Controllers\Pages))
#7 D:\CI4App\vendor\codeigniter4\framework\system\CodeIgniter.php(317): CodeIgniter\CodeIgniter->handleRequest(NULL, Object(Config\Cache), false)
#8 D:\CI4App\public\index.php(37): CodeIgniter\CodeIgniter->run()
#9 D:\CI4App\vendor\codeigniter4\framework\system\Commands\Server\rewrite.php(43): require_once('D:\\CI4App\\publi...')
#10 {main}
CRITICAL - 2021-12-09 00:49:56 --> Illegal string offset 'nama'
#0 D:\CI4App\app\Views\Pages\Contact.php(11): CodeIgniter\Debug\Exceptions->errorHandler(2, 'Illegal string ...', 'D:\\CI4App\\app\\V...', 11, Array)
#1 D:\CI4App\vendor\codeigniter4\framework\system\View\View.php(214): include('D:\\CI4App\\app\\V...')
#2 D:\CI4App\vendor\codeigniter4\framework\system\View\View.php(217): CodeIgniter\View\View->CodeIgniter\View\{closure}()
#3 D:\CI4App\vendor\codeigniter4\framework\system\Common.php(1092): CodeIgniter\View\View->render('pages/contact', Array, true)
#4 D:\CI4App\app\Controllers\Pages.php(46): view('pages/contact', Array)
#5 D:\CI4App\vendor\codeigniter4\framework\system\CodeIgniter.php(802): App\Controllers\Pages->contact()
#6 D:\CI4App\vendor\codeigniter4\framework\system\CodeIgniter.php(399): CodeIgniter\CodeIgniter->runController(Object(App\Controllers\Pages))
#7 D:\CI4App\vendor\codeigniter4\framework\system\CodeIgniter.php(317): CodeIgniter\CodeIgniter->handleRequest(NULL, Object(Config\Cache), false)
#8 D:\CI4App\public\index.php(37): CodeIgniter\CodeIgniter->run()
#9 D:\CI4App\vendor\codeigniter4\framework\system\Commands\Server\rewrite.php(43): require_once('D:\\CI4App\\publi...')
#10 {main}
CRITICAL - 2021-12-09 00:49:56 --> Illegal string offset 'nama'
#0 D:\CI4App\app\Views\Pages\Contact.php(11): CodeIgniter\Debug\Exceptions->errorHandler(2, 'Illegal string ...', 'D:\\CI4App\\app\\V...', 11, Array)
#1 D:\CI4App\vendor\codeigniter4\framework\system\View\View.php(214): include('D:\\CI4App\\app\\V...')
#2 D:\CI4App\vendor\codeigniter4\framework\system\View\View.php(217): CodeIgniter\View\View->CodeIgniter\View\{closure}()
#3 D:\CI4App\vendor\codeigniter4\framework\system\Common.php(1092): CodeIgniter\View\View->render('pages/contact', Array, true)
#4 D:\CI4App\app\Controllers\Pages.php(46): view('pages/contact', Array)
#5 D:\CI4App\vendor\codeigniter4\framework\system\CodeIgniter.php(802): App\Controllers\Pages->contact()
#6 D:\CI4App\vendor\codeigniter4\framework\system\CodeIgniter.php(399): CodeIgniter\CodeIgniter->runController(Object(App\Controllers\Pages))
#7 D:\CI4App\vendor\codeigniter4\framework\system\CodeIgniter.php(317): CodeIgniter\CodeIgniter->handleRequest(NULL, Object(Config\Cache), false)
#8 D:\CI4App\public\index.php(37): CodeIgniter\CodeIgniter->run()
#9 D:\CI4App\vendor\codeigniter4\framework\system\Commands\Server\rewrite.php(43): require_once('D:\\CI4App\\publi...')
#10 {main}
CRITICAL - 2021-12-09 00:49:56 --> Illegal string offset 'nama'
#0 D:\CI4App\app\Views\Pages\Contact.php(11): CodeIgniter\Debug\Exceptions->errorHandler(2, 'Illegal string ...', 'D:\\CI4App\\app\\V...', 11, Array)
#1 D:\CI4App\vendor\codeigniter4\framework\system\View\View.php(214): include('D:\\CI4App\\app\\V...')
#2 D:\CI4App\vendor\codeigniter4\framework\system\View\View.php(217): CodeIgniter\View\View->CodeIgniter\View\{closure}()
#3 D:\CI4App\vendor\codeigniter4\framework\system\Common.php(1092): CodeIgniter\View\View->render('pages/contact', Array, true)
#4 D:\CI4App\app\Controllers\Pages.php(46): view('pages/contact', Array)
#5 D:\CI4App\vendor\codeigniter4\framework\system\CodeIgniter.php(802): App\Controllers\Pages->contact()
#6 D:\CI4App\vendor\codeigniter4\framework\system\CodeIgniter.php(399): CodeIgniter\CodeIgniter->runController(Object(App\Controllers\Pages))
#7 D:\CI4App\vendor\codeigniter4\framework\system\CodeIgniter.php(317): CodeIgniter\CodeIgniter->handleRequest(NULL, Object(Config\Cache), false)
#8 D:\CI4App\public\index.php(37): CodeIgniter\CodeIgniter->run()
#9 D:\CI4App\vendor\codeigniter4\framework\system\Commands\Server\rewrite.php(43): require_once('D:\\CI4App\\publi...')
#10 {main}
CRITICAL - 2021-12-09 00:49:57 --> Illegal string offset 'nama'
#0 D:\CI4App\app\Views\Pages\Contact.php(11): CodeIgniter\Debug\Exceptions->errorHandler(2, 'Illegal string ...', 'D:\\CI4App\\app\\V...', 11, Array)
#1 D:\CI4App\vendor\codeigniter4\framework\system\View\View.php(214): include('D:\\CI4App\\app\\V...')
#2 D:\CI4App\vendor\codeigniter4\framework\system\View\View.php(217): CodeIgniter\View\View->CodeIgniter\View\{closure}()
#3 D:\CI4App\vendor\codeigniter4\framework\system\Common.php(1092): CodeIgniter\View\View->render('pages/contact', Array, true)
#4 D:\CI4App\app\Controllers\Pages.php(46): view('pages/contact', Array)
#5 D:\CI4App\vendor\codeigniter4\framework\system\CodeIgniter.php(802): App\Controllers\Pages->contact()
#6 D:\CI4App\vendor\codeigniter4\framework\system\CodeIgniter.php(399): CodeIgniter\CodeIgniter->runController(Object(App\Controllers\Pages))
#7 D:\CI4App\vendor\codeigniter4\framework\system\CodeIgniter.php(317): CodeIgniter\CodeIgniter->handleRequest(NULL, Object(Config\Cache), false)
#8 D:\CI4App\public\index.php(37): CodeIgniter\CodeIgniter->run()
#9 D:\CI4App\vendor\codeigniter4\framework\system\Commands\Server\rewrite.php(43): require_once('D:\\CI4App\\publi...')
#10 {main}
ERROR - 2021-12-09 01:48:34 --> Table 'perpustakaan.perpustakaan' doesn't exist
CRITICAL - 2021-12-09 01:48:34 --> Table 'perpustakaan.perpustakaan' doesn't exist
#0 D:\CI4App\vendor\codeigniter4\framework\system\Database\MySQLi\Connection.php(280): mysqli->query('SELECT *\nFROM `...')
#1 D:\CI4App\vendor\codeigniter4\framework\system\Database\BaseConnection.php(663): CodeIgniter\Database\MySQLi\Connection->execute('SELECT *\nFROM `...')
#2 D:\CI4App\vendor\codeigniter4\framework\system\Database\BaseConnection.php(591): CodeIgniter\Database\BaseConnection->simpleQuery('SELECT *\nFROM `...')
#3 D:\CI4App\vendor\codeigniter4\framework\system\Database\BaseBuilder.php(1428): CodeIgniter\Database\BaseConnection->query('SELECT *\nFROM `...', Array, false)
#4 D:\CI4App\vendor\codeigniter4\framework\system\Model.php(183): CodeIgniter\Database\BaseBuilder->get()
#5 D:\CI4App\vendor\codeigniter4\framework\system\BaseModel.php(584): CodeIgniter\Model->doFindAll(0, 0)
#6 D:\CI4App\app\Controllers\Buku.php(18): CodeIgniter\BaseModel->findAll()
#7 D:\CI4App\vendor\codeigniter4\framework\system\CodeIgniter.php(802): App\Controllers\Buku->index()
#8 D:\CI4App\vendor\codeigniter4\framework\system\CodeIgniter.php(399): CodeIgniter\CodeIgniter->runController(Object(App\Controllers\Buku))
#9 D:\CI4App\vendor\codeigniter4\framework\system\CodeIgniter.php(317): CodeIgniter\CodeIgniter->handleRequest(NULL, Object(Config\Cache), false)
#10 D:\CI4App\public\index.php(37): CodeIgniter\CodeIgniter->run()
#11 D:\CI4App\vendor\codeigniter4\framework\system\Commands\Server\rewrite.php(43): require_once('D:\\CI4App\\publi...')
#12 {main}
CRITICAL - 2021-12-09 04:37:16 --> Undefined variable: komik
#0 D:\CI4App\app\Views\Buku\DetailBuku.php(11): CodeIgniter\Debug\Exceptions->errorHandler(8, 'Undefined varia...', 'D:\\CI4App\\app\\V...', 11, Array)
#1 D:\CI4App\vendor\codeigniter4\framework\system\View\View.php(214): include('D:\\CI4App\\app\\V...')
#2 D:\CI4App\vendor\codeigniter4\framework\system\View\View.php(217): CodeIgniter\View\View->CodeIgniter\View\{closure}()
#3 D:\CI4App\vendor\codeigniter4\framework\system\Common.php(1092): CodeIgniter\View\View->render('buku/detailbuku', Array, true)
#4 D:\CI4App\app\Controllers\Buku.php(35): view('buku/detailbuku', Array)
#5 D:\CI4App\vendor\codeigniter4\framework\system\CodeIgniter.php(802): App\Controllers\Buku->detail('habis-gelap-ter...')
#6 D:\CI4App\vendor\codeigniter4\framework\system\CodeIgniter.php(399): CodeIgniter\CodeIgniter->runController(Object(App\Controllers\Buku))
#7 D:\CI4App\vendor\codeigniter4\framework\system\CodeIgniter.php(317): CodeIgniter\CodeIgniter->handleRequest(NULL, Object(Config\Cache), false)
#8 D:\CI4App\public\index.php(37): CodeIgniter\CodeIgniter->run()
#9 D:\CI4App\vendor\codeigniter4\framework\system\Commands\Server\rewrite.php(43): require_once('D:\\CI4App\\publi...')
#10 {main}
CRITICAL - 2021-12-09 11:52:17 --> Trying to access array offset on value of type null
#0 D:\CI4App\app\Views\Buku\DetailBuku.php(14): CodeIgniter\Debug\Exceptions->errorHandler(8, 'Trying to acces...', 'D:\\CI4App\\app\\V...', 14, Array)
#1 D:\CI4App\vendor\codeigniter4\framework\system\View\View.php(214): include('D:\\CI4App\\app\\V...')
#2 D:\CI4App\vendor\codeigniter4\framework\system\View\View.php(217): CodeIgniter\View\View->CodeIgniter\View\{closure}()
#3 D:\CI4App\vendor\codeigniter4\framework\system\Common.php(1092): CodeIgniter\View\View->render('buku/detailbuku', Array, true)
#4 D:\CI4App\app\Controllers\Buku.php(35): view('buku/detailbuku', Array)
#5 D:\CI4App\vendor\codeigniter4\framework\system\CodeIgniter.php(802): App\Controllers\Buku->detail('create')
#6 D:\CI4App\vendor\codeigniter4\framework\system\CodeIgniter.php(399): CodeIgniter\CodeIgniter->runController(Object(App\Controllers\Buku))
#7 D:\CI4App\vendor\codeigniter4\framework\system\CodeIgniter.php(317): CodeIgniter\CodeIgniter->handleRequest(NULL, Object(Config\Cache), false)
#8 D:\CI4App\public\index.php(37): CodeIgniter\CodeIgniter->run()
#9 D:\CI4App\vendor\codeigniter4\framework\system\Commands\Server\rewrite.php(43): require_once('D:\\CI4App\\publi...')
#10 {main}
CRITICAL - 2021-12-09 11:53:28 --> Trying to access array offset on value of type null
#0 D:\CI4App\app\Views\Buku\DetailBuku.php(14): CodeIgniter\Debug\Exceptions->errorHandler(8, 'Trying to acces...', 'D:\\CI4App\\app\\V...', 14, Array)
#1 D:\CI4App\vendor\codeigniter4\framework\system\View\View.php(214): include('D:\\CI4App\\app\\V...')
#2 D:\CI4App\vendor\codeigniter4\framework\system\View\View.php(217): CodeIgniter\View\View->CodeIgniter\View\{closure}()
#3 D:\CI4App\vendor\codeigniter4\framework\system\Common.php(1092): CodeIgniter\View\View->render('buku/detailbuku', Array, true)
#4 D:\CI4App\app\Controllers\Buku.php(35): view('buku/detailbuku', Array)
#5 D:\CI4App\vendor\codeigniter4\framework\system\CodeIgniter.php(802): App\Controllers\Buku->detail('create')
#6 D:\CI4App\vendor\codeigniter4\framework\system\CodeIgniter.php(399): CodeIgniter\CodeIgniter->runController(Object(App\Controllers\Buku))
#7 D:\CI4App\vendor\codeigniter4\framework\system\CodeIgniter.php(317): CodeIgniter\CodeIgniter->handleRequest(NULL, Object(Config\Cache), false)
#8 D:\CI4App\public\index.php(37): CodeIgniter\CodeIgniter->run()
#9 D:\CI4App\vendor\codeigniter4\framework\system\Commands\Server\rewrite.php(43): require_once('D:\\CI4App\\publi...')
#10 {main}
CRITICAL - 2021-12-09 11:54:54 --> Trying to access array offset on value of type null
#0 D:\CI4App\app\Views\Buku\DetailBuku.php(14): CodeIgniter\Debug\Exceptions->errorHandler(8, 'Trying to acces...', 'D:\\CI4App\\app\\V...', 14, Array)
#1 D:\CI4App\vendor\codeigniter4\framework\system\View\View.php(214): include('D:\\CI4App\\app\\V...')
#2 D:\CI4App\vendor\codeigniter4\framework\system\View\View.php(217): CodeIgniter\View\View->CodeIgniter\View\{closure}()
#3 D:\CI4App\vendor\codeigniter4\framework\system\Common.php(1092): CodeIgniter\View\View->render('buku/detailbuku', Array, true)
#4 D:\CI4App\app\Controllers\Buku.php(35): view('buku/detailbuku', Array)
#5 D:\CI4App\vendor\codeigniter4\framework\system\CodeIgniter.php(802): App\Controllers\Buku->detail('create')
#6 D:\CI4App\vendor\codeigniter4\framework\system\CodeIgniter.php(399): CodeIgniter\CodeIgniter->runController(Object(App\Controllers\Buku))
#7 D:\CI4App\vendor\codeigniter4\framework\system\CodeIgniter.php(317): CodeIgniter\CodeIgniter->handleRequest(NULL, Object(Config\Cache), false)
#8 D:\CI4App\public\index.php(37): CodeIgniter\CodeIgniter->run()
#9 D:\CI4App\vendor\codeigniter4\framework\system\Commands\Server\rewrite.php(43): require_once('D:\\CI4App\\publi...')
#10 {main}
CRITICAL - 2021-12-09 11:55:17 --> Trying to access array offset on value of type null
#0 D:\CI4App\app\Views\Buku\DetailBuku.php(14): CodeIgniter\Debug\Exceptions->errorHandler(8, 'Trying to acces...', 'D:\\CI4App\\app\\V...', 14, Array)
#1 D:\CI4App\vendor\codeigniter4\framework\system\View\View.php(214): include('D:\\CI4App\\app\\V...')
#2 D:\CI4App\vendor\codeigniter4\framework\system\View\View.php(217): CodeIgniter\View\View->CodeIgniter\View\{closure}()
#3 D:\CI4App\vendor\codeigniter4\framework\system\Common.php(1092): CodeIgniter\View\View->render('buku/detailbuku', Array, true)
#4 D:\CI4App\app\Controllers\Buku.php(35): view('buku/detailbuku', Array)
#5 D:\CI4App\vendor\codeigniter4\framework\system\CodeIgniter.php(802): App\Controllers\Buku->detail('create')
#6 D:\CI4App\vendor\codeigniter4\framework\system\CodeIgniter.php(399): CodeIgniter\CodeIgniter->runController(Object(App\Controllers\Buku))
#7 D:\CI4App\vendor\codeigniter4\framework\system\CodeIgniter.php(317): CodeIgniter\CodeIgniter->handleRequest(NULL, Object(Config\Cache), false)
#8 D:\CI4App\public\index.php(37): CodeIgniter\CodeIgniter->run()
#9 D:\CI4App\vendor\codeigniter4\framework\system\Commands\Server\rewrite.php(43): require_once('D:\\CI4App\\publi...')
#10 {main}
CRITICAL - 2021-12-09 11:55:43 --> Trying to access array offset on value of type null
#0 D:\CI4App\app\Views\Buku\DetailBuku.php(14): CodeIgniter\Debug\Exceptions->errorHandler(8, 'Trying to acces...', 'D:\\CI4App\\app\\V...', 14, Array)
#1 D:\CI4App\vendor\codeigniter4\framework\system\View\View.php(214): include('D:\\CI4App\\app\\V...')
#2 D:\CI4App\vendor\codeigniter4\framework\system\View\View.php(217): CodeIgniter\View\View->CodeIgniter\View\{closure}()
#3 D:\CI4App\vendor\codeigniter4\framework\system\Common.php(1092): CodeIgniter\View\View->render('buku/detailbuku', Array, true)
#4 D:\CI4App\app\Controllers\Buku.php(35): view('buku/detailbuku', Array)
#5 D:\CI4App\vendor\codeigniter4\framework\system\CodeIgniter.php(802): App\Controllers\Buku->detail('tambah')
#6 D:\CI4App\vendor\codeigniter4\framework\system\CodeIgniter.php(399): CodeIgniter\CodeIgniter->runController(Object(App\Controllers\Buku))
#7 D:\CI4App\vendor\codeigniter4\framework\system\CodeIgniter.php(317): CodeIgniter\CodeIgniter->handleRequest(NULL, Object(Config\Cache), false)
#8 D:\CI4App\public\index.php(37): CodeIgniter\CodeIgniter->run()
#9 D:\CI4App\vendor\codeigniter4\framework\system\Commands\Server\rewrite.php(43): require_once('D:\\CI4App\\publi...')
#10 {main}
CRITICAL - 2021-12-09 11:58:56 --> Trying to access array offset on value of type null
#0 D:\CI4App\app\Views\Buku\DetailBuku.php(14): CodeIgniter\Debug\Exceptions->errorHandler(8, 'Trying to acces...', 'D:\\CI4App\\app\\V...', 14, Array)
#1 D:\CI4App\vendor\codeigniter4\framework\system\View\View.php(214): include('D:\\CI4App\\app\\V...')
#2 D:\CI4App\vendor\codeigniter4\framework\system\View\View.php(217): CodeIgniter\View\View->CodeIgniter\View\{closure}()
#3 D:\CI4App\vendor\codeigniter4\framework\system\Common.php(1092): CodeIgniter\View\View->render('buku/detailbuku', Array, true)
#4 D:\CI4App\app\Controllers\Buku.php(35): view('buku/detailbuku', Array)
#5 D:\CI4App\vendor\codeigniter4\framework\system\CodeIgniter.php(802): App\Controllers\Buku->detail('tambah')
#6 D:\CI4App\vendor\codeigniter4\framework\system\CodeIgniter.php(399): CodeIgniter\CodeIgniter->runController(Object(App\Controllers\Buku))
#7 D:\CI4App\vendor\codeigniter4\framework\system\CodeIgniter.php(317): CodeIgniter\CodeIgniter->handleRequest(NULL, Object(Config\Cache), false)
#8 D:\CI4App\public\index.php(37): CodeIgniter\CodeIgniter->run()
#9 D:\CI4App\vendor\codeigniter4\framework\system\Commands\Server\rewrite.php(43): require_once('D:\\CI4App\\publi...')
#10 {main}
CRITICAL - 2021-12-09 11:59:26 --> Trying to access array offset on value of type null
#0 D:\CI4App\app\Views\Buku\DetailBuku.php(14): CodeIgniter\Debug\Exceptions->errorHandler(8, 'Trying to acces...', 'D:\\CI4App\\app\\V...', 14, Array)
#1 D:\CI4App\vendor\codeigniter4\framework\system\View\View.php(214): include('D:\\CI4App\\app\\V...')
#2 D:\CI4App\vendor\codeigniter4\framework\system\View\View.php(217): CodeIgniter\View\View->CodeIgniter\View\{closure}()
#3 D:\CI4App\vendor\codeigniter4\framework\system\Common.php(1092): CodeIgniter\View\View->render('buku/detailbuku', Array, true)
#4 D:\CI4App\app\Controllers\Buku.php(35): view('buku/detailbuku', Array)
#5 D:\CI4App\vendor\codeigniter4\framework\system\CodeIgniter.php(802): App\Controllers\Buku->detail('tambah')
#6 D:\CI4App\vendor\codeigniter4\framework\system\CodeIgniter.php(399): CodeIgniter\CodeIgniter->runController(Object(App\Controllers\Buku))
#7 D:\CI4App\vendor\codeigniter4\framework\system\CodeIgniter.php(317): CodeIgniter\CodeIgniter->handleRequest(NULL, Object(Config\Cache), false)
#8 D:\CI4App\public\index.php(37): CodeIgniter\CodeIgniter->run()
#9 D:\CI4App\vendor\codeigniter4\framework\system\Commands\Server\rewrite.php(43): require_once('D:\\CI4App\\publi...')
#10 {main}
CRITICAL - 2021-12-09 12:00:30 --> Trying to access array offset on value of type null
#0 D:\CI4App\app\Views\Buku\DetailBuku.php(14): CodeIgniter\Debug\Exceptions->errorHandler(8, 'Trying to acces...', 'D:\\CI4App\\app\\V...', 14, Array)
#1 D:\CI4App\vendor\codeigniter4\framework\system\View\View.php(214): include('D:\\CI4App\\app\\V...')
#2 D:\CI4App\vendor\codeigniter4\framework\system\View\View.php(217): CodeIgniter\View\View->CodeIgniter\View\{closure}()
#3 D:\CI4App\vendor\codeigniter4\framework\system\Common.php(1092): CodeIgniter\View\View->render('buku/detailbuku', Array, true)
#4 D:\CI4App\app\Controllers\Buku.php(35): view('buku/detailbuku', Array)
#5 D:\CI4App\vendor\codeigniter4\framework\system\CodeIgniter.php(802): App\Controllers\Buku->detail('tambah')
#6 D:\CI4App\vendor\codeigniter4\framework\system\CodeIgniter.php(399): CodeIgniter\CodeIgniter->runController(Object(App\Controllers\Buku))
#7 D:\CI4App\vendor\codeigniter4\framework\system\CodeIgniter.php(317): CodeIgniter\CodeIgniter->handleRequest(NULL, Object(Config\Cache), false)
#8 D:\CI4App\public\index.php(37): CodeIgniter\CodeIgniter->run()
#9 D:\CI4App\vendor\codeigniter4\framework\system\Commands\Server\rewrite.php(43): require_once('D:\\CI4App\\publi...')
#10 {main}
CRITICAL - 2021-12-09 12:00:34 --> Trying to access array offset on value of type null
#0 D:\CI4App\app\Views\Buku\DetailBuku.php(14): CodeIgniter\Debug\Exceptions->errorHandler(8, 'Trying to acces...', 'D:\\CI4App\\app\\V...', 14, Array)
#1 D:\CI4App\vendor\codeigniter4\framework\system\View\View.php(214): include('D:\\CI4App\\app\\V...')
#2 D:\CI4App\vendor\codeigniter4\framework\system\View\View.php(217): CodeIgniter\View\View->CodeIgniter\View\{closure}()
#3 D:\CI4App\vendor\codeigniter4\framework\system\Common.php(1092): CodeIgniter\View\View->render('buku/detailbuku', Array, true)
#4 D:\CI4App\app\Controllers\Buku.php(35): view('buku/detailbuku', Array)
#5 D:\CI4App\vendor\codeigniter4\framework\system\CodeIgniter.php(802): App\Controllers\Buku->detail('tambah')
#6 D:\CI4App\vendor\codeigniter4\framework\system\CodeIgniter.php(399): CodeIgniter\CodeIgniter->runController(Object(App\Controllers\Buku))
#7 D:\CI4App\vendor\codeigniter4\framework\system\CodeIgniter.php(317): CodeIgniter\CodeIgniter->handleRequest(NULL, Object(Config\Cache), false)
#8 D:\CI4App\public\index.php(37): CodeIgniter\CodeIgniter->run()
#9 D:\CI4App\vendor\codeigniter4\framework\system\Commands\Server\rewrite.php(43): require_once('D:\\CI4App\\publi...')
#10 {main}
CRITICAL - 2021-12-09 12:00:54 --> Trying to access array offset on value of type null
#0 D:\CI4App\app\Views\Buku\DetailBuku.php(14): CodeIgniter\Debug\Exceptions->errorHandler(8, 'Trying to acces...', 'D:\\CI4App\\app\\V...', 14, Array)
#1 D:\CI4App\vendor\codeigniter4\framework\system\View\View.php(214): include('D:\\CI4App\\app\\V...')
#2 D:\CI4App\vendor\codeigniter4\framework\system\View\View.php(217): CodeIgniter\View\View->CodeIgniter\View\{closure}()
#3 D:\CI4App\vendor\codeigniter4\framework\system\Common.php(1092): CodeIgniter\View\View->render('buku/detailbuku', Array, true)
#4 D:\CI4App\app\Controllers\Buku.php(35): view('buku/detailbuku', Array)
#5 D:\CI4App\vendor\codeigniter4\framework\system\CodeIgniter.php(802): App\Controllers\Buku->detail('tambah')
#6 D:\CI4App\vendor\codeigniter4\framework\system\CodeIgniter.php(399): CodeIgniter\CodeIgniter->runController(Object(App\Controllers\Buku))
#7 D:\CI4App\vendor\codeigniter4\framework\system\CodeIgniter.php(317): CodeIgniter\CodeIgniter->handleRequest(NULL, Object(Config\Cache), false)
#8 D:\CI4App\public\index.php(37): CodeIgniter\CodeIgniter->run()
#9 D:\CI4App\vendor\codeigniter4\framework\system\Commands\Server\rewrite.php(43): require_once('D:\\CI4App\\publi...')
#10 {main}
CRITICAL - 2021-12-09 12:03:10 --> syntax error, unexpected ';'
#0 D:\CI4App\vendor\codeigniter4\framework\system\View\View.php(217): CodeIgniter\View\View->CodeIgniter\View\{closure}()
#1 D:\CI4App\vendor\codeigniter4\framework\system\Common.php(1092): CodeIgniter\View\View->render('buku/listbuku', Array, true)
#2 D:\CI4App\app\Controllers\Buku.php(25): view('buku/listbuku', Array)
#3 D:\CI4App\vendor\codeigniter4\framework\system\CodeIgniter.php(802): App\Controllers\Buku->index()
#4 D:\CI4App\vendor\codeigniter4\framework\system\CodeIgniter.php(399): CodeIgniter\CodeIgniter->runController(Object(App\Controllers\Buku))
#5 D:\CI4App\vendor\codeigniter4\framework\system\CodeIgniter.php(317): CodeIgniter\CodeIgniter->handleRequest(NULL, Object(Config\Cache), false)
#6 D:\CI4App\public\index.php(37): CodeIgniter\CodeIgniter->run()
#7 D:\CI4App\vendor\codeigniter4\framework\system\Commands\Server\rewrite.php(43): require_once('D:\\CI4App\\publi...')
#8 {main}
CRITICAL - 2021-12-09 12:07:16 --> Trying to access array offset on value of type null
#0 D:\CI4App\app\Views\Buku\DetailBuku.php(14): CodeIgniter\Debug\Exceptions->errorHandler(8, 'Trying to acces...', 'D:\\CI4App\\app\\V...', 14, Array)
#1 D:\CI4App\vendor\codeigniter4\framework\system\View\View.php(214): include('D:\\CI4App\\app\\V...')
#2 D:\CI4App\vendor\codeigniter4\framework\system\View\View.php(217): CodeIgniter\View\View->CodeIgniter\View\{closure}()
#3 D:\CI4App\vendor\codeigniter4\framework\system\Common.php(1092): CodeIgniter\View\View->render('buku/detailbuku', Array, true)
#4 D:\CI4App\app\Controllers\Buku.php(35): view('buku/detailbuku', Array)
#5 D:\CI4App\vendor\codeigniter4\framework\system\CodeIgniter.php(802): App\Controllers\Buku->detail('tambah')
#6 D:\CI4App\vendor\codeigniter4\framework\system\CodeIgniter.php(399): CodeIgniter\CodeIgniter->runController(Object(App\Controllers\Buku))
#7 D:\CI4App\vendor\codeigniter4\framework\system\CodeIgniter.php(317): CodeIgniter\CodeIgniter->handleRequest(NULL, Object(Config\Cache), false)
#8 D:\CI4App\public\index.php(37): CodeIgniter\CodeIgniter->run()
#9 D:\CI4App\vendor\codeigniter4\framework\system\Commands\Server\rewrite.php(43): require_once('D:\\CI4App\\publi...')
#10 {main}
CRITICAL - 2021-12-09 12:07:53 --> Trying to access array offset on value of type null
#0 D:\CI4App\app\Views\Buku\DetailBuku.php(14): CodeIgniter\Debug\Exceptions->errorHandler(8, 'Trying to acces...', 'D:\\CI4App\\app\\V...', 14, Array)
#1 D:\CI4App\vendor\codeigniter4\framework\system\View\View.php(214): include('D:\\CI4App\\app\\V...')
#2 D:\CI4App\vendor\codeigniter4\framework\system\View\View.php(217): CodeIgniter\View\View->CodeIgniter\View\{closure}()
#3 D:\CI4App\vendor\codeigniter4\framework\system\Common.php(1092): CodeIgniter\View\View->render('buku/detailbuku', Array, true)
#4 D:\CI4App\app\Controllers\Buku.php(35): view('buku/detailbuku', Array)
#5 D:\CI4App\vendor\codeigniter4\framework\system\CodeIgniter.php(802): App\Controllers\Buku->detail('tambah')
#6 D:\CI4App\vendor\codeigniter4\framework\system\CodeIgniter.php(399): CodeIgniter\CodeIgniter->runController(Object(App\Controllers\Buku))
#7 D:\CI4App\vendor\codeigniter4\framework\system\CodeIgniter.php(317): CodeIgniter\CodeIgniter->handleRequest(NULL, Object(Config\Cache), false)
#8 D:\CI4App\public\index.php(37): CodeIgniter\CodeIgniter->run()
#9 D:\CI4App\vendor\codeigniter4\framework\system\Commands\Server\rewrite.php(43): require_once('D:\\CI4App\\publi...')
#10 {main}
CRITICAL - 2021-12-09 12:07:57 --> Trying to access array offset on value of type null
#0 D:\CI4App\app\Views\Buku\DetailBuku.php(14): CodeIgniter\Debug\Exceptions->errorHandler(8, 'Trying to acces...', 'D:\\CI4App\\app\\V...', 14, Array)
#1 D:\CI4App\vendor\codeigniter4\framework\system\View\View.php(214): include('D:\\CI4App\\app\\V...')
#2 D:\CI4App\vendor\codeigniter4\framework\system\View\View.php(217): CodeIgniter\View\View->CodeIgniter\View\{closure}()
#3 D:\CI4App\vendor\codeigniter4\framework\system\Common.php(1092): CodeIgniter\View\View->render('buku/detailbuku', Array, true)
#4 D:\CI4App\app\Controllers\Buku.php(35): view('buku/detailbuku', Array)
#5 D:\CI4App\vendor\codeigniter4\framework\system\CodeIgniter.php(802): App\Controllers\Buku->detail('tambah')
#6 D:\CI4App\vendor\codeigniter4\framework\system\CodeIgniter.php(399): CodeIgniter\CodeIgniter->runController(Object(App\Controllers\Buku))
#7 D:\CI4App\vendor\codeigniter4\framework\system\CodeIgniter.php(317): CodeIgniter\CodeIgniter->handleRequest(NULL, Object(Config\Cache), false)
#8 D:\CI4App\public\index.php(37): CodeIgniter\CodeIgniter->run()
#9 D:\CI4App\vendor\codeigniter4\framework\system\Commands\Server\rewrite.php(43): require_once('D:\\CI4App\\publi...')
#10 {main}
CRITICAL - 2021-12-09 12:08:04 --> Trying to access array offset on value of type null
#0 D:\CI4App\app\Views\Buku\DetailBuku.php(14): CodeIgniter\Debug\Exceptions->errorHandler(8, 'Trying to acces...', 'D:\\CI4App\\app\\V...', 14, Array)
#1 D:\CI4App\vendor\codeigniter4\framework\system\View\View.php(214): include('D:\\CI4App\\app\\V...')
#2 D:\CI4App\vendor\codeigniter4\framework\system\View\View.php(217): CodeIgniter\View\View->CodeIgniter\View\{closure}()
#3 D:\CI4App\vendor\codeigniter4\framework\system\Common.php(1092): CodeIgniter\View\View->render('buku/detailbuku', Array, true)
#4 D:\CI4App\app\Controllers\Buku.php(35): view('buku/detailbuku', Array)
#5 D:\CI4App\vendor\codeigniter4\framework\system\CodeIgniter.php(802): App\Controllers\Buku->detail('tambah')
#6 D:\CI4App\vendor\codeigniter4\framework\system\CodeIgniter.php(399): CodeIgniter\CodeIgniter->runController(Object(App\Controllers\Buku))
#7 D:\CI4App\vendor\codeigniter4\framework\system\CodeIgniter.php(317): CodeIgniter\CodeIgniter->handleRequest(NULL, Object(Config\Cache), false)
#8 D:\CI4App\public\index.php(37): CodeIgniter\CodeIgniter->run()
#9 D:\CI4App\vendor\codeigniter4\framework\system\Commands\Server\rewrite.php(43): require_once('D:\\CI4App\\publi...')
#10 {main}
CRITICAL - 2021-12-09 12:08:16 --> Trying to access array offset on value of type null
#0 D:\CI4App\app\Views\Buku\DetailBuku.php(14): CodeIgniter\Debug\Exceptions->errorHandler(8, 'Trying to acces...', 'D:\\CI4App\\app\\V...', 14, Array)
#1 D:\CI4App\vendor\codeigniter4\framework\system\View\View.php(214): include('D:\\CI4App\\app\\V...')
#2 D:\CI4App\vendor\codeigniter4\framework\system\View\View.php(217): CodeIgniter\View\View->CodeIgniter\View\{closure}()
#3 D:\CI4App\vendor\codeigniter4\framework\system\Common.php(1092): CodeIgniter\View\View->render('buku/detailbuku', Array, true)
#4 D:\CI4App\app\Controllers\Buku.php(35): view('buku/detailbuku', Array)
#5 D:\CI4App\vendor\codeigniter4\framework\system\CodeIgniter.php(802): App\Controllers\Buku->detail('index')
#6 D:\CI4App\vendor\codeigniter4\framework\system\CodeIgniter.php(399): CodeIgniter\CodeIgniter->runController(Object(App\Controllers\Buku))
#7 D:\CI4App\vendor\codeigniter4\framework\system\CodeIgniter.php(317): CodeIgniter\CodeIgniter->handleRequest(NULL, Object(Config\Cache), false)
#8 D:\CI4App\public\index.php(37): CodeIgniter\CodeIgniter->run()
#9 D:\CI4App\vendor\codeigniter4\framework\system\Commands\Server\rewrite.php(43): require_once('D:\\CI4App\\publi...')
#10 {main}
CRITICAL - 2021-12-09 12:08:25 --> Trying to access array offset on value of type null
#0 D:\CI4App\app\Views\Buku\DetailBuku.php(14): CodeIgniter\Debug\Exceptions->errorHandler(8, 'Trying to acces...', 'D:\\CI4App\\app\\V...', 14, Array)
#1 D:\CI4App\vendor\codeigniter4\framework\system\View\View.php(214): include('D:\\CI4App\\app\\V...')
#2 D:\CI4App\vendor\codeigniter4\framework\system\View\View.php(217): CodeIgniter\View\View->CodeIgniter\View\{closure}()
#3 D:\CI4App\vendor\codeigniter4\framework\system\Common.php(1092): CodeIgniter\View\View->render('buku/detailbuku', Array, true)
#4 D:\CI4App\app\Controllers\Buku.php(35): view('buku/detailbuku', Array)
#5 D:\CI4App\vendor\codeigniter4\framework\system\CodeIgniter.php(802): App\Controllers\Buku->detail('tambah')
#6 D:\CI4App\vendor\codeigniter4\framework\system\CodeIgniter.php(399): CodeIgniter\CodeIgniter->runController(Object(App\Controllers\Buku))
#7 D:\CI4App\vendor\codeigniter4\framework\system\CodeIgniter.php(317): CodeIgniter\CodeIgniter->handleRequest(NULL, Object(Config\Cache), false)
#8 D:\CI4App\public\index.php(37): CodeIgniter\CodeIgniter->run()
#9 D:\CI4App\vendor\codeigniter4\framework\system\Commands\Server\rewrite.php(43): require_once('D:\\CI4App\\publi...')
#10 {main}
CRITICAL - 2021-12-09 12:08:33 --> Trying to access array offset on value of type null
#0 D:\CI4App\app\Views\Buku\DetailBuku.php(14): CodeIgniter\Debug\Exceptions->errorHandler(8, 'Trying to acces...', 'D:\\CI4App\\app\\V...', 14, Array)
#1 D:\CI4App\vendor\codeigniter4\framework\system\View\View.php(214): include('D:\\CI4App\\app\\V...')
#2 D:\CI4App\vendor\codeigniter4\framework\system\View\View.php(217): CodeIgniter\View\View->CodeIgniter\View\{closure}()
#3 D:\CI4App\vendor\codeigniter4\framework\system\Common.php(1092): CodeIgniter\View\View->render('buku/detailbuku', Array, true)
#4 D:\CI4App\app\Controllers\Buku.php(35): view('buku/detailbuku', Array)
#5 D:\CI4App\vendor\codeigniter4\framework\system\CodeIgniter.php(802): App\Controllers\Buku->detail('tambah')
#6 D:\CI4App\vendor\codeigniter4\framework\system\CodeIgniter.php(399): CodeIgniter\CodeIgniter->runController(Object(App\Controllers\Buku))
#7 D:\CI4App\vendor\codeigniter4\framework\system\CodeIgniter.php(317): CodeIgniter\CodeIgniter->handleRequest(NULL, Object(Config\Cache), false)
#8 D:\CI4App\public\index.php(37): CodeIgniter\CodeIgniter->run()
#9 D:\CI4App\vendor\codeigniter4\framework\system\Commands\Server\rewrite.php(43): require_once('D:\\CI4App\\publi...')
#10 {main}
CRITICAL - 2021-12-09 12:08:34 --> Trying to access array offset on value of type null
#0 D:\CI4App\app\Views\Buku\DetailBuku.php(14): CodeIgniter\Debug\Exceptions->errorHandler(8, 'Trying to acces...', 'D:\\CI4App\\app\\V...', 14, Array)
#1 D:\CI4App\vendor\codeigniter4\framework\system\View\View.php(214): include('D:\\CI4App\\app\\V...')
#2 D:\CI4App\vendor\codeigniter4\framework\system\View\View.php(217): CodeIgniter\View\View->CodeIgniter\View\{closure}()
#3 D:\CI4App\vendor\codeigniter4\framework\system\Common.php(1092): CodeIgniter\View\View->render('buku/detailbuku', Array, true)
#4 D:\CI4App\app\Controllers\Buku.php(35): view('buku/detailbuku', Array)
#5 D:\CI4App\vendor\codeigniter4\framework\system\CodeIgniter.php(802): App\Controllers\Buku->detail('tambah')
#6 D:\CI4App\vendor\codeigniter4\framework\system\CodeIgniter.php(399): CodeIgniter\CodeIgniter->runController(Object(App\Controllers\Buku))
#7 D:\CI4App\vendor\codeigniter4\framework\system\CodeIgniter.php(317): CodeIgniter\CodeIgniter->handleRequest(NULL, Object(Config\Cache), false)
#8 D:\CI4App\public\index.php(37): CodeIgniter\CodeIgniter->run()
#9 D:\CI4App\vendor\codeigniter4\framework\system\Commands\Server\rewrite.php(43): require_once('D:\\CI4App\\publi...')
#10 {main}
CRITICAL - 2021-12-09 12:08:35 --> Trying to access array offset on value of type null
#0 D:\CI4App\app\Views\Buku\DetailBuku.php(14): CodeIgniter\Debug\Exceptions->errorHandler(8, 'Trying to acces...', 'D:\\CI4App\\app\\V...', 14, Array)
#1 D:\CI4App\vendor\codeigniter4\framework\system\View\View.php(214): include('D:\\CI4App\\app\\V...')
#2 D:\CI4App\vendor\codeigniter4\framework\system\View\View.php(217): CodeIgniter\View\View->CodeIgniter\View\{closure}()
#3 D:\CI4App\vendor\codeigniter4\framework\system\Common.php(1092): CodeIgniter\View\View->render('buku/detailbuku', Array, true)
#4 D:\CI4App\app\Controllers\Buku.php(35): view('buku/detailbuku', Array)
#5 D:\CI4App\vendor\codeigniter4\framework\system\CodeIgniter.php(802): App\Controllers\Buku->detail('tambah')
#6 D:\CI4App\vendor\codeigniter4\framework\system\CodeIgniter.php(399): CodeIgniter\CodeIgniter->runController(Object(App\Controllers\Buku))
#7 D:\CI4App\vendor\codeigniter4\framework\system\CodeIgniter.php(317): CodeIgniter\CodeIgniter->handleRequest(NULL, Object(Config\Cache), false)
#8 D:\CI4App\public\index.php(37): CodeIgniter\CodeIgniter->run()
#9 D:\CI4App\vendor\codeigniter4\framework\system\Commands\Server\rewrite.php(43): require_once('D:\\CI4App\\publi...')
#10 {main}
CRITICAL - 2021-12-09 12:08:35 --> Trying to access array offset on value of type null
#0 D:\CI4App\app\Views\Buku\DetailBuku.php(14): CodeIgniter\Debug\Exceptions->errorHandler(8, 'Trying to acces...', 'D:\\CI4App\\app\\V...', 14, Array)
#1 D:\CI4App\vendor\codeigniter4\framework\system\View\View.php(214): include('D:\\CI4App\\app\\V...')
#2 D:\CI4App\vendor\codeigniter4\framework\system\View\View.php(217): CodeIgniter\View\View->CodeIgniter\View\{closure}()
#3 D:\CI4App\vendor\codeigniter4\framework\system\Common.php(1092): CodeIgniter\View\View->render('buku/detailbuku', Array, true)
#4 D:\CI4App\app\Controllers\Buku.php(35): view('buku/detailbuku', Array)
#5 D:\CI4App\vendor\codeigniter4\framework\system\CodeIgniter.php(802): App\Controllers\Buku->detail('tambah')
#6 D:\CI4App\vendor\codeigniter4\framework\system\CodeIgniter.php(399): CodeIgniter\CodeIgniter->runController(Object(App\Controllers\Buku))
#7 D:\CI4App\vendor\codeigniter4\framework\system\CodeIgniter.php(317): CodeIgniter\CodeIgniter->handleRequest(NULL, Object(Config\Cache), false)
#8 D:\CI4App\public\index.php(37): CodeIgniter\CodeIgniter->run()
#9 D:\CI4App\vendor\codeigniter4\framework\system\Commands\Server\rewrite.php(43): require_once('D:\\CI4App\\publi...')
#10 {main}
CRITICAL - 2021-12-09 12:08:36 --> Trying to access array offset on value of type null
#0 D:\CI4App\app\Views\Buku\DetailBuku.php(14): CodeIgniter\Debug\Exceptions->errorHandler(8, 'Trying to acces...', 'D:\\CI4App\\app\\V...', 14, Array)
#1 D:\CI4App\vendor\codeigniter4\framework\system\View\View.php(214): include('D:\\CI4App\\app\\V...')
#2 D:\CI4App\vendor\codeigniter4\framework\system\View\View.php(217): CodeIgniter\View\View->CodeIgniter\View\{closure}()
#3 D:\CI4App\vendor\codeigniter4\framework\system\Common.php(1092): CodeIgniter\View\View->render('buku/detailbuku', Array, true)
#4 D:\CI4App\app\Controllers\Buku.php(35): view('buku/detailbuku', Array)
#5 D:\CI4App\vendor\codeigniter4\framework\system\CodeIgniter.php(802): App\Controllers\Buku->detail('tambah')
#6 D:\CI4App\vendor\codeigniter4\framework\system\CodeIgniter.php(399): CodeIgniter\CodeIgniter->runController(Object(App\Controllers\Buku))
#7 D:\CI4App\vendor\codeigniter4\framework\system\CodeIgniter.php(317): CodeIgniter\CodeIgniter->handleRequest(NULL, Object(Config\Cache), false)
#8 D:\CI4App\public\index.php(37): CodeIgniter\CodeIgniter->run()
#9 D:\CI4App\vendor\codeigniter4\framework\system\Commands\Server\rewrite.php(43): require_once('D:\\CI4App\\publi...')
#10 {main}
CRITICAL - 2021-12-09 12:08:41 --> Trying to access array offset on value of type null
#0 D:\CI4App\app\Views\Buku\DetailBuku.php(14): CodeIgniter\Debug\Exceptions->errorHandler(8, 'Trying to acces...', 'D:\\CI4App\\app\\V...', 14, Array)
#1 D:\CI4App\vendor\codeigniter4\framework\system\View\View.php(214): include('D:\\CI4App\\app\\V...')
#2 D:\CI4App\vendor\codeigniter4\framework\system\View\View.php(217): CodeIgniter\View\View->CodeIgniter\View\{closure}()
#3 D:\CI4App\vendor\codeigniter4\framework\system\Common.php(1092): CodeIgniter\View\View->render('buku/detailbuku', Array, true)
#4 D:\CI4App\app\Controllers\Buku.php(35): view('buku/detailbuku', Array)
#5 D:\CI4App\vendor\codeigniter4\framework\system\CodeIgniter.php(802): App\Controllers\Buku->detail('tambah')
#6 D:\CI4App\vendor\codeigniter4\framework\system\CodeIgniter.php(399): CodeIgniter\CodeIgniter->runController(Object(App\Controllers\Buku))
#7 D:\CI4App\vendor\codeigniter4\framework\system\CodeIgniter.php(317): CodeIgniter\CodeIgniter->handleRequest(NULL, Object(Config\Cache), false)
#8 D:\CI4App\public\index.php(37): CodeIgniter\CodeIgniter->run()
#9 D:\CI4App\vendor\codeigniter4\framework\system\Commands\Server\rewrite.php(43): require_once('D:\\CI4App\\publi...')
#10 {main}
CRITICAL - 2021-12-09 12:10:43 --> Trying to access array offset on value of type null
#0 D:\CI4App\app\Views\Buku\DetailBuku.php(14): CodeIgniter\Debug\Exceptions->errorHandler(8, 'Trying to acces...', 'D:\\CI4App\\app\\V...', 14, Array)
#1 D:\CI4App\vendor\codeigniter4\framework\system\View\View.php(214): include('D:\\CI4App\\app\\V...')
#2 D:\CI4App\vendor\codeigniter4\framework\system\View\View.php(217): CodeIgniter\View\View->CodeIgniter\View\{closure}()
#3 D:\CI4App\vendor\codeigniter4\framework\system\Common.php(1092): CodeIgniter\View\View->render('buku/detailbuku', Array, true)
#4 D:\CI4App\app\Controllers\Buku.php(35): view('buku/detailbuku', Array)
#5 D:\CI4App\vendor\codeigniter4\framework\system\CodeIgniter.php(802): App\Controllers\Buku->detail('tambah')
#6 D:\CI4App\vendor\codeigniter4\framework\system\CodeIgniter.php(399): CodeIgniter\CodeIgniter->runController(Object(App\Controllers\Buku))
#7 D:\CI4App\vendor\codeigniter4\framework\system\CodeIgniter.php(317): CodeIgniter\CodeIgniter->handleRequest(NULL, Object(Config\Cache), false)
#8 D:\CI4App\public\index.php(37): CodeIgniter\CodeIgniter->run()
#9 D:\CI4App\vendor\codeigniter4\framework\system\Commands\Server\rewrite.php(43): require_once('D:\\CI4App\\publi...')
#10 {main}
CRITICAL - 2021-12-09 17:04:49 --> Undefined variable: data
#0 D:\CI4App\app\Views\Buku\TambahBuku.php(7): CodeIgniter\Debug\Exceptions->errorHandler(8, 'Undefined varia...', 'D:\\CI4App\\app\\V...', 7, Array)
#1 D:\CI4App\vendor\codeigniter4\framework\system\View\View.php(214): include('D:\\CI4App\\app\\V...')
#2 D:\CI4App\vendor\codeigniter4\framework\system\View\View.php(217): CodeIgniter\View\View->CodeIgniter\View\{closure}()
#3 D:\CI4App\vendor\codeigniter4\framework\system\Common.php(1092): CodeIgniter\View\View->render('buku/tambahbuku', Array, true)
#4 D:\CI4App\app\Controllers\Buku.php(49): view('buku/tambahbuku', Array)
#5 D:\CI4App\vendor\codeigniter4\framework\system\CodeIgniter.php(802): App\Controllers\Buku->tambah()
#6 D:\CI4App\vendor\codeigniter4\framework\system\CodeIgniter.php(399): CodeIgniter\CodeIgniter->runController(Object(App\Controllers\Buku))
#7 D:\CI4App\vendor\codeigniter4\framework\system\CodeIgniter.php(317): CodeIgniter\CodeIgniter->handleRequest(NULL, Object(Config\Cache), false)
#8 D:\CI4App\public\index.php(37): CodeIgniter\CodeIgniter->run()
#9 D:\CI4App\vendor\codeigniter4\framework\system\Commands\Server\rewrite.php(43): require_once('D:\\CI4App\\publi...')
#10 {main}
