CRITICAL - 2021-12-11 01:14:37 --> preg_match() expects parameter 2 to be string, array given
#0 [internal function]: CodeIgniter\Debug\Exceptions->errorHandler(2, 'preg_match() ex...', 'D:\\CI4App\\vendo...', 256, Array)
#1 D:\CI4App\vendor\codeigniter4\framework\system\Validation\Validation.php(256): preg_match('/(.*?)\\[(.*)\\]/', Array, NULL)
#2 D:\CI4App\vendor\codeigniter4\framework\system\Validation\Validation.php(151): CodeIgniter\Validation\Validation->processRules('0', '0', NULL, Array, Array)
#3 D:\CI4App\vendor\codeigniter4\framework\system\Controller.php(160): CodeIgniter\Validation\Validation->run()
#4 D:\CI4App\app\Controllers\Buku.php(60): CodeIgniter\Controller->validate(Array)
#5 D:\CI4App\vendor\codeigniter4\framework\system\CodeIgniter.php(802): App\Controllers\Buku->simpan()
#6 D:\CI4App\vendor\codeigniter4\framework\system\CodeIgniter.php(399): CodeIgniter\CodeIgniter->runController(Object(App\Controllers\Buku))
#7 D:\CI4App\vendor\codeigniter4\framework\system\CodeIgniter.php(317): CodeIgniter\CodeIgniter->handleRequest(NULL, Object(Config\Cache), false)
#8 D:\CI4App\public\index.php(37): CodeIgniter\CodeIgniter->run()
#9 D:\CI4App\vendor\codeigniter4\framework\system\Commands\Server\rewrite.php(43): require_once('D:\\CI4App\\publi...')
#10 {main}
CRITICAL - 2021-12-11 04:18:29 --> unlink(img/): Is a directory
#0 [internal function]: CodeIgniter\Debug\Exceptions->errorHandler(2, 'unlink(img/): I...', 'D:\\CI4App\\app\\C...', 188, Array)
#1 D:\CI4App\app\Controllers\Buku.php(188): unlink('img/')
#2 D:\CI4App\vendor\codeigniter4\framework\system\CodeIgniter.php(802): App\Controllers\Buku->update('57')
#3 D:\CI4App\vendor\codeigniter4\framework\system\CodeIgniter.php(399): CodeIgniter\CodeIgniter->runController(Object(App\Controllers\Buku))
#4 D:\CI4App\vendor\codeigniter4\framework\system\CodeIgniter.php(317): CodeIgniter\CodeIgniter->handleRequest(NULL, Object(Config\Cache), false)
#5 D:\CI4App\public\index.php(37): CodeIgniter\CodeIgniter->run()
#6 D:\CI4App\vendor\codeigniter4\framework\system\Commands\Server\rewrite.php(43): require_once('D:\\CI4App\\publi...')
#7 {main}
CRITICAL - 2021-12-11 04:19:23 --> unlink(img/): Is a directory
#0 [internal function]: CodeIgniter\Debug\Exceptions->errorHandler(2, 'unlink(img/): I...', 'D:\\CI4App\\app\\C...', 188, Array)
#1 D:\CI4App\app\Controllers\Buku.php(188): unlink('img/')
#2 D:\CI4App\vendor\codeigniter4\framework\system\CodeIgniter.php(802): App\Controllers\Buku->update('57')
#3 D:\CI4App\vendor\codeigniter4\framework\system\CodeIgniter.php(399): CodeIgniter\CodeIgniter->runController(Object(App\Controllers\Buku))
#4 D:\CI4App\vendor\codeigniter4\framework\system\CodeIgniter.php(317): CodeIgniter\CodeIgniter->handleRequest(NULL, Object(Config\Cache), false)
#5 D:\CI4App\public\index.php(37): CodeIgniter\CodeIgniter->run()
#6 D:\CI4App\vendor\codeigniter4\framework\system\Commands\Server\rewrite.php(43): require_once('D:\\CI4App\\publi...')
#7 {main}
CRITICAL - 2021-12-11 04:19:33 --> unlink(img/): Is a directory
#0 [internal function]: CodeIgniter\Debug\Exceptions->errorHandler(2, 'unlink(img/): I...', 'D:\\CI4App\\app\\C...', 188, Array)
#1 D:\CI4App\app\Controllers\Buku.php(188): unlink('img/')
#2 D:\CI4App\vendor\codeigniter4\framework\system\CodeIgniter.php(802): App\Controllers\Buku->update('57')
#3 D:\CI4App\vendor\codeigniter4\framework\system\CodeIgniter.php(399): CodeIgniter\CodeIgniter->runController(Object(App\Controllers\Buku))
#4 D:\CI4App\vendor\codeigniter4\framework\system\CodeIgniter.php(317): CodeIgniter\CodeIgniter->handleRequest(NULL, Object(Config\Cache), false)
#5 D:\CI4App\public\index.php(37): CodeIgniter\CodeIgniter->run()
#6 D:\CI4App\vendor\codeigniter4\framework\system\Commands\Server\rewrite.php(43): require_once('D:\\CI4App\\publi...')
#7 {main}
CRITICAL - 2021-12-11 04:20:17 --> unlink(img/): Is a directory
#0 [internal function]: CodeIgniter\Debug\Exceptions->errorHandler(2, 'unlink(img/): I...', 'D:\\CI4App\\app\\C...', 188, Array)
#1 D:\CI4App\app\Controllers\Buku.php(188): unlink('img/')
#2 D:\CI4App\vendor\codeigniter4\framework\system\CodeIgniter.php(802): App\Controllers\Buku->update('57')
#3 D:\CI4App\vendor\codeigniter4\framework\system\CodeIgniter.php(399): CodeIgniter\CodeIgniter->runController(Object(App\Controllers\Buku))
#4 D:\CI4App\vendor\codeigniter4\framework\system\CodeIgniter.php(317): CodeIgniter\CodeIgniter->handleRequest(NULL, Object(Config\Cache), false)
#5 D:\CI4App\public\index.php(37): CodeIgniter\CodeIgniter->run()
#6 D:\CI4App\vendor\codeigniter4\framework\system\Commands\Server\rewrite.php(43): require_once('D:\\CI4App\\publi...')
#7 {main}
CRITICAL - 2021-12-11 06:50:10 --> Undefined variable: CurrentPage
#0 D:\CI4App\app\Views\Buku\ListBuku.php(27): CodeIgniter\Debug\Exceptions->errorHandler(8, 'Undefined varia...', 'D:\\CI4App\\app\\V...', 27, Array)
#1 D:\CI4App\vendor\codeigniter4\framework\system\View\View.php(214): include('D:\\CI4App\\app\\V...')
#2 D:\CI4App\vendor\codeigniter4\framework\system\View\View.php(217): CodeIgniter\View\View->CodeIgniter\View\{closure}()
#3 D:\CI4App\vendor\codeigniter4\framework\system\Common.php(1092): CodeIgniter\View\View->render('buku/listbuku', Array, true)
#4 D:\CI4App\app\Controllers\Buku.php(31): view('buku/listbuku', Array)
#5 D:\CI4App\vendor\codeigniter4\framework\system\CodeIgniter.php(802): App\Controllers\Buku->index()
#6 D:\CI4App\vendor\codeigniter4\framework\system\CodeIgniter.php(399): CodeIgniter\CodeIgniter->runController(Object(App\Controllers\Buku))
#7 D:\CI4App\vendor\codeigniter4\framework\system\CodeIgniter.php(317): CodeIgniter\CodeIgniter->handleRequest(NULL, Object(Config\Cache), false)
#8 D:\CI4App\public\index.php(37): CodeIgniter\CodeIgniter->run()
#9 D:\CI4App\vendor\codeigniter4\framework\system\Commands\Server\rewrite.php(43): require_once('D:\\CI4App\\publi...')
#10 {main}
CRITICAL - 2021-12-11 06:50:46 --> Undefined variable: CurrentPage
#0 D:\CI4App\app\Views\Buku\ListBuku.php(27): CodeIgniter\Debug\Exceptions->errorHandler(8, 'Undefined varia...', 'D:\\CI4App\\app\\V...', 27, Array)
#1 D:\CI4App\vendor\codeigniter4\framework\system\View\View.php(214): include('D:\\CI4App\\app\\V...')
#2 D:\CI4App\vendor\codeigniter4\framework\system\View\View.php(217): CodeIgniter\View\View->CodeIgniter\View\{closure}()
#3 D:\CI4App\vendor\codeigniter4\framework\system\Common.php(1092): CodeIgniter\View\View->render('buku/listbuku', Array, true)
#4 D:\CI4App\app\Controllers\Buku.php(31): view('buku/listbuku', Array)
#5 D:\CI4App\vendor\codeigniter4\framework\system\CodeIgniter.php(802): App\Controllers\Buku->index()
#6 D:\CI4App\vendor\codeigniter4\framework\system\CodeIgniter.php(399): CodeIgniter\CodeIgniter->runController(Object(App\Controllers\Buku))
#7 D:\CI4App\vendor\codeigniter4\framework\system\CodeIgniter.php(317): CodeIgniter\CodeIgniter->handleRequest(NULL, Object(Config\Cache), false)
#8 D:\CI4App\public\index.php(37): CodeIgniter\CodeIgniter->run()
#9 D:\CI4App\vendor\codeigniter4\framework\system\Commands\Server\rewrite.php(43): require_once('D:\\CI4App\\publi...')
#10 {main}
CRITICAL - 2021-12-11 06:51:46 --> Undefined variable: CurrentPage
#0 D:\CI4App\app\Views\Buku\ListBuku.php(27): CodeIgniter\Debug\Exceptions->errorHandler(8, 'Undefined varia...', 'D:\\CI4App\\app\\V...', 27, Array)
#1 D:\CI4App\vendor\codeigniter4\framework\system\View\View.php(214): include('D:\\CI4App\\app\\V...')
#2 D:\CI4App\vendor\codeigniter4\framework\system\View\View.php(217): CodeIgniter\View\View->CodeIgniter\View\{closure}()
#3 D:\CI4App\vendor\codeigniter4\framework\system\Common.php(1092): CodeIgniter\View\View->render('buku/listbuku', Array, true)
#4 D:\CI4App\app\Controllers\Buku.php(31): view('buku/listbuku', Array)
#5 D:\CI4App\vendor\codeigniter4\framework\system\CodeIgniter.php(802): App\Controllers\Buku->index()
#6 D:\CI4App\vendor\codeigniter4\framework\system\CodeIgniter.php(399): CodeIgniter\CodeIgniter->runController(Object(App\Controllers\Buku))
#7 D:\CI4App\vendor\codeigniter4\framework\system\CodeIgniter.php(317): CodeIgniter\CodeIgniter->handleRequest(NULL, Object(Config\Cache), false)
#8 D:\CI4App\public\index.php(37): CodeIgniter\CodeIgniter->run()
#9 D:\CI4App\vendor\codeigniter4\framework\system\Commands\Server\rewrite.php(43): require_once('D:\\CI4App\\publi...')
#10 {main}
CRITICAL - 2021-12-11 06:51:51 --> Undefined variable: CurrentPage
#0 D:\CI4App\app\Views\Buku\ListBuku.php(27): CodeIgniter\Debug\Exceptions->errorHandler(8, 'Undefined varia...', 'D:\\CI4App\\app\\V...', 27, Array)
#1 D:\CI4App\vendor\codeigniter4\framework\system\View\View.php(214): include('D:\\CI4App\\app\\V...')
#2 D:\CI4App\vendor\codeigniter4\framework\system\View\View.php(217): CodeIgniter\View\View->CodeIgniter\View\{closure}()
#3 D:\CI4App\vendor\codeigniter4\framework\system\Common.php(1092): CodeIgniter\View\View->render('buku/listbuku', Array, true)
#4 D:\CI4App\app\Controllers\Buku.php(31): view('buku/listbuku', Array)
#5 D:\CI4App\vendor\codeigniter4\framework\system\CodeIgniter.php(802): App\Controllers\Buku->index()
#6 D:\CI4App\vendor\codeigniter4\framework\system\CodeIgniter.php(399): CodeIgniter\CodeIgniter->runController(Object(App\Controllers\Buku))
#7 D:\CI4App\vendor\codeigniter4\framework\system\CodeIgniter.php(317): CodeIgniter\CodeIgniter->handleRequest(NULL, Object(Config\Cache), false)
#8 D:\CI4App\public\index.php(37): CodeIgniter\CodeIgniter->run()
#9 D:\CI4App\vendor\codeigniter4\framework\system\Commands\Server\rewrite.php(43): require_once('D:\\CI4App\\publi...')
#10 {main}
CRITICAL - 2021-12-11 06:52:35 --> Undefined variable: currentPage
#0 D:\CI4App\app\Views\Buku\ListBuku.php(27): CodeIgniter\Debug\Exceptions->errorHandler(8, 'Undefined varia...', 'D:\\CI4App\\app\\V...', 27, Array)
#1 D:\CI4App\vendor\codeigniter4\framework\system\View\View.php(214): include('D:\\CI4App\\app\\V...')
#2 D:\CI4App\vendor\codeigniter4\framework\system\View\View.php(217): CodeIgniter\View\View->CodeIgniter\View\{closure}()
#3 D:\CI4App\vendor\codeigniter4\framework\system\Common.php(1092): CodeIgniter\View\View->render('buku/listbuku', Array, true)
#4 D:\CI4App\app\Controllers\Buku.php(31): view('buku/listbuku', Array)
#5 D:\CI4App\vendor\codeigniter4\framework\system\CodeIgniter.php(802): App\Controllers\Buku->index()
#6 D:\CI4App\vendor\codeigniter4\framework\system\CodeIgniter.php(399): CodeIgniter\CodeIgniter->runController(Object(App\Controllers\Buku))
#7 D:\CI4App\vendor\codeigniter4\framework\system\CodeIgniter.php(317): CodeIgniter\CodeIgniter->handleRequest(NULL, Object(Config\Cache), false)
#8 D:\CI4App\public\index.php(37): CodeIgniter\CodeIgniter->run()
#9 D:\CI4App\vendor\codeigniter4\framework\system\Commands\Server\rewrite.php(43): require_once('D:\\CI4App\\publi...')
#10 {main}
CRITICAL - 2021-12-11 06:52:37 --> Undefined variable: currentPage
#0 D:\CI4App\app\Views\Buku\ListBuku.php(27): CodeIgniter\Debug\Exceptions->errorHandler(8, 'Undefined varia...', 'D:\\CI4App\\app\\V...', 27, Array)
#1 D:\CI4App\vendor\codeigniter4\framework\system\View\View.php(214): include('D:\\CI4App\\app\\V...')
#2 D:\CI4App\vendor\codeigniter4\framework\system\View\View.php(217): CodeIgniter\View\View->CodeIgniter\View\{closure}()
#3 D:\CI4App\vendor\codeigniter4\framework\system\Common.php(1092): CodeIgniter\View\View->render('buku/listbuku', Array, true)
#4 D:\CI4App\app\Controllers\Buku.php(31): view('buku/listbuku', Array)
#5 D:\CI4App\vendor\codeigniter4\framework\system\CodeIgniter.php(802): App\Controllers\Buku->index()
#6 D:\CI4App\vendor\codeigniter4\framework\system\CodeIgniter.php(399): CodeIgniter\CodeIgniter->runController(Object(App\Controllers\Buku))
#7 D:\CI4App\vendor\codeigniter4\framework\system\CodeIgniter.php(317): CodeIgniter\CodeIgniter->handleRequest(NULL, Object(Config\Cache), false)
#8 D:\CI4App\public\index.php(37): CodeIgniter\CodeIgniter->run()
#9 D:\CI4App\vendor\codeigniter4\framework\system\Commands\Server\rewrite.php(43): require_once('D:\\CI4App\\publi...')
#10 {main}
CRITICAL - 2021-12-11 06:52:38 --> Undefined variable: currentPage
#0 D:\CI4App\app\Views\Buku\ListBuku.php(27): CodeIgniter\Debug\Exceptions->errorHandler(8, 'Undefined varia...', 'D:\\CI4App\\app\\V...', 27, Array)
#1 D:\CI4App\vendor\codeigniter4\framework\system\View\View.php(214): include('D:\\CI4App\\app\\V...')
#2 D:\CI4App\vendor\codeigniter4\framework\system\View\View.php(217): CodeIgniter\View\View->CodeIgniter\View\{closure}()
#3 D:\CI4App\vendor\codeigniter4\framework\system\Common.php(1092): CodeIgniter\View\View->render('buku/listbuku', Array, true)
#4 D:\CI4App\app\Controllers\Buku.php(31): view('buku/listbuku', Array)
#5 D:\CI4App\vendor\codeigniter4\framework\system\CodeIgniter.php(802): App\Controllers\Buku->index()
#6 D:\CI4App\vendor\codeigniter4\framework\system\CodeIgniter.php(399): CodeIgniter\CodeIgniter->runController(Object(App\Controllers\Buku))
#7 D:\CI4App\vendor\codeigniter4\framework\system\CodeIgniter.php(317): CodeIgniter\CodeIgniter->handleRequest(NULL, Object(Config\Cache), false)
#8 D:\CI4App\public\index.php(37): CodeIgniter\CodeIgniter->run()
#9 D:\CI4App\vendor\codeigniter4\framework\system\Commands\Server\rewrite.php(43): require_once('D:\\CI4App\\publi...')
#10 {main}
CRITICAL - 2021-12-11 06:53:17 --> Undefined variable: currentPage
#0 D:\CI4App\app\Views\Buku\ListBuku.php(27): CodeIgniter\Debug\Exceptions->errorHandler(8, 'Undefined varia...', 'D:\\CI4App\\app\\V...', 27, Array)
#1 D:\CI4App\vendor\codeigniter4\framework\system\View\View.php(214): include('D:\\CI4App\\app\\V...')
#2 D:\CI4App\vendor\codeigniter4\framework\system\View\View.php(217): CodeIgniter\View\View->CodeIgniter\View\{closure}()
#3 D:\CI4App\vendor\codeigniter4\framework\system\Common.php(1092): CodeIgniter\View\View->render('buku/listbuku', Array, true)
#4 D:\CI4App\app\Controllers\Buku.php(31): view('buku/listbuku', Array)
#5 D:\CI4App\vendor\codeigniter4\framework\system\CodeIgniter.php(802): App\Controllers\Buku->index()
#6 D:\CI4App\vendor\codeigniter4\framework\system\CodeIgniter.php(399): CodeIgniter\CodeIgniter->runController(Object(App\Controllers\Buku))
#7 D:\CI4App\vendor\codeigniter4\framework\system\CodeIgniter.php(317): CodeIgniter\CodeIgniter->handleRequest(NULL, Object(Config\Cache), false)
#8 D:\CI4App\public\index.php(37): CodeIgniter\CodeIgniter->run()
#9 D:\CI4App\vendor\codeigniter4\framework\system\Commands\Server\rewrite.php(43): require_once('D:\\CI4App\\publi...')
#10 {main}
