ERROR - 2021-12-10 20:34:10 --> Error connecting to the database: No connection could be made because the target machine actively refused it.

CRITICAL - 2021-12-10 20:34:10 --> Unable to connect to the database.
Main connection [MySQLi]: No connection could be made because the target machine actively refused it.

#0 D:\CI4App\vendor\codeigniter4\framework\system\Database\BaseConnection.php(570): CodeIgniter\Database\BaseConnection->initialize()
#1 D:\CI4App\vendor\codeigniter4\framework\system\Database\BaseBuilder.php(1428): CodeIgniter\Database\BaseConnection->query('SELECT *\nFROM `...', Array, false)
#2 D:\CI4App\vendor\codeigniter4\framework\system\Model.php(183): CodeIgniter\Database\BaseBuilder->get()
#3 D:\CI4App\vendor\codeigniter4\framework\system\BaseModel.php(584): CodeIgniter\Model->doFindAll(0, 0)
#4 D:\CI4App\app\Models\BukuModel.php(17): CodeIgniter\BaseModel->findAll()
#5 D:\CI4App\app\Controllers\Buku.php(22): App\Models\BukuModel->getBuku()
#6 D:\CI4App\vendor\codeigniter4\framework\system\CodeIgniter.php(802): App\Controllers\Buku->index()
#7 D:\CI4App\vendor\codeigniter4\framework\system\CodeIgniter.php(399): CodeIgniter\CodeIgniter->runController(Object(App\Controllers\Buku))
#8 D:\CI4App\vendor\codeigniter4\framework\system\CodeIgniter.php(317): CodeIgniter\CodeIgniter->handleRequest(NULL, Object(Config\Cache), false)
#9 D:\CI4App\public\index.php(37): CodeIgniter\CodeIgniter->run()
#10 D:\CI4App\vendor\codeigniter4\framework\system\Commands\Server\rewrite.php(43): require_once('D:\\CI4App\\publi...')
#11 {main}
CRITICAL - 2021-12-10 20:39:46 --> Allowed fields must be specified for model: App\Models\BukuModel
#0 D:\CI4App\vendor\codeigniter4\framework\system\BaseModel.php(1134): CodeIgniter\Database\Exceptions\DataException::forInvalidAllowedFields('App\\Models\\Buku...')
#1 D:\CI4App\vendor\codeigniter4\framework\system\BaseModel.php(713): CodeIgniter\BaseModel->doProtectFields(Array)
#2 D:\CI4App\vendor\codeigniter4\framework\system\Model.php(620): CodeIgniter\BaseModel->insert(Array, false)
#3 D:\CI4App\vendor\codeigniter4\framework\system\BaseModel.php(658): CodeIgniter\Model->insert(Array, false)
#4 D:\CI4App\app\Controllers\Buku.php(83): CodeIgniter\BaseModel->save(Array)
#5 D:\CI4App\vendor\codeigniter4\framework\system\CodeIgniter.php(802): App\Controllers\Buku->simpan()
#6 D:\CI4App\vendor\codeigniter4\framework\system\CodeIgniter.php(399): CodeIgniter\CodeIgniter->runController(Object(App\Controllers\Buku))
#7 D:\CI4App\vendor\codeigniter4\framework\system\CodeIgniter.php(317): CodeIgniter\CodeIgniter->handleRequest(NULL, Object(Config\Cache), false)
#8 D:\CI4App\public\index.php(37): CodeIgniter\CodeIgniter->run()
#9 D:\CI4App\vendor\codeigniter4\framework\system\Commands\Server\rewrite.php(43): require_once('D:\\CI4App\\publi...')
#10 {main}
ERROR - 2021-12-10 20:42:42 --> Unknown column 'created_at' in 'field list'
CRITICAL - 2021-12-10 20:42:42 --> Unknown column 'created_at' in 'field list'
#0 D:\CI4App\vendor\codeigniter4\framework\system\Database\MySQLi\Connection.php(280): mysqli->query('INSERT INTO `bu...')
#1 D:\CI4App\vendor\codeigniter4\framework\system\Database\BaseConnection.php(663): CodeIgniter\Database\MySQLi\Connection->execute('INSERT INTO `bu...')
#2 D:\CI4App\vendor\codeigniter4\framework\system\Database\BaseConnection.php(591): CodeIgniter\Database\BaseConnection->simpleQuery('INSERT INTO `bu...')
#3 D:\CI4App\vendor\codeigniter4\framework\system\Database\BaseBuilder.php(1733): CodeIgniter\Database\BaseConnection->query('INSERT INTO `bu...', Array, false)
#4 D:\CI4App\vendor\codeigniter4\framework\system\Model.php(239): CodeIgniter\Database\BaseBuilder->insert()
#5 D:\CI4App\vendor\codeigniter4\framework\system\BaseModel.php(738): CodeIgniter\Model->doInsert(Array)
#6 D:\CI4App\vendor\codeigniter4\framework\system\Model.php(620): CodeIgniter\BaseModel->insert(Array, false)
#7 D:\CI4App\vendor\codeigniter4\framework\system\BaseModel.php(658): CodeIgniter\Model->insert(Array, false)
#8 D:\CI4App\app\Controllers\Buku.php(83): CodeIgniter\BaseModel->save(Array)
#9 D:\CI4App\vendor\codeigniter4\framework\system\CodeIgniter.php(802): App\Controllers\Buku->simpan()
#10 D:\CI4App\vendor\codeigniter4\framework\system\CodeIgniter.php(399): CodeIgniter\CodeIgniter->runController(Object(App\Controllers\Buku))
#11 D:\CI4App\vendor\codeigniter4\framework\system\CodeIgniter.php(317): CodeIgniter\CodeIgniter->handleRequest(NULL, Object(Config\Cache), false)
#12 D:\CI4App\public\index.php(37): CodeIgniter\CodeIgniter->run()
#13 D:\CI4App\vendor\codeigniter4\framework\system\Commands\Server\rewrite.php(43): require_once('D:\\CI4App\\publi...')
#14 {main}
CRITICAL - 2021-12-10 21:31:43 --> Undefined index: id
#0 D:\CI4App\app\Views\Buku\DetailBuku.php(24): CodeIgniter\Debug\Exceptions->errorHandler(8, 'Undefined index...', 'D:\\CI4App\\app\\V...', 24, Array)
#1 D:\CI4App\vendor\codeigniter4\framework\system\View\View.php(214): include('D:\\CI4App\\app\\V...')
#2 D:\CI4App\vendor\codeigniter4\framework\system\View\View.php(217): CodeIgniter\View\View->CodeIgniter\View\{closure}()
#3 D:\CI4App\vendor\codeigniter4\framework\system\Common.php(1092): CodeIgniter\View\View->render('buku/detailbuku', Array, true)
#4 D:\CI4App\app\Controllers\Buku.php(40): view('buku/detailbuku', Array)
#5 D:\CI4App\vendor\codeigniter4\framework\system\CodeIgniter.php(802): App\Controllers\Buku->detail('habis-gelap-ter...')
#6 D:\CI4App\vendor\codeigniter4\framework\system\CodeIgniter.php(399): CodeIgniter\CodeIgniter->runController(Object(App\Controllers\Buku))
#7 D:\CI4App\vendor\codeigniter4\framework\system\CodeIgniter.php(317): CodeIgniter\CodeIgniter->handleRequest(NULL, Object(Config\Cache), false)
#8 D:\CI4App\public\index.php(37): CodeIgniter\CodeIgniter->run()
#9 D:\CI4App\vendor\codeigniter4\framework\system\Commands\Server\rewrite.php(43): require_once('D:\\CI4App\\publi...')
#10 {main}
CRITICAL - 2021-12-10 22:15:45 --> Undefined index: id
#0 D:\CI4App\app\Views\Buku\UbahBuku.php(8): CodeIgniter\Debug\Exceptions->errorHandler(8, 'Undefined index...', 'D:\\CI4App\\app\\V...', 8, Array)
#1 D:\CI4App\vendor\codeigniter4\framework\system\View\View.php(214): include('D:\\CI4App\\app\\V...')
#2 D:\CI4App\vendor\codeigniter4\framework\system\View\View.php(217): CodeIgniter\View\View->CodeIgniter\View\{closure}()
#3 D:\CI4App\vendor\codeigniter4\framework\system\Common.php(1092): CodeIgniter\View\View->render('buku/ubahbuku', Array, true)
#4 D:\CI4App\app\Controllers\Buku.php(109): view('buku/ubahbuku', Array)
#5 D:\CI4App\vendor\codeigniter4\framework\system\CodeIgniter.php(802): App\Controllers\Buku->ubah('habis-gelap-ter...')
#6 D:\CI4App\vendor\codeigniter4\framework\system\CodeIgniter.php(399): CodeIgniter\CodeIgniter->runController(Object(App\Controllers\Buku))
#7 D:\CI4App\vendor\codeigniter4\framework\system\CodeIgniter.php(317): CodeIgniter\CodeIgniter->handleRequest(NULL, Object(Config\Cache), false)
#8 D:\CI4App\public\index.php(37): CodeIgniter\CodeIgniter->run()
#9 D:\CI4App\vendor\codeigniter4\framework\system\Commands\Server\rewrite.php(43): require_once('D:\\CI4App\\publi...')
#10 {main}
CRITICAL - 2021-12-10 22:15:57 --> Function name must be a string
#0 D:\CI4App\vendor\codeigniter4\framework\system\View\View.php(214): include()
#1 D:\CI4App\vendor\codeigniter4\framework\system\View\View.php(217): CodeIgniter\View\View->CodeIgniter\View\{closure}()
#2 D:\CI4App\vendor\codeigniter4\framework\system\Common.php(1092): CodeIgniter\View\View->render('buku/ubahbuku', Array, true)
#3 D:\CI4App\app\Controllers\Buku.php(109): view('buku/ubahbuku', Array)
#4 D:\CI4App\vendor\codeigniter4\framework\system\CodeIgniter.php(802): App\Controllers\Buku->ubah('habis-gelap-ter...')
#5 D:\CI4App\vendor\codeigniter4\framework\system\CodeIgniter.php(399): CodeIgniter\CodeIgniter->runController(Object(App\Controllers\Buku))
#6 D:\CI4App\vendor\codeigniter4\framework\system\CodeIgniter.php(317): CodeIgniter\CodeIgniter->handleRequest(NULL, Object(Config\Cache), false)
#7 D:\CI4App\public\index.php(37): CodeIgniter\CodeIgniter->run()
#8 D:\CI4App\vendor\codeigniter4\framework\system\Commands\Server\rewrite.php(43): require_once('D:\\CI4App\\publi...')
#9 {main}
CRITICAL - 2021-12-10 22:17:43 --> Function name must be a string
#0 D:\CI4App\vendor\codeigniter4\framework\system\View\View.php(214): include()
#1 D:\CI4App\vendor\codeigniter4\framework\system\View\View.php(217): CodeIgniter\View\View->CodeIgniter\View\{closure}()
#2 D:\CI4App\vendor\codeigniter4\framework\system\Common.php(1092): CodeIgniter\View\View->render('buku/ubahbuku', Array, true)
#3 D:\CI4App\app\Controllers\Buku.php(109): view('buku/ubahbuku', Array)
#4 D:\CI4App\vendor\codeigniter4\framework\system\CodeIgniter.php(802): App\Controllers\Buku->ubah('habis-gelap-ter...')
#5 D:\CI4App\vendor\codeigniter4\framework\system\CodeIgniter.php(399): CodeIgniter\CodeIgniter->runController(Object(App\Controllers\Buku))
#6 D:\CI4App\vendor\codeigniter4\framework\system\CodeIgniter.php(317): CodeIgniter\CodeIgniter->handleRequest(NULL, Object(Config\Cache), false)
#7 D:\CI4App\public\index.php(37): CodeIgniter\CodeIgniter->run()
#8 D:\CI4App\vendor\codeigniter4\framework\system\Commands\Server\rewrite.php(43): require_once('D:\\CI4App\\publi...')
#9 {main}
CRITICAL - 2021-12-10 22:17:43 --> Function name must be a string
#0 D:\CI4App\vendor\codeigniter4\framework\system\View\View.php(214): include()
#1 D:\CI4App\vendor\codeigniter4\framework\system\View\View.php(217): CodeIgniter\View\View->CodeIgniter\View\{closure}()
#2 D:\CI4App\vendor\codeigniter4\framework\system\Common.php(1092): CodeIgniter\View\View->render('buku/ubahbuku', Array, true)
#3 D:\CI4App\app\Controllers\Buku.php(109): view('buku/ubahbuku', Array)
#4 D:\CI4App\vendor\codeigniter4\framework\system\CodeIgniter.php(802): App\Controllers\Buku->ubah('habis-gelap-ter...')
#5 D:\CI4App\vendor\codeigniter4\framework\system\CodeIgniter.php(399): CodeIgniter\CodeIgniter->runController(Object(App\Controllers\Buku))
#6 D:\CI4App\vendor\codeigniter4\framework\system\CodeIgniter.php(317): CodeIgniter\CodeIgniter->handleRequest(NULL, Object(Config\Cache), false)
#7 D:\CI4App\public\index.php(37): CodeIgniter\CodeIgniter->run()
#8 D:\CI4App\vendor\codeigniter4\framework\system\Commands\Server\rewrite.php(43): require_once('D:\\CI4App\\publi...')
#9 {main}
CRITICAL - 2021-12-10 22:17:44 --> Function name must be a string
#0 D:\CI4App\vendor\codeigniter4\framework\system\View\View.php(214): include()
#1 D:\CI4App\vendor\codeigniter4\framework\system\View\View.php(217): CodeIgniter\View\View->CodeIgniter\View\{closure}()
#2 D:\CI4App\vendor\codeigniter4\framework\system\Common.php(1092): CodeIgniter\View\View->render('buku/ubahbuku', Array, true)
#3 D:\CI4App\app\Controllers\Buku.php(109): view('buku/ubahbuku', Array)
#4 D:\CI4App\vendor\codeigniter4\framework\system\CodeIgniter.php(802): App\Controllers\Buku->ubah('habis-gelap-ter...')
#5 D:\CI4App\vendor\codeigniter4\framework\system\CodeIgniter.php(399): CodeIgniter\CodeIgniter->runController(Object(App\Controllers\Buku))
#6 D:\CI4App\vendor\codeigniter4\framework\system\CodeIgniter.php(317): CodeIgniter\CodeIgniter->handleRequest(NULL, Object(Config\Cache), false)
#7 D:\CI4App\public\index.php(37): CodeIgniter\CodeIgniter->run()
#8 D:\CI4App\vendor\codeigniter4\framework\system\Commands\Server\rewrite.php(43): require_once('D:\\CI4App\\publi...')
#9 {main}
CRITICAL - 2021-12-10 22:19:10 --> Function name must be a string
#0 D:\CI4App\vendor\codeigniter4\framework\system\View\View.php(214): include()
#1 D:\CI4App\vendor\codeigniter4\framework\system\View\View.php(217): CodeIgniter\View\View->CodeIgniter\View\{closure}()
#2 D:\CI4App\vendor\codeigniter4\framework\system\Common.php(1092): CodeIgniter\View\View->render('buku/ubahbuku', Array, true)
#3 D:\CI4App\app\Controllers\Buku.php(109): view('buku/ubahbuku', Array)
#4 D:\CI4App\vendor\codeigniter4\framework\system\CodeIgniter.php(802): App\Controllers\Buku->ubah('habis-gelap-ter...')
#5 D:\CI4App\vendor\codeigniter4\framework\system\CodeIgniter.php(399): CodeIgniter\CodeIgniter->runController(Object(App\Controllers\Buku))
#6 D:\CI4App\vendor\codeigniter4\framework\system\CodeIgniter.php(317): CodeIgniter\CodeIgniter->handleRequest(NULL, Object(Config\Cache), false)
#7 D:\CI4App\public\index.php(37): CodeIgniter\CodeIgniter->run()
#8 D:\CI4App\vendor\codeigniter4\framework\system\Commands\Server\rewrite.php(43): require_once('D:\\CI4App\\publi...')
#9 {main}
CRITICAL - 2021-12-10 22:19:11 --> Function name must be a string
#0 D:\CI4App\vendor\codeigniter4\framework\system\View\View.php(214): include()
#1 D:\CI4App\vendor\codeigniter4\framework\system\View\View.php(217): CodeIgniter\View\View->CodeIgniter\View\{closure}()
#2 D:\CI4App\vendor\codeigniter4\framework\system\Common.php(1092): CodeIgniter\View\View->render('buku/ubahbuku', Array, true)
#3 D:\CI4App\app\Controllers\Buku.php(109): view('buku/ubahbuku', Array)
#4 D:\CI4App\vendor\codeigniter4\framework\system\CodeIgniter.php(802): App\Controllers\Buku->ubah('habis-gelap-ter...')
#5 D:\CI4App\vendor\codeigniter4\framework\system\CodeIgniter.php(399): CodeIgniter\CodeIgniter->runController(Object(App\Controllers\Buku))
#6 D:\CI4App\vendor\codeigniter4\framework\system\CodeIgniter.php(317): CodeIgniter\CodeIgniter->handleRequest(NULL, Object(Config\Cache), false)
#7 D:\CI4App\public\index.php(37): CodeIgniter\CodeIgniter->run()
#8 D:\CI4App\vendor\codeigniter4\framework\system\Commands\Server\rewrite.php(43): require_once('D:\\CI4App\\publi...')
#9 {main}
CRITICAL - 2021-12-10 22:19:19 --> Function name must be a string
#0 D:\CI4App\vendor\codeigniter4\framework\system\View\View.php(214): include()
#1 D:\CI4App\vendor\codeigniter4\framework\system\View\View.php(217): CodeIgniter\View\View->CodeIgniter\View\{closure}()
#2 D:\CI4App\vendor\codeigniter4\framework\system\Common.php(1092): CodeIgniter\View\View->render('buku/ubahbuku', Array, true)
#3 D:\CI4App\app\Controllers\Buku.php(109): view('buku/ubahbuku', Array)
#4 D:\CI4App\vendor\codeigniter4\framework\system\CodeIgniter.php(802): App\Controllers\Buku->ubah('habis-gelap-ter...')
#5 D:\CI4App\vendor\codeigniter4\framework\system\CodeIgniter.php(399): CodeIgniter\CodeIgniter->runController(Object(App\Controllers\Buku))
#6 D:\CI4App\vendor\codeigniter4\framework\system\CodeIgniter.php(317): CodeIgniter\CodeIgniter->handleRequest(NULL, Object(Config\Cache), false)
#7 D:\CI4App\public\index.php(37): CodeIgniter\CodeIgniter->run()
#8 D:\CI4App\vendor\codeigniter4\framework\system\Commands\Server\rewrite.php(43): require_once('D:\\CI4App\\publi...')
#9 {main}
CRITICAL - 2021-12-10 22:20:01 --> Function name must be a string
#0 D:\CI4App\vendor\codeigniter4\framework\system\View\View.php(214): include()
#1 D:\CI4App\vendor\codeigniter4\framework\system\View\View.php(217): CodeIgniter\View\View->CodeIgniter\View\{closure}()
#2 D:\CI4App\vendor\codeigniter4\framework\system\Common.php(1092): CodeIgniter\View\View->render('buku/ubahbuku', Array, true)
#3 D:\CI4App\app\Controllers\Buku.php(109): view('buku/ubahbuku', Array)
#4 D:\CI4App\vendor\codeigniter4\framework\system\CodeIgniter.php(802): App\Controllers\Buku->ubah('habis-gelap-ter...')
#5 D:\CI4App\vendor\codeigniter4\framework\system\CodeIgniter.php(399): CodeIgniter\CodeIgniter->runController(Object(App\Controllers\Buku))
#6 D:\CI4App\vendor\codeigniter4\framework\system\CodeIgniter.php(317): CodeIgniter\CodeIgniter->handleRequest(NULL, Object(Config\Cache), false)
#7 D:\CI4App\public\index.php(37): CodeIgniter\CodeIgniter->run()
#8 D:\CI4App\vendor\codeigniter4\framework\system\Commands\Server\rewrite.php(43): require_once('D:\\CI4App\\publi...')
#9 {main}
CRITICAL - 2021-12-10 22:49:01 --> Function name must be a string
#0 D:\CI4App\vendor\codeigniter4\framework\system\View\View.php(214): include()
#1 D:\CI4App\vendor\codeigniter4\framework\system\View\View.php(217): CodeIgniter\View\View->CodeIgniter\View\{closure}()
#2 D:\CI4App\vendor\codeigniter4\framework\system\Common.php(1092): CodeIgniter\View\View->render('buku/ubahbuku', Array, true)
#3 D:\CI4App\app\Controllers\Buku.php(109): view('buku/ubahbuku', Array)
#4 D:\CI4App\vendor\codeigniter4\framework\system\CodeIgniter.php(802): App\Controllers\Buku->ubah('habis-gelap-ter...')
#5 D:\CI4App\vendor\codeigniter4\framework\system\CodeIgniter.php(399): CodeIgniter\CodeIgniter->runController(Object(App\Controllers\Buku))
#6 D:\CI4App\vendor\codeigniter4\framework\system\CodeIgniter.php(317): CodeIgniter\CodeIgniter->handleRequest(NULL, Object(Config\Cache), false)
#7 D:\CI4App\public\index.php(37): CodeIgniter\CodeIgniter->run()
#8 D:\CI4App\vendor\codeigniter4\framework\system\Commands\Server\rewrite.php(43): require_once('D:\\CI4App\\publi...')
#9 {main}
CRITICAL - 2021-12-10 22:49:04 --> Function name must be a string
#0 D:\CI4App\vendor\codeigniter4\framework\system\View\View.php(214): include()
#1 D:\CI4App\vendor\codeigniter4\framework\system\View\View.php(217): CodeIgniter\View\View->CodeIgniter\View\{closure}()
#2 D:\CI4App\vendor\codeigniter4\framework\system\Common.php(1092): CodeIgniter\View\View->render('buku/ubahbuku', Array, true)
#3 D:\CI4App\app\Controllers\Buku.php(109): view('buku/ubahbuku', Array)
#4 D:\CI4App\vendor\codeigniter4\framework\system\CodeIgniter.php(802): App\Controllers\Buku->ubah('habis-gelap-ter...')
#5 D:\CI4App\vendor\codeigniter4\framework\system\CodeIgniter.php(399): CodeIgniter\CodeIgniter->runController(Object(App\Controllers\Buku))
#6 D:\CI4App\vendor\codeigniter4\framework\system\CodeIgniter.php(317): CodeIgniter\CodeIgniter->handleRequest(NULL, Object(Config\Cache), false)
#7 D:\CI4App\public\index.php(37): CodeIgniter\CodeIgniter->run()
#8 D:\CI4App\vendor\codeigniter4\framework\system\Commands\Server\rewrite.php(43): require_once('D:\\CI4App\\publi...')
#9 {main}
CRITICAL - 2021-12-10 22:49:05 --> Function name must be a string
#0 D:\CI4App\vendor\codeigniter4\framework\system\View\View.php(214): include()
#1 D:\CI4App\vendor\codeigniter4\framework\system\View\View.php(217): CodeIgniter\View\View->CodeIgniter\View\{closure}()
#2 D:\CI4App\vendor\codeigniter4\framework\system\Common.php(1092): CodeIgniter\View\View->render('buku/ubahbuku', Array, true)
#3 D:\CI4App\app\Controllers\Buku.php(109): view('buku/ubahbuku', Array)
#4 D:\CI4App\vendor\codeigniter4\framework\system\CodeIgniter.php(802): App\Controllers\Buku->ubah('habis-gelap-ter...')
#5 D:\CI4App\vendor\codeigniter4\framework\system\CodeIgniter.php(399): CodeIgniter\CodeIgniter->runController(Object(App\Controllers\Buku))
#6 D:\CI4App\vendor\codeigniter4\framework\system\CodeIgniter.php(317): CodeIgniter\CodeIgniter->handleRequest(NULL, Object(Config\Cache), false)
#7 D:\CI4App\public\index.php(37): CodeIgniter\CodeIgniter->run()
#8 D:\CI4App\vendor\codeigniter4\framework\system\Commands\Server\rewrite.php(43): require_once('D:\\CI4App\\publi...')
#9 {main}
CRITICAL - 2021-12-10 22:49:06 --> Function name must be a string
#0 D:\CI4App\vendor\codeigniter4\framework\system\View\View.php(214): include()
#1 D:\CI4App\vendor\codeigniter4\framework\system\View\View.php(217): CodeIgniter\View\View->CodeIgniter\View\{closure}()
#2 D:\CI4App\vendor\codeigniter4\framework\system\Common.php(1092): CodeIgniter\View\View->render('buku/ubahbuku', Array, true)
#3 D:\CI4App\app\Controllers\Buku.php(109): view('buku/ubahbuku', Array)
#4 D:\CI4App\vendor\codeigniter4\framework\system\CodeIgniter.php(802): App\Controllers\Buku->ubah('habis-gelap-ter...')
#5 D:\CI4App\vendor\codeigniter4\framework\system\CodeIgniter.php(399): CodeIgniter\CodeIgniter->runController(Object(App\Controllers\Buku))
#6 D:\CI4App\vendor\codeigniter4\framework\system\CodeIgniter.php(317): CodeIgniter\CodeIgniter->handleRequest(NULL, Object(Config\Cache), false)
#7 D:\CI4App\public\index.php(37): CodeIgniter\CodeIgniter->run()
#8 D:\CI4App\vendor\codeigniter4\framework\system\Commands\Server\rewrite.php(43): require_once('D:\\CI4App\\publi...')
#9 {main}
CRITICAL - 2021-12-10 22:49:07 --> Function name must be a string
#0 D:\CI4App\vendor\codeigniter4\framework\system\View\View.php(214): include()
#1 D:\CI4App\vendor\codeigniter4\framework\system\View\View.php(217): CodeIgniter\View\View->CodeIgniter\View\{closure}()
#2 D:\CI4App\vendor\codeigniter4\framework\system\Common.php(1092): CodeIgniter\View\View->render('buku/ubahbuku', Array, true)
#3 D:\CI4App\app\Controllers\Buku.php(109): view('buku/ubahbuku', Array)
#4 D:\CI4App\vendor\codeigniter4\framework\system\CodeIgniter.php(802): App\Controllers\Buku->ubah('habis-gelap-ter...')
#5 D:\CI4App\vendor\codeigniter4\framework\system\CodeIgniter.php(399): CodeIgniter\CodeIgniter->runController(Object(App\Controllers\Buku))
#6 D:\CI4App\vendor\codeigniter4\framework\system\CodeIgniter.php(317): CodeIgniter\CodeIgniter->handleRequest(NULL, Object(Config\Cache), false)
#7 D:\CI4App\public\index.php(37): CodeIgniter\CodeIgniter->run()
#8 D:\CI4App\vendor\codeigniter4\framework\system\Commands\Server\rewrite.php(43): require_once('D:\\CI4App\\publi...')
#9 {main}
CRITICAL - 2021-12-10 22:49:07 --> Function name must be a string
#0 D:\CI4App\vendor\codeigniter4\framework\system\View\View.php(214): include()
#1 D:\CI4App\vendor\codeigniter4\framework\system\View\View.php(217): CodeIgniter\View\View->CodeIgniter\View\{closure}()
#2 D:\CI4App\vendor\codeigniter4\framework\system\Common.php(1092): CodeIgniter\View\View->render('buku/ubahbuku', Array, true)
#3 D:\CI4App\app\Controllers\Buku.php(109): view('buku/ubahbuku', Array)
#4 D:\CI4App\vendor\codeigniter4\framework\system\CodeIgniter.php(802): App\Controllers\Buku->ubah('habis-gelap-ter...')
#5 D:\CI4App\vendor\codeigniter4\framework\system\CodeIgniter.php(399): CodeIgniter\CodeIgniter->runController(Object(App\Controllers\Buku))
#6 D:\CI4App\vendor\codeigniter4\framework\system\CodeIgniter.php(317): CodeIgniter\CodeIgniter->handleRequest(NULL, Object(Config\Cache), false)
#7 D:\CI4App\public\index.php(37): CodeIgniter\CodeIgniter->run()
#8 D:\CI4App\vendor\codeigniter4\framework\system\Commands\Server\rewrite.php(43): require_once('D:\\CI4App\\publi...')
#9 {main}
CRITICAL - 2021-12-10 22:51:10 --> Array to string conversion
#0 D:\CI4App\app\Views\Buku\UbahBuku.php(8): CodeIgniter\Debug\Exceptions->errorHandler(8, 'Array to string...', 'D:\\CI4App\\app\\V...', 8, Array)
#1 D:\CI4App\vendor\codeigniter4\framework\system\View\View.php(214): include('D:\\CI4App\\app\\V...')
#2 D:\CI4App\vendor\codeigniter4\framework\system\View\View.php(217): CodeIgniter\View\View->CodeIgniter\View\{closure}()
#3 D:\CI4App\vendor\codeigniter4\framework\system\Common.php(1092): CodeIgniter\View\View->render('buku/ubahbuku', Array, true)
#4 D:\CI4App\app\Controllers\Buku.php(109): view('buku/ubahbuku', Array)
#5 D:\CI4App\vendor\codeigniter4\framework\system\CodeIgniter.php(802): App\Controllers\Buku->ubah('habis-gelap-ter...')
#6 D:\CI4App\vendor\codeigniter4\framework\system\CodeIgniter.php(399): CodeIgniter\CodeIgniter->runController(Object(App\Controllers\Buku))
#7 D:\CI4App\vendor\codeigniter4\framework\system\CodeIgniter.php(317): CodeIgniter\CodeIgniter->handleRequest(NULL, Object(Config\Cache), false)
#8 D:\CI4App\public\index.php(37): CodeIgniter\CodeIgniter->run()
#9 D:\CI4App\vendor\codeigniter4\framework\system\Commands\Server\rewrite.php(43): require_once('D:\\CI4App\\publi...')
#10 {main}
CRITICAL - 2021-12-10 22:51:35 --> Undefined index: id
#0 D:\CI4App\app\Views\Buku\UbahBuku.php(8): CodeIgniter\Debug\Exceptions->errorHandler(8, 'Undefined index...', 'D:\\CI4App\\app\\V...', 8, Array)
#1 D:\CI4App\vendor\codeigniter4\framework\system\View\View.php(214): include('D:\\CI4App\\app\\V...')
#2 D:\CI4App\vendor\codeigniter4\framework\system\View\View.php(217): CodeIgniter\View\View->CodeIgniter\View\{closure}()
#3 D:\CI4App\vendor\codeigniter4\framework\system\Common.php(1092): CodeIgniter\View\View->render('buku/ubahbuku', Array, true)
#4 D:\CI4App\app\Controllers\Buku.php(109): view('buku/ubahbuku', Array)
#5 D:\CI4App\vendor\codeigniter4\framework\system\CodeIgniter.php(802): App\Controllers\Buku->ubah('habis-gelap-ter...')
#6 D:\CI4App\vendor\codeigniter4\framework\system\CodeIgniter.php(399): CodeIgniter\CodeIgniter->runController(Object(App\Controllers\Buku))
#7 D:\CI4App\vendor\codeigniter4\framework\system\CodeIgniter.php(317): CodeIgniter\CodeIgniter->handleRequest(NULL, Object(Config\Cache), false)
#8 D:\CI4App\public\index.php(37): CodeIgniter\CodeIgniter->run()
#9 D:\CI4App\vendor\codeigniter4\framework\system\Commands\Server\rewrite.php(43): require_once('D:\\CI4App\\publi...')
#10 {main}
CRITICAL - 2021-12-10 22:52:57 --> Function name must be a string
#0 D:\CI4App\vendor\codeigniter4\framework\system\View\View.php(214): include()
#1 D:\CI4App\vendor\codeigniter4\framework\system\View\View.php(217): CodeIgniter\View\View->CodeIgniter\View\{closure}()
#2 D:\CI4App\vendor\codeigniter4\framework\system\Common.php(1092): CodeIgniter\View\View->render('buku/ubahbuku', Array, true)
#3 D:\CI4App\app\Controllers\Buku.php(109): view('buku/ubahbuku', Array)
#4 D:\CI4App\vendor\codeigniter4\framework\system\CodeIgniter.php(802): App\Controllers\Buku->ubah('habis-gelap-ter...')
#5 D:\CI4App\vendor\codeigniter4\framework\system\CodeIgniter.php(399): CodeIgniter\CodeIgniter->runController(Object(App\Controllers\Buku))
#6 D:\CI4App\vendor\codeigniter4\framework\system\CodeIgniter.php(317): CodeIgniter\CodeIgniter->handleRequest(NULL, Object(Config\Cache), false)
#7 D:\CI4App\public\index.php(37): CodeIgniter\CodeIgniter->run()
#8 D:\CI4App\vendor\codeigniter4\framework\system\Commands\Server\rewrite.php(43): require_once('D:\\CI4App\\publi...')
#9 {main}
CRITICAL - 2021-12-10 23:35:42 --> There is no data to update.
#0 D:\CI4App\vendor\codeigniter4\framework\system\BaseModel.php(1570): CodeIgniter\Database\Exceptions\DataException::forEmptyDataset('update')
#1 D:\CI4App\vendor\codeigniter4\framework\system\BaseModel.php(832): CodeIgniter\BaseModel->transformDataToArray(NULL, 'update')
#2 D:\CI4App\vendor\codeigniter4\framework\system\Model.php(646): CodeIgniter\BaseModel->update(Array, NULL)
#3 D:\CI4App\app\Controllers\Buku.php(147): CodeIgniter\Model->update(Array)
#4 D:\CI4App\vendor\codeigniter4\framework\system\CodeIgniter.php(802): App\Controllers\Buku->update('35')
#5 D:\CI4App\vendor\codeigniter4\framework\system\CodeIgniter.php(399): CodeIgniter\CodeIgniter->runController(Object(App\Controllers\Buku))
#6 D:\CI4App\vendor\codeigniter4\framework\system\CodeIgniter.php(317): CodeIgniter\CodeIgniter->handleRequest(NULL, Object(Config\Cache), false)
#7 D:\CI4App\public\index.php(37): CodeIgniter\CodeIgniter->run()
#8 D:\CI4App\vendor\codeigniter4\framework\system\Commands\Server\rewrite.php(43): require_once('D:\\CI4App\\publi...')
#9 {main}
CRITICAL - 2021-12-10 23:38:21 --> There is no data to update.
#0 D:\CI4App\vendor\codeigniter4\framework\system\BaseModel.php(1570): CodeIgniter\Database\Exceptions\DataException::forEmptyDataset('update')
#1 D:\CI4App\vendor\codeigniter4\framework\system\BaseModel.php(832): CodeIgniter\BaseModel->transformDataToArray(NULL, 'update')
#2 D:\CI4App\vendor\codeigniter4\framework\system\Model.php(646): CodeIgniter\BaseModel->update(Array, NULL)
#3 D:\CI4App\app\Controllers\Buku.php(147): CodeIgniter\Model->update(Array)
#4 D:\CI4App\vendor\codeigniter4\framework\system\CodeIgniter.php(802): App\Controllers\Buku->update('35')
#5 D:\CI4App\vendor\codeigniter4\framework\system\CodeIgniter.php(399): CodeIgniter\CodeIgniter->runController(Object(App\Controllers\Buku))
#6 D:\CI4App\vendor\codeigniter4\framework\system\CodeIgniter.php(317): CodeIgniter\CodeIgniter->handleRequest(NULL, Object(Config\Cache), false)
#7 D:\CI4App\public\index.php(37): CodeIgniter\CodeIgniter->run()
#8 D:\CI4App\vendor\codeigniter4\framework\system\Commands\Server\rewrite.php(43): require_once('D:\\CI4App\\publi...')
#9 {main}
CRITICAL - 2021-12-10 23:55:34 --> Call to a member function getRandomName() on null
#0 D:\CI4App\vendor\codeigniter4\framework\system\CodeIgniter.php(802): App\Controllers\Buku->simpan()
#1 D:\CI4App\vendor\codeigniter4\framework\system\CodeIgniter.php(399): CodeIgniter\CodeIgniter->runController(Object(App\Controllers\Buku))
#2 D:\CI4App\vendor\codeigniter4\framework\system\CodeIgniter.php(317): CodeIgniter\CodeIgniter->handleRequest(NULL, Object(Config\Cache), false)
#3 D:\CI4App\public\index.php(37): CodeIgniter\CodeIgniter->run()
#4 D:\CI4App\vendor\codeigniter4\framework\system\Commands\Server\rewrite.php(43): require_once('D:\\CI4App\\publi...')
#5 {main}
CRITICAL - 2021-12-10 23:55:56 --> Call to a member function getRandomName() on null
#0 D:\CI4App\vendor\codeigniter4\framework\system\CodeIgniter.php(802): App\Controllers\Buku->simpan()
#1 D:\CI4App\vendor\codeigniter4\framework\system\CodeIgniter.php(399): CodeIgniter\CodeIgniter->runController(Object(App\Controllers\Buku))
#2 D:\CI4App\vendor\codeigniter4\framework\system\CodeIgniter.php(317): CodeIgniter\CodeIgniter->handleRequest(NULL, Object(Config\Cache), false)
#3 D:\CI4App\public\index.php(37): CodeIgniter\CodeIgniter->run()
#4 D:\CI4App\vendor\codeigniter4\framework\system\Commands\Server\rewrite.php(43): require_once('D:\\CI4App\\publi...')
#5 {main}
CRITICAL - 2021-12-10 23:56:51 --> Call to a member function getRandomName() on null
#0 D:\CI4App\vendor\codeigniter4\framework\system\CodeIgniter.php(802): App\Controllers\Buku->simpan()
#1 D:\CI4App\vendor\codeigniter4\framework\system\CodeIgniter.php(399): CodeIgniter\CodeIgniter->runController(Object(App\Controllers\Buku))
#2 D:\CI4App\vendor\codeigniter4\framework\system\CodeIgniter.php(317): CodeIgniter\CodeIgniter->handleRequest(NULL, Object(Config\Cache), false)
#3 D:\CI4App\public\index.php(37): CodeIgniter\CodeIgniter->run()
#4 D:\CI4App\vendor\codeigniter4\framework\system\Commands\Server\rewrite.php(43): require_once('D:\\CI4App\\publi...')
#5 {main}
