CRITICAL - 2021-12-13 17:13:45 --> Illegal string offset 'gambar'
#0 D:\CI4App\app\Views\Buku\ListBuku.php(42): CodeIgniter\Debug\Exceptions->errorHandler(2, 'Illegal string ...', 'D:\\CI4App\\app\\V...', 42, Array)
#1 D:\CI4App\vendor\codeigniter4\framework\system\View\View.php(214): include('D:\\CI4App\\app\\V...')
#2 D:\CI4App\vendor\codeigniter4\framework\system\View\View.php(217): CodeIgniter\View\View->CodeIgniter\View\{closure}()
#3 D:\CI4App\vendor\codeigniter4\framework\system\Common.php(1097): CodeIgniter\View\View->render('buku/listbuku', Array, true)
#4 D:\CI4App\app\Controllers\Buku.php(39): view('buku/listbuku', Array)
#5 D:\CI4App\vendor\codeigniter4\framework\system\CodeIgniter.php(824): App\Controllers\Buku->index()
#6 D:\CI4App\vendor\codeigniter4\framework\system\CodeIgniter.php(410): CodeIgniter\CodeIgniter->runController(Object(App\Controllers\Buku))
#7 D:\CI4App\vendor\codeigniter4\framework\system\CodeIgniter.php(318): CodeIgniter\CodeIgniter->handleRequest(NULL, Object(Config\Cache), false)
#8 D:\CI4App\public\index.php(37): CodeIgniter\CodeIgniter->run()
#9 D:\CI4App\vendor\codeigniter4\framework\system\Commands\Server\rewrite.php(43): require_once('D:\\CI4App\\publi...')
#10 {main}
CRITICAL - 2021-12-13 17:16:38 --> Invalid argument supplied for foreach()
#0 D:\CI4App\app\Views\Buku\ListBuku.php(40): CodeIgniter\Debug\Exceptions->errorHandler(2, 'Invalid argumen...', 'D:\\CI4App\\app\\V...', 40, Array)
#1 D:\CI4App\vendor\codeigniter4\framework\system\View\View.php(214): include('D:\\CI4App\\app\\V...')
#2 D:\CI4App\vendor\codeigniter4\framework\system\View\View.php(217): CodeIgniter\View\View->CodeIgniter\View\{closure}()
#3 D:\CI4App\vendor\codeigniter4\framework\system\Common.php(1097): CodeIgniter\View\View->render('buku/listbuku', Array, true)
#4 D:\CI4App\app\Controllers\Buku.php(39): view('buku/listbuku', Array)
#5 D:\CI4App\vendor\codeigniter4\framework\system\CodeIgniter.php(824): App\Controllers\Buku->index()
#6 D:\CI4App\vendor\codeigniter4\framework\system\CodeIgniter.php(410): CodeIgniter\CodeIgniter->runController(Object(App\Controllers\Buku))
#7 D:\CI4App\vendor\codeigniter4\framework\system\CodeIgniter.php(318): CodeIgniter\CodeIgniter->handleRequest(NULL, Object(Config\Cache), false)
#8 D:\CI4App\public\index.php(37): CodeIgniter\CodeIgniter->run()
#9 D:\CI4App\vendor\codeigniter4\framework\system\Commands\Server\rewrite.php(43): require_once('D:\\CI4App\\publi...')
#10 {main}
CRITICAL - 2021-12-13 17:19:21 --> Invalid argument supplied for foreach()
#0 D:\CI4App\app\Views\Buku\ListBuku.php(40): CodeIgniter\Debug\Exceptions->errorHandler(2, 'Invalid argumen...', 'D:\\CI4App\\app\\V...', 40, Array)
#1 D:\CI4App\vendor\codeigniter4\framework\system\View\View.php(214): include('D:\\CI4App\\app\\V...')
#2 D:\CI4App\vendor\codeigniter4\framework\system\View\View.php(217): CodeIgniter\View\View->CodeIgniter\View\{closure}()
#3 D:\CI4App\vendor\codeigniter4\framework\system\Common.php(1097): CodeIgniter\View\View->render('buku/listbuku', Array, true)
#4 D:\CI4App\app\Controllers\Buku.php(39): view('buku/listbuku', Array)
#5 D:\CI4App\vendor\codeigniter4\framework\system\CodeIgniter.php(824): App\Controllers\Buku->index()
#6 D:\CI4App\vendor\codeigniter4\framework\system\CodeIgniter.php(410): CodeIgniter\CodeIgniter->runController(Object(App\Controllers\Buku))
#7 D:\CI4App\vendor\codeigniter4\framework\system\CodeIgniter.php(318): CodeIgniter\CodeIgniter->handleRequest(NULL, Object(Config\Cache), false)
#8 D:\CI4App\public\index.php(37): CodeIgniter\CodeIgniter->run()
#9 D:\CI4App\vendor\codeigniter4\framework\system\Commands\Server\rewrite.php(43): require_once('D:\\CI4App\\publi...')
#10 {main}
CRITICAL - 2021-12-13 17:20:32 --> Undefined index: nama_kategori
#0 D:\CI4App\app\Views\Buku\ListBuku.php(46): CodeIgniter\Debug\Exceptions->errorHandler(8, 'Undefined index...', 'D:\\CI4App\\app\\V...', 46, Array)
#1 D:\CI4App\vendor\codeigniter4\framework\system\View\View.php(214): include('D:\\CI4App\\app\\V...')
#2 D:\CI4App\vendor\codeigniter4\framework\system\View\View.php(217): CodeIgniter\View\View->CodeIgniter\View\{closure}()
#3 D:\CI4App\vendor\codeigniter4\framework\system\Common.php(1097): CodeIgniter\View\View->render('buku/listbuku', Array, true)
#4 D:\CI4App\app\Controllers\Buku.php(38): view('buku/listbuku', Array)
#5 D:\CI4App\vendor\codeigniter4\framework\system\CodeIgniter.php(824): App\Controllers\Buku->index()
#6 D:\CI4App\vendor\codeigniter4\framework\system\CodeIgniter.php(410): CodeIgniter\CodeIgniter->runController(Object(App\Controllers\Buku))
#7 D:\CI4App\vendor\codeigniter4\framework\system\CodeIgniter.php(318): CodeIgniter\CodeIgniter->handleRequest(NULL, Object(Config\Cache), false)
#8 D:\CI4App\public\index.php(37): CodeIgniter\CodeIgniter->run()
#9 D:\CI4App\vendor\codeigniter4\framework\system\Commands\Server\rewrite.php(43): require_once('D:\\CI4App\\publi...')
#10 {main}
CRITICAL - 2021-12-13 17:20:52 --> Undefined index: nama_kategori
#0 D:\CI4App\app\Views\Buku\ListBuku.php(46): CodeIgniter\Debug\Exceptions->errorHandler(8, 'Undefined index...', 'D:\\CI4App\\app\\V...', 46, Array)
#1 D:\CI4App\vendor\codeigniter4\framework\system\View\View.php(214): include('D:\\CI4App\\app\\V...')
#2 D:\CI4App\vendor\codeigniter4\framework\system\View\View.php(217): CodeIgniter\View\View->CodeIgniter\View\{closure}()
#3 D:\CI4App\vendor\codeigniter4\framework\system\Common.php(1097): CodeIgniter\View\View->render('buku/listbuku', Array, true)
#4 D:\CI4App\app\Controllers\Buku.php(38): view('buku/listbuku', Array)
#5 D:\CI4App\vendor\codeigniter4\framework\system\CodeIgniter.php(824): App\Controllers\Buku->index()
#6 D:\CI4App\vendor\codeigniter4\framework\system\CodeIgniter.php(410): CodeIgniter\CodeIgniter->runController(Object(App\Controllers\Buku))
#7 D:\CI4App\vendor\codeigniter4\framework\system\CodeIgniter.php(318): CodeIgniter\CodeIgniter->handleRequest(NULL, Object(Config\Cache), false)
#8 D:\CI4App\public\index.php(37): CodeIgniter\CodeIgniter->run()
#9 D:\CI4App\vendor\codeigniter4\framework\system\Commands\Server\rewrite.php(43): require_once('D:\\CI4App\\publi...')
#10 {main}
CRITICAL - 2021-12-13 17:21:00 --> Undefined index: nama_kategori
#0 D:\CI4App\app\Views\Buku\ListBuku.php(46): CodeIgniter\Debug\Exceptions->errorHandler(8, 'Undefined index...', 'D:\\CI4App\\app\\V...', 46, Array)
#1 D:\CI4App\vendor\codeigniter4\framework\system\View\View.php(214): include('D:\\CI4App\\app\\V...')
#2 D:\CI4App\vendor\codeigniter4\framework\system\View\View.php(217): CodeIgniter\View\View->CodeIgniter\View\{closure}()
#3 D:\CI4App\vendor\codeigniter4\framework\system\Common.php(1097): CodeIgniter\View\View->render('buku/listbuku', Array, true)
#4 D:\CI4App\app\Controllers\Buku.php(38): view('buku/listbuku', Array)
#5 D:\CI4App\vendor\codeigniter4\framework\system\CodeIgniter.php(824): App\Controllers\Buku->index()
#6 D:\CI4App\vendor\codeigniter4\framework\system\CodeIgniter.php(410): CodeIgniter\CodeIgniter->runController(Object(App\Controllers\Buku))
#7 D:\CI4App\vendor\codeigniter4\framework\system\CodeIgniter.php(318): CodeIgniter\CodeIgniter->handleRequest(NULL, Object(Config\Cache), false)
#8 D:\CI4App\public\index.php(37): CodeIgniter\CodeIgniter->run()
#9 D:\CI4App\vendor\codeigniter4\framework\system\Commands\Server\rewrite.php(43): require_once('D:\\CI4App\\publi...')
#10 {main}
CRITICAL - 2021-12-13 17:23:19 --> Invalid argument supplied for foreach()
#0 D:\CI4App\app\Views\Buku\ListBuku.php(40): CodeIgniter\Debug\Exceptions->errorHandler(2, 'Invalid argumen...', 'D:\\CI4App\\app\\V...', 40, Array)
#1 D:\CI4App\vendor\codeigniter4\framework\system\View\View.php(214): include('D:\\CI4App\\app\\V...')
#2 D:\CI4App\vendor\codeigniter4\framework\system\View\View.php(217): CodeIgniter\View\View->CodeIgniter\View\{closure}()
#3 D:\CI4App\vendor\codeigniter4\framework\system\Common.php(1097): CodeIgniter\View\View->render('buku/listbuku', Array, true)
#4 D:\CI4App\app\Controllers\Buku.php(38): view('buku/listbuku', Array)
#5 D:\CI4App\vendor\codeigniter4\framework\system\CodeIgniter.php(824): App\Controllers\Buku->index()
#6 D:\CI4App\vendor\codeigniter4\framework\system\CodeIgniter.php(410): CodeIgniter\CodeIgniter->runController(Object(App\Controllers\Buku))
#7 D:\CI4App\vendor\codeigniter4\framework\system\CodeIgniter.php(318): CodeIgniter\CodeIgniter->handleRequest(NULL, Object(Config\Cache), false)
#8 D:\CI4App\public\index.php(37): CodeIgniter\CodeIgniter->run()
#9 D:\CI4App\vendor\codeigniter4\framework\system\Commands\Server\rewrite.php(43): require_once('D:\\CI4App\\publi...')
#10 {main}
CRITICAL - 2021-12-13 17:27:41 --> Invalid argument supplied for foreach()
#0 D:\CI4App\app\Views\Buku\ListBuku.php(40): CodeIgniter\Debug\Exceptions->errorHandler(2, 'Invalid argumen...', 'D:\\CI4App\\app\\V...', 40, Array)
#1 D:\CI4App\vendor\codeigniter4\framework\system\View\View.php(214): include('D:\\CI4App\\app\\V...')
#2 D:\CI4App\vendor\codeigniter4\framework\system\View\View.php(217): CodeIgniter\View\View->CodeIgniter\View\{closure}()
#3 D:\CI4App\vendor\codeigniter4\framework\system\Common.php(1097): CodeIgniter\View\View->render('buku/listbuku', Array, true)
#4 D:\CI4App\app\Controllers\Buku.php(38): view('buku/listbuku', Array)
#5 D:\CI4App\vendor\codeigniter4\framework\system\CodeIgniter.php(824): App\Controllers\Buku->index()
#6 D:\CI4App\vendor\codeigniter4\framework\system\CodeIgniter.php(410): CodeIgniter\CodeIgniter->runController(Object(App\Controllers\Buku))
#7 D:\CI4App\vendor\codeigniter4\framework\system\CodeIgniter.php(318): CodeIgniter\CodeIgniter->handleRequest(NULL, Object(Config\Cache), false)
#8 D:\CI4App\public\index.php(37): CodeIgniter\CodeIgniter->run()
#9 D:\CI4App\vendor\codeigniter4\framework\system\Commands\Server\rewrite.php(43): require_once('D:\\CI4App\\publi...')
#10 {main}
CRITICAL - 2021-12-13 17:28:00 --> Invalid argument supplied for foreach()
#0 D:\CI4App\app\Views\Buku\ListBuku.php(40): CodeIgniter\Debug\Exceptions->errorHandler(2, 'Invalid argumen...', 'D:\\CI4App\\app\\V...', 40, Array)
#1 D:\CI4App\vendor\codeigniter4\framework\system\View\View.php(214): include('D:\\CI4App\\app\\V...')
#2 D:\CI4App\vendor\codeigniter4\framework\system\View\View.php(217): CodeIgniter\View\View->CodeIgniter\View\{closure}()
#3 D:\CI4App\vendor\codeigniter4\framework\system\Common.php(1097): CodeIgniter\View\View->render('buku/listbuku', Array, true)
#4 D:\CI4App\app\Controllers\Buku.php(38): view('buku/listbuku', Array)
#5 D:\CI4App\vendor\codeigniter4\framework\system\CodeIgniter.php(824): App\Controllers\Buku->index()
#6 D:\CI4App\vendor\codeigniter4\framework\system\CodeIgniter.php(410): CodeIgniter\CodeIgniter->runController(Object(App\Controllers\Buku))
#7 D:\CI4App\vendor\codeigniter4\framework\system\CodeIgniter.php(318): CodeIgniter\CodeIgniter->handleRequest(NULL, Object(Config\Cache), false)
#8 D:\CI4App\public\index.php(37): CodeIgniter\CodeIgniter->run()
#9 D:\CI4App\vendor\codeigniter4\framework\system\Commands\Server\rewrite.php(43): require_once('D:\\CI4App\\publi...')
#10 {main}
CRITICAL - 2021-12-13 17:32:01 --> Call to a member function paginate() on null
#0 D:\CI4App\vendor\codeigniter4\framework\system\CodeIgniter.php(824): App\Controllers\Buku->index()
#1 D:\CI4App\vendor\codeigniter4\framework\system\CodeIgniter.php(410): CodeIgniter\CodeIgniter->runController(Object(App\Controllers\Buku))
#2 D:\CI4App\vendor\codeigniter4\framework\system\CodeIgniter.php(318): CodeIgniter\CodeIgniter->handleRequest(NULL, Object(Config\Cache), false)
#3 D:\CI4App\public\index.php(37): CodeIgniter\CodeIgniter->run()
#4 D:\CI4App\vendor\codeigniter4\framework\system\Commands\Server\rewrite.php(43): require_once('D:\\CI4App\\publi...')
#5 {main}
CRITICAL - 2021-12-13 17:32:42 --> Call to a member function getBukuKategori() on array
#0 D:\CI4App\vendor\codeigniter4\framework\system\CodeIgniter.php(824): App\Controllers\Buku->index()
#1 D:\CI4App\vendor\codeigniter4\framework\system\CodeIgniter.php(410): CodeIgniter\CodeIgniter->runController(Object(App\Controllers\Buku))
#2 D:\CI4App\vendor\codeigniter4\framework\system\CodeIgniter.php(318): CodeIgniter\CodeIgniter->handleRequest(NULL, Object(Config\Cache), false)
#3 D:\CI4App\public\index.php(37): CodeIgniter\CodeIgniter->run()
#4 D:\CI4App\vendor\codeigniter4\framework\system\Commands\Server\rewrite.php(43): require_once('D:\\CI4App\\publi...')
#5 {main}
CRITICAL - 2021-12-13 17:34:44 --> Invalid argument supplied for foreach()
#0 D:\CI4App\app\Views\Buku\ListBuku.php(40): CodeIgniter\Debug\Exceptions->errorHandler(2, 'Invalid argumen...', 'D:\\CI4App\\app\\V...', 40, Array)
#1 D:\CI4App\vendor\codeigniter4\framework\system\View\View.php(214): include('D:\\CI4App\\app\\V...')
#2 D:\CI4App\vendor\codeigniter4\framework\system\View\View.php(217): CodeIgniter\View\View->CodeIgniter\View\{closure}()
#3 D:\CI4App\vendor\codeigniter4\framework\system\Common.php(1097): CodeIgniter\View\View->render('buku/listbuku', Array, true)
#4 D:\CI4App\app\Controllers\Buku.php(38): view('buku/listbuku', Array)
#5 D:\CI4App\vendor\codeigniter4\framework\system\CodeIgniter.php(824): App\Controllers\Buku->index()
#6 D:\CI4App\vendor\codeigniter4\framework\system\CodeIgniter.php(410): CodeIgniter\CodeIgniter->runController(Object(App\Controllers\Buku))
#7 D:\CI4App\vendor\codeigniter4\framework\system\CodeIgniter.php(318): CodeIgniter\CodeIgniter->handleRequest(NULL, Object(Config\Cache), false)
#8 D:\CI4App\public\index.php(37): CodeIgniter\CodeIgniter->run()
#9 D:\CI4App\vendor\codeigniter4\framework\system\Commands\Server\rewrite.php(43): require_once('D:\\CI4App\\publi...')
#10 {main}
CRITICAL - 2021-12-13 18:06:42 --> Undefined variable: buku
#0 D:\CI4App\app\Views\Buku\ListBuku.php(40): CodeIgniter\Debug\Exceptions->errorHandler(8, 'Undefined varia...', 'D:\\CI4App\\app\\V...', 40, Array)
#1 D:\CI4App\vendor\codeigniter4\framework\system\View\View.php(214): include('D:\\CI4App\\app\\V...')
#2 D:\CI4App\vendor\codeigniter4\framework\system\View\View.php(217): CodeIgniter\View\View->CodeIgniter\View\{closure}()
#3 D:\CI4App\vendor\codeigniter4\framework\system\Common.php(1097): CodeIgniter\View\View->render('buku/listbuku', Array, true)
#4 D:\CI4App\app\Controllers\Buku.php(38): view('buku/listbuku', Array)
#5 D:\CI4App\vendor\codeigniter4\framework\system\CodeIgniter.php(824): App\Controllers\Buku->index()
#6 D:\CI4App\vendor\codeigniter4\framework\system\CodeIgniter.php(410): CodeIgniter\CodeIgniter->runController(Object(App\Controllers\Buku))
#7 D:\CI4App\vendor\codeigniter4\framework\system\CodeIgniter.php(318): CodeIgniter\CodeIgniter->handleRequest(NULL, Object(Config\Cache), false)
#8 D:\CI4App\public\index.php(37): CodeIgniter\CodeIgniter->run()
#9 D:\CI4App\vendor\codeigniter4\framework\system\Commands\Server\rewrite.php(43): require_once('D:\\CI4App\\publi...')
#10 {main}
CRITICAL - 2021-12-13 18:07:17 --> Invalid argument supplied for foreach()
#0 D:\CI4App\app\Views\Buku\ListBuku.php(40): CodeIgniter\Debug\Exceptions->errorHandler(2, 'Invalid argumen...', 'D:\\CI4App\\app\\V...', 40, Array)
#1 D:\CI4App\vendor\codeigniter4\framework\system\View\View.php(214): include('D:\\CI4App\\app\\V...')
#2 D:\CI4App\vendor\codeigniter4\framework\system\View\View.php(217): CodeIgniter\View\View->CodeIgniter\View\{closure}()
#3 D:\CI4App\vendor\codeigniter4\framework\system\Common.php(1097): CodeIgniter\View\View->render('buku/listbuku', Array, true)
#4 D:\CI4App\app\Controllers\Buku.php(39): view('buku/listbuku', Array)
#5 D:\CI4App\vendor\codeigniter4\framework\system\CodeIgniter.php(824): App\Controllers\Buku->index()
#6 D:\CI4App\vendor\codeigniter4\framework\system\CodeIgniter.php(410): CodeIgniter\CodeIgniter->runController(Object(App\Controllers\Buku))
#7 D:\CI4App\vendor\codeigniter4\framework\system\CodeIgniter.php(318): CodeIgniter\CodeIgniter->handleRequest(NULL, Object(Config\Cache), false)
#8 D:\CI4App\public\index.php(37): CodeIgniter\CodeIgniter->run()
#9 D:\CI4App\vendor\codeigniter4\framework\system\Commands\Server\rewrite.php(43): require_once('D:\\CI4App\\publi...')
#10 {main}
CRITICAL - 2021-12-13 18:08:48 --> Trying to access array offset on value of type null
#0 D:\CI4App\app\Views\Buku\ListBuku.php(43): CodeIgniter\Debug\Exceptions->errorHandler(8, 'Trying to acces...', 'D:\\CI4App\\app\\V...', 43, Array)
#1 D:\CI4App\vendor\codeigniter4\framework\system\View\View.php(214): include('D:\\CI4App\\app\\V...')
#2 D:\CI4App\vendor\codeigniter4\framework\system\View\View.php(217): CodeIgniter\View\View->CodeIgniter\View\{closure}()
#3 D:\CI4App\vendor\codeigniter4\framework\system\Common.php(1097): CodeIgniter\View\View->render('buku/listbuku', Array, true)
#4 D:\CI4App\app\Controllers\Buku.php(39): view('buku/listbuku', Array)
#5 D:\CI4App\vendor\codeigniter4\framework\system\CodeIgniter.php(824): App\Controllers\Buku->index()
#6 D:\CI4App\vendor\codeigniter4\framework\system\CodeIgniter.php(410): CodeIgniter\CodeIgniter->runController(Object(App\Controllers\Buku))
#7 D:\CI4App\vendor\codeigniter4\framework\system\CodeIgniter.php(318): CodeIgniter\CodeIgniter->handleRequest(NULL, Object(Config\Cache), false)
#8 D:\CI4App\public\index.php(37): CodeIgniter\CodeIgniter->run()
#9 D:\CI4App\vendor\codeigniter4\framework\system\Commands\Server\rewrite.php(43): require_once('D:\\CI4App\\publi...')
#10 {main}
CRITICAL - 2021-12-13 18:09:19 --> Object of class App\Models\BukuModel could not be converted to string
#0 D:\CI4App\vendor\codeigniter4\framework\system\CodeIgniter.php(824): App\Controllers\Buku->index()
#1 D:\CI4App\vendor\codeigniter4\framework\system\CodeIgniter.php(410): CodeIgniter\CodeIgniter->runController(Object(App\Controllers\Buku))
#2 D:\CI4App\vendor\codeigniter4\framework\system\CodeIgniter.php(318): CodeIgniter\CodeIgniter->handleRequest(NULL, Object(Config\Cache), false)
#3 D:\CI4App\public\index.php(37): CodeIgniter\CodeIgniter->run()
#4 D:\CI4App\vendor\codeigniter4\framework\system\Commands\Server\rewrite.php(43): require_once('D:\\CI4App\\publi...')
#5 {main}
CRITICAL - 2021-12-13 18:12:28 --> Invalid argument supplied for foreach()
#0 D:\CI4App\app\Views\Buku\ListBuku.php(40): CodeIgniter\Debug\Exceptions->errorHandler(2, 'Invalid argumen...', 'D:\\CI4App\\app\\V...', 40, Array)
#1 D:\CI4App\vendor\codeigniter4\framework\system\View\View.php(214): include('D:\\CI4App\\app\\V...')
#2 D:\CI4App\vendor\codeigniter4\framework\system\View\View.php(217): CodeIgniter\View\View->CodeIgniter\View\{closure}()
#3 D:\CI4App\vendor\codeigniter4\framework\system\Common.php(1097): CodeIgniter\View\View->render('buku/listbuku', Array, true)
#4 D:\CI4App\app\Controllers\Buku.php(39): view('buku/listbuku', Array)
#5 D:\CI4App\vendor\codeigniter4\framework\system\CodeIgniter.php(824): App\Controllers\Buku->index()
#6 D:\CI4App\vendor\codeigniter4\framework\system\CodeIgniter.php(410): CodeIgniter\CodeIgniter->runController(Object(App\Controllers\Buku))
#7 D:\CI4App\vendor\codeigniter4\framework\system\CodeIgniter.php(318): CodeIgniter\CodeIgniter->handleRequest(NULL, Object(Config\Cache), false)
#8 D:\CI4App\public\index.php(37): CodeIgniter\CodeIgniter->run()
#9 D:\CI4App\vendor\codeigniter4\framework\system\Commands\Server\rewrite.php(43): require_once('D:\\CI4App\\publi...')
#10 {main}
CRITICAL - 2021-12-13 18:17:58 --> Call to a member function links() on null
#0 D:\CI4App\vendor\codeigniter4\framework\system\View\View.php(214): include()
#1 D:\CI4App\vendor\codeigniter4\framework\system\View\View.php(217): CodeIgniter\View\View->CodeIgniter\View\{closure}()
#2 D:\CI4App\vendor\codeigniter4\framework\system\Common.php(1097): CodeIgniter\View\View->render('buku/listbuku', Array, true)
#3 D:\CI4App\app\Controllers\Buku.php(39): view('buku/listbuku', Array)
#4 D:\CI4App\vendor\codeigniter4\framework\system\CodeIgniter.php(824): App\Controllers\Buku->index()
#5 D:\CI4App\vendor\codeigniter4\framework\system\CodeIgniter.php(410): CodeIgniter\CodeIgniter->runController(Object(App\Controllers\Buku))
#6 D:\CI4App\vendor\codeigniter4\framework\system\CodeIgniter.php(318): CodeIgniter\CodeIgniter->handleRequest(NULL, Object(Config\Cache), false)
#7 D:\CI4App\public\index.php(37): CodeIgniter\CodeIgniter->run()
#8 D:\CI4App\vendor\codeigniter4\framework\system\Commands\Server\rewrite.php(43): require_once('D:\\CI4App\\publi...')
#9 {main}
CRITICAL - 2021-12-13 18:18:34 --> Call to a member function paginate() on array
#0 D:\CI4App\vendor\codeigniter4\framework\system\CodeIgniter.php(824): App\Controllers\Buku->index()
#1 D:\CI4App\vendor\codeigniter4\framework\system\CodeIgniter.php(410): CodeIgniter\CodeIgniter->runController(Object(App\Controllers\Buku))
#2 D:\CI4App\vendor\codeigniter4\framework\system\CodeIgniter.php(318): CodeIgniter\CodeIgniter->handleRequest(NULL, Object(Config\Cache), false)
#3 D:\CI4App\public\index.php(37): CodeIgniter\CodeIgniter->run()
#4 D:\CI4App\vendor\codeigniter4\framework\system\Commands\Server\rewrite.php(43): require_once('D:\\CI4App\\publi...')
#5 {main}
CRITICAL - 2021-12-13 18:21:44 --> Undefined index: nama_kategori
#0 D:\CI4App\app\Views\Buku\ListBuku.php(46): CodeIgniter\Debug\Exceptions->errorHandler(8, 'Undefined index...', 'D:\\CI4App\\app\\V...', 46, Array)
#1 D:\CI4App\vendor\codeigniter4\framework\system\View\View.php(214): include('D:\\CI4App\\app\\V...')
#2 D:\CI4App\vendor\codeigniter4\framework\system\View\View.php(217): CodeIgniter\View\View->CodeIgniter\View\{closure}()
#3 D:\CI4App\vendor\codeigniter4\framework\system\Common.php(1097): CodeIgniter\View\View->render('buku/listbuku', Array, true)
#4 D:\CI4App\app\Controllers\Buku.php(39): view('buku/listbuku', Array)
#5 D:\CI4App\vendor\codeigniter4\framework\system\CodeIgniter.php(824): App\Controllers\Buku->index()
#6 D:\CI4App\vendor\codeigniter4\framework\system\CodeIgniter.php(410): CodeIgniter\CodeIgniter->runController(Object(App\Controllers\Buku))
#7 D:\CI4App\vendor\codeigniter4\framework\system\CodeIgniter.php(318): CodeIgniter\CodeIgniter->handleRequest(NULL, Object(Config\Cache), false)
#8 D:\CI4App\public\index.php(37): CodeIgniter\CodeIgniter->run()
#9 D:\CI4App\vendor\codeigniter4\framework\system\Commands\Server\rewrite.php(43): require_once('D:\\CI4App\\publi...')
#10 {main}
CRITICAL - 2021-12-13 18:23:25 --> Call to a member function getBukuKategori() on array
#0 D:\CI4App\vendor\codeigniter4\framework\system\CodeIgniter.php(824): App\Controllers\Buku->index()
#1 D:\CI4App\vendor\codeigniter4\framework\system\CodeIgniter.php(410): CodeIgniter\CodeIgniter->runController(Object(App\Controllers\Buku))
#2 D:\CI4App\vendor\codeigniter4\framework\system\CodeIgniter.php(318): CodeIgniter\CodeIgniter->handleRequest(NULL, Object(Config\Cache), false)
#3 D:\CI4App\public\index.php(37): CodeIgniter\CodeIgniter->run()
#4 D:\CI4App\vendor\codeigniter4\framework\system\Commands\Server\rewrite.php(43): require_once('D:\\CI4App\\publi...')
#5 {main}
CRITICAL - 2021-12-13 18:26:44 --> Call to a member function paginate() on array
#0 D:\CI4App\vendor\codeigniter4\framework\system\CodeIgniter.php(824): App\Controllers\Buku->index()
#1 D:\CI4App\vendor\codeigniter4\framework\system\CodeIgniter.php(410): CodeIgniter\CodeIgniter->runController(Object(App\Controllers\Buku))
#2 D:\CI4App\vendor\codeigniter4\framework\system\CodeIgniter.php(318): CodeIgniter\CodeIgniter->handleRequest(NULL, Object(Config\Cache), false)
#3 D:\CI4App\public\index.php(37): CodeIgniter\CodeIgniter->run()
#4 D:\CI4App\vendor\codeigniter4\framework\system\Commands\Server\rewrite.php(43): require_once('D:\\CI4App\\publi...')
#5 {main}
CRITICAL - 2021-12-13 18:27:12 --> Call to a member function getBukuKategori() on array
#0 D:\CI4App\vendor\codeigniter4\framework\system\CodeIgniter.php(824): App\Controllers\Buku->index()
#1 D:\CI4App\vendor\codeigniter4\framework\system\CodeIgniter.php(410): CodeIgniter\CodeIgniter->runController(Object(App\Controllers\Buku))
#2 D:\CI4App\vendor\codeigniter4\framework\system\CodeIgniter.php(318): CodeIgniter\CodeIgniter->handleRequest(NULL, Object(Config\Cache), false)
#3 D:\CI4App\public\index.php(37): CodeIgniter\CodeIgniter->run()
#4 D:\CI4App\vendor\codeigniter4\framework\system\Commands\Server\rewrite.php(43): require_once('D:\\CI4App\\publi...')
#5 {main}
CRITICAL - 2021-12-13 18:28:56 --> Undefined index: nama_kategori
#0 D:\CI4App\app\Views\Buku\ListBuku.php(46): CodeIgniter\Debug\Exceptions->errorHandler(8, 'Undefined index...', 'D:\\CI4App\\app\\V...', 46, Array)
#1 D:\CI4App\vendor\codeigniter4\framework\system\View\View.php(214): include('D:\\CI4App\\app\\V...')
#2 D:\CI4App\vendor\codeigniter4\framework\system\View\View.php(217): CodeIgniter\View\View->CodeIgniter\View\{closure}()
#3 D:\CI4App\vendor\codeigniter4\framework\system\Common.php(1097): CodeIgniter\View\View->render('buku/listbuku', Array, true)
#4 D:\CI4App\app\Controllers\Buku.php(38): view('buku/listbuku', Array)
#5 D:\CI4App\vendor\codeigniter4\framework\system\CodeIgniter.php(824): App\Controllers\Buku->index()
#6 D:\CI4App\vendor\codeigniter4\framework\system\CodeIgniter.php(410): CodeIgniter\CodeIgniter->runController(Object(App\Controllers\Buku))
#7 D:\CI4App\vendor\codeigniter4\framework\system\CodeIgniter.php(318): CodeIgniter\CodeIgniter->handleRequest(NULL, Object(Config\Cache), false)
#8 D:\CI4App\public\index.php(37): CodeIgniter\CodeIgniter->run()
#9 D:\CI4App\vendor\codeigniter4\framework\system\Commands\Server\rewrite.php(43): require_once('D:\\CI4App\\publi...')
#10 {main}
CRITICAL - 2021-12-13 18:36:44 --> Call to a member function links() on null
#0 D:\CI4App\vendor\codeigniter4\framework\system\View\View.php(214): include()
#1 D:\CI4App\vendor\codeigniter4\framework\system\View\View.php(217): CodeIgniter\View\View->CodeIgniter\View\{closure}()
#2 D:\CI4App\vendor\codeigniter4\framework\system\Common.php(1097): CodeIgniter\View\View->render('buku/listbuku', Array, true)
#3 D:\CI4App\app\Controllers\Buku.php(38): view('buku/listbuku', Array)
#4 D:\CI4App\vendor\codeigniter4\framework\system\CodeIgniter.php(824): App\Controllers\Buku->index()
#5 D:\CI4App\vendor\codeigniter4\framework\system\CodeIgniter.php(410): CodeIgniter\CodeIgniter->runController(Object(App\Controllers\Buku))
#6 D:\CI4App\vendor\codeigniter4\framework\system\CodeIgniter.php(318): CodeIgniter\CodeIgniter->handleRequest(NULL, Object(Config\Cache), false)
#7 D:\CI4App\public\index.php(37): CodeIgniter\CodeIgniter->run()
#8 D:\CI4App\vendor\codeigniter4\framework\system\Commands\Server\rewrite.php(43): require_once('D:\\CI4App\\publi...')
#9 {main}
CRITICAL - 2021-12-13 18:37:01 --> Call to a member function links() on null
#0 D:\CI4App\vendor\codeigniter4\framework\system\View\View.php(214): include()
#1 D:\CI4App\vendor\codeigniter4\framework\system\View\View.php(217): CodeIgniter\View\View->CodeIgniter\View\{closure}()
#2 D:\CI4App\vendor\codeigniter4\framework\system\Common.php(1097): CodeIgniter\View\View->render('buku/listbuku', Array, true)
#3 D:\CI4App\app\Controllers\Buku.php(38): view('buku/listbuku', Array)
#4 D:\CI4App\vendor\codeigniter4\framework\system\CodeIgniter.php(824): App\Controllers\Buku->index()
#5 D:\CI4App\vendor\codeigniter4\framework\system\CodeIgniter.php(410): CodeIgniter\CodeIgniter->runController(Object(App\Controllers\Buku))
#6 D:\CI4App\vendor\codeigniter4\framework\system\CodeIgniter.php(318): CodeIgniter\CodeIgniter->handleRequest(NULL, Object(Config\Cache), false)
#7 D:\CI4App\public\index.php(37): CodeIgniter\CodeIgniter->run()
#8 D:\CI4App\vendor\codeigniter4\framework\system\Commands\Server\rewrite.php(43): require_once('D:\\CI4App\\publi...')
#9 {main}
CRITICAL - 2021-12-13 18:38:44 --> Undefined index: nama_kategori
#0 D:\CI4App\app\Views\Buku\ListBuku.php(46): CodeIgniter\Debug\Exceptions->errorHandler(8, 'Undefined index...', 'D:\\CI4App\\app\\V...', 46, Array)
#1 D:\CI4App\vendor\codeigniter4\framework\system\View\View.php(214): include('D:\\CI4App\\app\\V...')
#2 D:\CI4App\vendor\codeigniter4\framework\system\View\View.php(217): CodeIgniter\View\View->CodeIgniter\View\{closure}()
#3 D:\CI4App\vendor\codeigniter4\framework\system\Common.php(1097): CodeIgniter\View\View->render('buku/listbuku', Array, true)
#4 D:\CI4App\app\Controllers\Buku.php(40): view('buku/listbuku', Array)
#5 D:\CI4App\vendor\codeigniter4\framework\system\CodeIgniter.php(824): App\Controllers\Buku->index()
#6 D:\CI4App\vendor\codeigniter4\framework\system\CodeIgniter.php(410): CodeIgniter\CodeIgniter->runController(Object(App\Controllers\Buku))
#7 D:\CI4App\vendor\codeigniter4\framework\system\CodeIgniter.php(318): CodeIgniter\CodeIgniter->handleRequest(NULL, Object(Config\Cache), false)
#8 D:\CI4App\public\index.php(37): CodeIgniter\CodeIgniter->run()
#9 D:\CI4App\vendor\codeigniter4\framework\system\Commands\Server\rewrite.php(43): require_once('D:\\CI4App\\publi...')
#10 {main}
CRITICAL - 2021-12-13 18:43:51 --> Undefined index: nama_kategori
#0 D:\CI4App\app\Views\Buku\ListBuku.php(46): CodeIgniter\Debug\Exceptions->errorHandler(8, 'Undefined index...', 'D:\\CI4App\\app\\V...', 46, Array)
#1 D:\CI4App\vendor\codeigniter4\framework\system\View\View.php(214): include('D:\\CI4App\\app\\V...')
#2 D:\CI4App\vendor\codeigniter4\framework\system\View\View.php(217): CodeIgniter\View\View->CodeIgniter\View\{closure}()
#3 D:\CI4App\vendor\codeigniter4\framework\system\Common.php(1097): CodeIgniter\View\View->render('buku/listbuku', Array, true)
#4 D:\CI4App\app\Controllers\Buku.php(40): view('buku/listbuku', Array)
#5 D:\CI4App\vendor\codeigniter4\framework\system\CodeIgniter.php(824): App\Controllers\Buku->index()
#6 D:\CI4App\vendor\codeigniter4\framework\system\CodeIgniter.php(410): CodeIgniter\CodeIgniter->runController(Object(App\Controllers\Buku))
#7 D:\CI4App\vendor\codeigniter4\framework\system\CodeIgniter.php(318): CodeIgniter\CodeIgniter->handleRequest(NULL, Object(Config\Cache), false)
#8 D:\CI4App\public\index.php(37): CodeIgniter\CodeIgniter->run()
#9 D:\CI4App\vendor\codeigniter4\framework\system\Commands\Server\rewrite.php(43): require_once('D:\\CI4App\\publi...')
#10 {main}
CRITICAL - 2021-12-13 18:46:55 --> Undefined index: nama_kategori
#0 D:\CI4App\app\Views\Buku\ListBuku.php(46): CodeIgniter\Debug\Exceptions->errorHandler(8, 'Undefined index...', 'D:\\CI4App\\app\\V...', 46, Array)
#1 D:\CI4App\vendor\codeigniter4\framework\system\View\View.php(214): include('D:\\CI4App\\app\\V...')
#2 D:\CI4App\vendor\codeigniter4\framework\system\View\View.php(217): CodeIgniter\View\View->CodeIgniter\View\{closure}()
#3 D:\CI4App\vendor\codeigniter4\framework\system\Common.php(1097): CodeIgniter\View\View->render('buku/listbuku', Array, true)
#4 D:\CI4App\app\Controllers\Buku.php(39): view('buku/listbuku', Array)
#5 D:\CI4App\vendor\codeigniter4\framework\system\CodeIgniter.php(824): App\Controllers\Buku->index()
#6 D:\CI4App\vendor\codeigniter4\framework\system\CodeIgniter.php(410): CodeIgniter\CodeIgniter->runController(Object(App\Controllers\Buku))
#7 D:\CI4App\vendor\codeigniter4\framework\system\CodeIgniter.php(318): CodeIgniter\CodeIgniter->handleRequest(NULL, Object(Config\Cache), false)
#8 D:\CI4App\public\index.php(37): CodeIgniter\CodeIgniter->run()
#9 D:\CI4App\vendor\codeigniter4\framework\system\Commands\Server\rewrite.php(43): require_once('D:\\CI4App\\publi...')
#10 {main}
CRITICAL - 2021-12-13 18:47:39 --> unlink(img/): Is a directory
#0 [internal function]: CodeIgniter\Debug\Exceptions->errorHandler(2, 'unlink(img/): I...', 'D:\\CI4App\\app\\C...', 138, Array)
#1 D:\CI4App\app\Controllers\Buku.php(138): unlink('img/')
#2 D:\CI4App\vendor\codeigniter4\framework\system\CodeIgniter.php(824): App\Controllers\Buku->delete('57')
#3 D:\CI4App\vendor\codeigniter4\framework\system\CodeIgniter.php(410): CodeIgniter\CodeIgniter->runController(Object(App\Controllers\Buku))
#4 D:\CI4App\vendor\codeigniter4\framework\system\CodeIgniter.php(318): CodeIgniter\CodeIgniter->handleRequest(NULL, Object(Config\Cache), false)
#5 D:\CI4App\public\index.php(37): CodeIgniter\CodeIgniter->run()
#6 D:\CI4App\vendor\codeigniter4\framework\system\Commands\Server\rewrite.php(43): require_once('D:\\CI4App\\publi...')
#7 {main}
CRITICAL - 2021-12-13 18:47:45 --> unlink(img/): Is a directory
#0 [internal function]: CodeIgniter\Debug\Exceptions->errorHandler(2, 'unlink(img/): I...', 'D:\\CI4App\\app\\C...', 138, Array)
#1 D:\CI4App\app\Controllers\Buku.php(138): unlink('img/')
#2 D:\CI4App\vendor\codeigniter4\framework\system\CodeIgniter.php(824): App\Controllers\Buku->delete('57')
#3 D:\CI4App\vendor\codeigniter4\framework\system\CodeIgniter.php(410): CodeIgniter\CodeIgniter->runController(Object(App\Controllers\Buku))
#4 D:\CI4App\vendor\codeigniter4\framework\system\CodeIgniter.php(318): CodeIgniter\CodeIgniter->handleRequest(NULL, Object(Config\Cache), false)
#5 D:\CI4App\public\index.php(37): CodeIgniter\CodeIgniter->run()
#6 D:\CI4App\vendor\codeigniter4\framework\system\Commands\Server\rewrite.php(43): require_once('D:\\CI4App\\publi...')
#7 {main}
CRITICAL - 2021-12-13 18:48:25 --> unlink(img/perpussekolah1623668273.jpg): No such file or directory
#0 [internal function]: CodeIgniter\Debug\Exceptions->errorHandler(2, 'unlink(img/perp...', 'D:\\CI4App\\app\\C...', 138, Array)
#1 D:\CI4App\app\Controllers\Buku.php(138): unlink('img/perpussekol...')
#2 D:\CI4App\vendor\codeigniter4\framework\system\CodeIgniter.php(824): App\Controllers\Buku->delete('54')
#3 D:\CI4App\vendor\codeigniter4\framework\system\CodeIgniter.php(410): CodeIgniter\CodeIgniter->runController(Object(App\Controllers\Buku))
#4 D:\CI4App\vendor\codeigniter4\framework\system\CodeIgniter.php(318): CodeIgniter\CodeIgniter->handleRequest(NULL, Object(Config\Cache), false)
#5 D:\CI4App\public\index.php(37): CodeIgniter\CodeIgniter->run()
#6 D:\CI4App\vendor\codeigniter4\framework\system\Commands\Server\rewrite.php(43): require_once('D:\\CI4App\\publi...')
#7 {main}
CRITICAL - 2021-12-13 18:52:13 --> Undefined index: gambar
#0 D:\CI4App\app\Views\Buku\DetailBuku.php(14): CodeIgniter\Debug\Exceptions->errorHandler(8, 'Undefined index...', 'D:\\CI4App\\app\\V...', 14, Array)
#1 D:\CI4App\vendor\codeigniter4\framework\system\View\View.php(214): include('D:\\CI4App\\app\\V...')
#2 D:\CI4App\vendor\codeigniter4\framework\system\View\View.php(217): CodeIgniter\View\View->CodeIgniter\View\{closure}()
#3 D:\CI4App\vendor\codeigniter4\framework\system\Common.php(1097): CodeIgniter\View\View->render('buku/detailbuku', Array, true)
#4 D:\CI4App\app\Controllers\Buku.php(54): view('buku/detailbuku', Array)
#5 D:\CI4App\vendor\codeigniter4\framework\system\CodeIgniter.php(824): App\Controllers\Buku->detail('milea-suara-dar...')
#6 D:\CI4App\vendor\codeigniter4\framework\system\CodeIgniter.php(410): CodeIgniter\CodeIgniter->runController(Object(App\Controllers\Buku))
#7 D:\CI4App\vendor\codeigniter4\framework\system\CodeIgniter.php(318): CodeIgniter\CodeIgniter->handleRequest(NULL, Object(Config\Cache), false)
#8 D:\CI4App\public\index.php(37): CodeIgniter\CodeIgniter->run()
#9 D:\CI4App\vendor\codeigniter4\framework\system\Commands\Server\rewrite.php(43): require_once('D:\\CI4App\\publi...')
#10 {main}
CRITICAL - 2021-12-13 18:55:06 --> Undefined index: gambar
#0 D:\CI4App\app\Views\Buku\DetailBuku.php(14): CodeIgniter\Debug\Exceptions->errorHandler(8, 'Undefined index...', 'D:\\CI4App\\app\\V...', 14, Array)
#1 D:\CI4App\vendor\codeigniter4\framework\system\View\View.php(214): include('D:\\CI4App\\app\\V...')
#2 D:\CI4App\vendor\codeigniter4\framework\system\View\View.php(217): CodeIgniter\View\View->CodeIgniter\View\{closure}()
#3 D:\CI4App\vendor\codeigniter4\framework\system\Common.php(1097): CodeIgniter\View\View->render('buku/detailbuku', Array, true)
#4 D:\CI4App\app\Controllers\Buku.php(54): view('buku/detailbuku', Array)
#5 D:\CI4App\vendor\codeigniter4\framework\system\CodeIgniter.php(824): App\Controllers\Buku->detail('milea-suara-dar...')
#6 D:\CI4App\vendor\codeigniter4\framework\system\CodeIgniter.php(410): CodeIgniter\CodeIgniter->runController(Object(App\Controllers\Buku))
#7 D:\CI4App\vendor\codeigniter4\framework\system\CodeIgniter.php(318): CodeIgniter\CodeIgniter->handleRequest(NULL, Object(Config\Cache), false)
#8 D:\CI4App\public\index.php(37): CodeIgniter\CodeIgniter->run()
#9 D:\CI4App\vendor\codeigniter4\framework\system\Commands\Server\rewrite.php(43): require_once('D:\\CI4App\\publi...')
#10 {main}
CRITICAL - 2021-12-13 18:55:09 --> Undefined index: gambar
#0 D:\CI4App\app\Views\Buku\DetailBuku.php(14): CodeIgniter\Debug\Exceptions->errorHandler(8, 'Undefined index...', 'D:\\CI4App\\app\\V...', 14, Array)
#1 D:\CI4App\vendor\codeigniter4\framework\system\View\View.php(214): include('D:\\CI4App\\app\\V...')
#2 D:\CI4App\vendor\codeigniter4\framework\system\View\View.php(217): CodeIgniter\View\View->CodeIgniter\View\{closure}()
#3 D:\CI4App\vendor\codeigniter4\framework\system\Common.php(1097): CodeIgniter\View\View->render('buku/detailbuku', Array, true)
#4 D:\CI4App\app\Controllers\Buku.php(54): view('buku/detailbuku', Array)
#5 D:\CI4App\vendor\codeigniter4\framework\system\CodeIgniter.php(824): App\Controllers\Buku->detail('milea-suara-dar...')
#6 D:\CI4App\vendor\codeigniter4\framework\system\CodeIgniter.php(410): CodeIgniter\CodeIgniter->runController(Object(App\Controllers\Buku))
#7 D:\CI4App\vendor\codeigniter4\framework\system\CodeIgniter.php(318): CodeIgniter\CodeIgniter->handleRequest(NULL, Object(Config\Cache), false)
#8 D:\CI4App\public\index.php(37): CodeIgniter\CodeIgniter->run()
#9 D:\CI4App\vendor\codeigniter4\framework\system\Commands\Server\rewrite.php(43): require_once('D:\\CI4App\\publi...')
#10 {main}
CRITICAL - 2021-12-13 19:13:16 --> Undefined index: gambar
#0 D:\CI4App\app\Views\Buku\DetailBuku.php(14): CodeIgniter\Debug\Exceptions->errorHandler(8, 'Undefined index...', 'D:\\CI4App\\app\\V...', 14, Array)
#1 D:\CI4App\vendor\codeigniter4\framework\system\View\View.php(214): include('D:\\CI4App\\app\\V...')
#2 D:\CI4App\vendor\codeigniter4\framework\system\View\View.php(217): CodeIgniter\View\View->CodeIgniter\View\{closure}()
#3 D:\CI4App\vendor\codeigniter4\framework\system\Common.php(1097): CodeIgniter\View\View->render('buku/detailbuku', Array, true)
#4 D:\CI4App\app\Controllers\Buku.php(54): view('buku/detailbuku', Array)
#5 D:\CI4App\vendor\codeigniter4\framework\system\CodeIgniter.php(824): App\Controllers\Buku->detail('habis-gelap-ter...')
#6 D:\CI4App\vendor\codeigniter4\framework\system\CodeIgniter.php(410): CodeIgniter\CodeIgniter->runController(Object(App\Controllers\Buku))
#7 D:\CI4App\vendor\codeigniter4\framework\system\CodeIgniter.php(318): CodeIgniter\CodeIgniter->handleRequest(NULL, Object(Config\Cache), false)
#8 D:\CI4App\public\index.php(37): CodeIgniter\CodeIgniter->run()
#9 D:\CI4App\vendor\codeigniter4\framework\system\Commands\Server\rewrite.php(43): require_once('D:\\CI4App\\publi...')
#10 {main}
CRITICAL - 2021-12-13 19:13:59 --> Call to undefined method App\Models\BukuModel::getDeBuku
#0 D:\CI4App\app\Controllers\Buku.php(46): CodeIgniter\Model->__call('getDeBuku', Array)
#1 D:\CI4App\vendor\codeigniter4\framework\system\CodeIgniter.php(824): App\Controllers\Buku->detail('habis-gelap-ter...')
#2 D:\CI4App\vendor\codeigniter4\framework\system\CodeIgniter.php(410): CodeIgniter\CodeIgniter->runController(Object(App\Controllers\Buku))
#3 D:\CI4App\vendor\codeigniter4\framework\system\CodeIgniter.php(318): CodeIgniter\CodeIgniter->handleRequest(NULL, Object(Config\Cache), false)
#4 D:\CI4App\public\index.php(37): CodeIgniter\CodeIgniter->run()
#5 D:\CI4App\vendor\codeigniter4\framework\system\Commands\Server\rewrite.php(43): require_once('D:\\CI4App\\publi...')
#6 {main}
CRITICAL - 2021-12-13 19:22:19 --> Undefined index: nama_kategori
#0 D:\CI4App\app\Views\Buku\ListBuku.php(46): CodeIgniter\Debug\Exceptions->errorHandler(8, 'Undefined index...', 'D:\\CI4App\\app\\V...', 46, Array)
#1 D:\CI4App\vendor\codeigniter4\framework\system\View\View.php(214): include('D:\\CI4App\\app\\V...')
#2 D:\CI4App\vendor\codeigniter4\framework\system\View\View.php(217): CodeIgniter\View\View->CodeIgniter\View\{closure}()
#3 D:\CI4App\vendor\codeigniter4\framework\system\Common.php(1097): CodeIgniter\View\View->render('buku/listbuku', Array, true)
#4 D:\CI4App\app\Controllers\Buku.php(39): view('buku/listbuku', Array)
#5 D:\CI4App\vendor\codeigniter4\framework\system\CodeIgniter.php(824): App\Controllers\Buku->index()
#6 D:\CI4App\vendor\codeigniter4\framework\system\CodeIgniter.php(410): CodeIgniter\CodeIgniter->runController(Object(App\Controllers\Buku))
#7 D:\CI4App\vendor\codeigniter4\framework\system\CodeIgniter.php(318): CodeIgniter\CodeIgniter->handleRequest(NULL, Object(Config\Cache), false)
#8 D:\CI4App\public\index.php(37): CodeIgniter\CodeIgniter->run()
#9 D:\CI4App\vendor\codeigniter4\framework\system\Commands\Server\rewrite.php(43): require_once('D:\\CI4App\\publi...')
#10 {main}
CRITICAL - 2021-12-13 20:15:55 --> Undefined index: nama_kategori
#0 D:\CI4App\app\Views\Buku\DetailBuku.php(21): CodeIgniter\Debug\Exceptions->errorHandler(8, 'Undefined index...', 'D:\\CI4App\\app\\V...', 21, Array)
#1 D:\CI4App\vendor\codeigniter4\framework\system\View\View.php(214): include('D:\\CI4App\\app\\V...')
#2 D:\CI4App\vendor\codeigniter4\framework\system\View\View.php(217): CodeIgniter\View\View->CodeIgniter\View\{closure}()
#3 D:\CI4App\vendor\codeigniter4\framework\system\Common.php(1097): CodeIgniter\View\View->render('buku/detailbuku', Array, true)
#4 D:\CI4App\app\Controllers\Buku.php(56): view('buku/detailbuku', Array)
#5 D:\CI4App\vendor\codeigniter4\framework\system\CodeIgniter.php(824): App\Controllers\Buku->detail('habis-gelap-ter...')
#6 D:\CI4App\vendor\codeigniter4\framework\system\CodeIgniter.php(410): CodeIgniter\CodeIgniter->runController(Object(App\Controllers\Buku))
#7 D:\CI4App\vendor\codeigniter4\framework\system\CodeIgniter.php(318): CodeIgniter\CodeIgniter->handleRequest(NULL, Object(Config\Cache), false)
#8 D:\CI4App\public\index.php(37): CodeIgniter\CodeIgniter->run()
#9 D:\CI4App\vendor\codeigniter4\framework\system\Commands\Server\rewrite.php(43): require_once('D:\\CI4App\\publi...')
#10 {main}
CRITICAL - 2021-12-13 20:25:08 --> Undefined index: gambar
#0 D:\CI4App\app\Views\Buku\DetailBuku.php(14): CodeIgniter\Debug\Exceptions->errorHandler(8, 'Undefined index...', 'D:\\CI4App\\app\\V...', 14, Array)
#1 D:\CI4App\vendor\codeigniter4\framework\system\View\View.php(214): include('D:\\CI4App\\app\\V...')
#2 D:\CI4App\vendor\codeigniter4\framework\system\View\View.php(217): CodeIgniter\View\View->CodeIgniter\View\{closure}()
#3 D:\CI4App\vendor\codeigniter4\framework\system\Common.php(1097): CodeIgniter\View\View->render('buku/detailbuku', Array, true)
#4 D:\CI4App\app\Controllers\Buku.php(56): view('buku/detailbuku', Array)
#5 D:\CI4App\vendor\codeigniter4\framework\system\CodeIgniter.php(824): App\Controllers\Buku->detail('habis-gelap-ter...')
#6 D:\CI4App\vendor\codeigniter4\framework\system\CodeIgniter.php(410): CodeIgniter\CodeIgniter->runController(Object(App\Controllers\Buku))
#7 D:\CI4App\vendor\codeigniter4\framework\system\CodeIgniter.php(318): CodeIgniter\CodeIgniter->handleRequest(NULL, Object(Config\Cache), false)
#8 D:\CI4App\public\index.php(37): CodeIgniter\CodeIgniter->run()
#9 D:\CI4App\vendor\codeigniter4\framework\system\Commands\Server\rewrite.php(43): require_once('D:\\CI4App\\publi...')
#10 {main}
CRITICAL - 2021-12-13 20:25:50 --> Undefined index: gambar
#0 D:\CI4App\app\Views\Buku\DetailBuku.php(14): CodeIgniter\Debug\Exceptions->errorHandler(8, 'Undefined index...', 'D:\\CI4App\\app\\V...', 14, Array)
#1 D:\CI4App\vendor\codeigniter4\framework\system\View\View.php(214): include('D:\\CI4App\\app\\V...')
#2 D:\CI4App\vendor\codeigniter4\framework\system\View\View.php(217): CodeIgniter\View\View->CodeIgniter\View\{closure}()
#3 D:\CI4App\vendor\codeigniter4\framework\system\Common.php(1097): CodeIgniter\View\View->render('buku/detailbuku', Array, true)
#4 D:\CI4App\app\Controllers\Buku.php(56): view('buku/detailbuku', Array)
#5 D:\CI4App\vendor\codeigniter4\framework\system\CodeIgniter.php(824): App\Controllers\Buku->detail('habis-gelap-ter...')
#6 D:\CI4App\vendor\codeigniter4\framework\system\CodeIgniter.php(410): CodeIgniter\CodeIgniter->runController(Object(App\Controllers\Buku))
#7 D:\CI4App\vendor\codeigniter4\framework\system\CodeIgniter.php(318): CodeIgniter\CodeIgniter->handleRequest(NULL, Object(Config\Cache), false)
#8 D:\CI4App\public\index.php(37): CodeIgniter\CodeIgniter->run()
#9 D:\CI4App\vendor\codeigniter4\framework\system\Commands\Server\rewrite.php(43): require_once('D:\\CI4App\\publi...')
#10 {main}
CRITICAL - 2021-12-13 20:26:04 --> Undefined index: judul
#0 D:\CI4App\app\Views\Buku\DetailBuku.php(18): CodeIgniter\Debug\Exceptions->errorHandler(8, 'Undefined index...', 'D:\\CI4App\\app\\V...', 18, Array)
#1 D:\CI4App\vendor\codeigniter4\framework\system\View\View.php(214): include('D:\\CI4App\\app\\V...')
#2 D:\CI4App\vendor\codeigniter4\framework\system\View\View.php(217): CodeIgniter\View\View->CodeIgniter\View\{closure}()
#3 D:\CI4App\vendor\codeigniter4\framework\system\Common.php(1097): CodeIgniter\View\View->render('buku/detailbuku', Array, true)
#4 D:\CI4App\app\Controllers\Buku.php(56): view('buku/detailbuku', Array)
#5 D:\CI4App\vendor\codeigniter4\framework\system\CodeIgniter.php(824): App\Controllers\Buku->detail('habis-gelap-ter...')
#6 D:\CI4App\vendor\codeigniter4\framework\system\CodeIgniter.php(410): CodeIgniter\CodeIgniter->runController(Object(App\Controllers\Buku))
#7 D:\CI4App\vendor\codeigniter4\framework\system\CodeIgniter.php(318): CodeIgniter\CodeIgniter->handleRequest(NULL, Object(Config\Cache), false)
#8 D:\CI4App\public\index.php(37): CodeIgniter\CodeIgniter->run()
#9 D:\CI4App\vendor\codeigniter4\framework\system\Commands\Server\rewrite.php(43): require_once('D:\\CI4App\\publi...')
#10 {main}
CRITICAL - 2021-12-13 20:26:11 --> Undefined index: judul
#0 D:\CI4App\app\Views\Buku\DetailBuku.php(18): CodeIgniter\Debug\Exceptions->errorHandler(8, 'Undefined index...', 'D:\\CI4App\\app\\V...', 18, Array)
#1 D:\CI4App\vendor\codeigniter4\framework\system\View\View.php(214): include('D:\\CI4App\\app\\V...')
#2 D:\CI4App\vendor\codeigniter4\framework\system\View\View.php(217): CodeIgniter\View\View->CodeIgniter\View\{closure}()
#3 D:\CI4App\vendor\codeigniter4\framework\system\Common.php(1097): CodeIgniter\View\View->render('buku/detailbuku', Array, true)
#4 D:\CI4App\app\Controllers\Buku.php(56): view('buku/detailbuku', Array)
#5 D:\CI4App\vendor\codeigniter4\framework\system\CodeIgniter.php(824): App\Controllers\Buku->detail('habis-gelap-ter...')
#6 D:\CI4App\vendor\codeigniter4\framework\system\CodeIgniter.php(410): CodeIgniter\CodeIgniter->runController(Object(App\Controllers\Buku))
#7 D:\CI4App\vendor\codeigniter4\framework\system\CodeIgniter.php(318): CodeIgniter\CodeIgniter->handleRequest(NULL, Object(Config\Cache), false)
#8 D:\CI4App\public\index.php(37): CodeIgniter\CodeIgniter->run()
#9 D:\CI4App\vendor\codeigniter4\framework\system\Commands\Server\rewrite.php(43): require_once('D:\\CI4App\\publi...')
#10 {main}
CRITICAL - 2021-12-13 20:29:43 --> Undefined index: judul
#0 D:\CI4App\app\Views\Buku\DetailBuku.php(18): CodeIgniter\Debug\Exceptions->errorHandler(8, 'Undefined index...', 'D:\\CI4App\\app\\V...', 18, Array)
#1 D:\CI4App\vendor\codeigniter4\framework\system\View\View.php(214): include('D:\\CI4App\\app\\V...')
#2 D:\CI4App\vendor\codeigniter4\framework\system\View\View.php(217): CodeIgniter\View\View->CodeIgniter\View\{closure}()
#3 D:\CI4App\vendor\codeigniter4\framework\system\Common.php(1097): CodeIgniter\View\View->render('buku/detailbuku', Array, true)
#4 D:\CI4App\app\Controllers\Buku.php(56): view('buku/detailbuku', Array)
#5 D:\CI4App\vendor\codeigniter4\framework\system\CodeIgniter.php(824): App\Controllers\Buku->detail('habis-gelap-ter...')
#6 D:\CI4App\vendor\codeigniter4\framework\system\CodeIgniter.php(410): CodeIgniter\CodeIgniter->runController(Object(App\Controllers\Buku))
#7 D:\CI4App\vendor\codeigniter4\framework\system\CodeIgniter.php(318): CodeIgniter\CodeIgniter->handleRequest(NULL, Object(Config\Cache), false)
#8 D:\CI4App\public\index.php(37): CodeIgniter\CodeIgniter->run()
#9 D:\CI4App\vendor\codeigniter4\framework\system\Commands\Server\rewrite.php(43): require_once('D:\\CI4App\\publi...')
#10 {main}
CRITICAL - 2021-12-13 20:30:19 --> Undefined index: judul
#0 D:\CI4App\app\Views\Buku\DetailBuku.php(18): CodeIgniter\Debug\Exceptions->errorHandler(8, 'Undefined index...', 'D:\\CI4App\\app\\V...', 18, Array)
#1 D:\CI4App\vendor\codeigniter4\framework\system\View\View.php(214): include('D:\\CI4App\\app\\V...')
#2 D:\CI4App\vendor\codeigniter4\framework\system\View\View.php(217): CodeIgniter\View\View->CodeIgniter\View\{closure}()
#3 D:\CI4App\vendor\codeigniter4\framework\system\Common.php(1097): CodeIgniter\View\View->render('buku/detailbuku', Array, true)
#4 D:\CI4App\app\Controllers\Buku.php(56): view('buku/detailbuku', Array)
#5 D:\CI4App\vendor\codeigniter4\framework\system\CodeIgniter.php(824): App\Controllers\Buku->detail('habis-gelap-ter...')
#6 D:\CI4App\vendor\codeigniter4\framework\system\CodeIgniter.php(410): CodeIgniter\CodeIgniter->runController(Object(App\Controllers\Buku))
#7 D:\CI4App\vendor\codeigniter4\framework\system\CodeIgniter.php(318): CodeIgniter\CodeIgniter->handleRequest(NULL, Object(Config\Cache), false)
#8 D:\CI4App\public\index.php(37): CodeIgniter\CodeIgniter->run()
#9 D:\CI4App\vendor\codeigniter4\framework\system\Commands\Server\rewrite.php(43): require_once('D:\\CI4App\\publi...')
#10 {main}
CRITICAL - 2021-12-13 20:30:24 --> Undefined index: judul
#0 D:\CI4App\app\Views\Buku\DetailBuku.php(18): CodeIgniter\Debug\Exceptions->errorHandler(8, 'Undefined index...', 'D:\\CI4App\\app\\V...', 18, Array)
#1 D:\CI4App\vendor\codeigniter4\framework\system\View\View.php(214): include('D:\\CI4App\\app\\V...')
#2 D:\CI4App\vendor\codeigniter4\framework\system\View\View.php(217): CodeIgniter\View\View->CodeIgniter\View\{closure}()
#3 D:\CI4App\vendor\codeigniter4\framework\system\Common.php(1097): CodeIgniter\View\View->render('buku/detailbuku', Array, true)
#4 D:\CI4App\app\Controllers\Buku.php(56): view('buku/detailbuku', Array)
#5 D:\CI4App\vendor\codeigniter4\framework\system\CodeIgniter.php(824): App\Controllers\Buku->detail('35')
#6 D:\CI4App\vendor\codeigniter4\framework\system\CodeIgniter.php(410): CodeIgniter\CodeIgniter->runController(Object(App\Controllers\Buku))
#7 D:\CI4App\vendor\codeigniter4\framework\system\CodeIgniter.php(318): CodeIgniter\CodeIgniter->handleRequest(NULL, Object(Config\Cache), false)
#8 D:\CI4App\public\index.php(37): CodeIgniter\CodeIgniter->run()
#9 D:\CI4App\vendor\codeigniter4\framework\system\Commands\Server\rewrite.php(43): require_once('D:\\CI4App\\publi...')
#10 {main}
CRITICAL - 2021-12-13 20:32:02 --> Undefined index: judul
#0 D:\CI4App\app\Views\Buku\DetailBuku.php(18): CodeIgniter\Debug\Exceptions->errorHandler(8, 'Undefined index...', 'D:\\CI4App\\app\\V...', 18, Array)
#1 D:\CI4App\vendor\codeigniter4\framework\system\View\View.php(214): include('D:\\CI4App\\app\\V...')
#2 D:\CI4App\vendor\codeigniter4\framework\system\View\View.php(217): CodeIgniter\View\View->CodeIgniter\View\{closure}()
#3 D:\CI4App\vendor\codeigniter4\framework\system\Common.php(1097): CodeIgniter\View\View->render('buku/detailbuku', Array, true)
#4 D:\CI4App\app\Controllers\Buku.php(56): view('buku/detailbuku', Array)
#5 D:\CI4App\vendor\codeigniter4\framework\system\CodeIgniter.php(824): App\Controllers\Buku->detail('35')
#6 D:\CI4App\vendor\codeigniter4\framework\system\CodeIgniter.php(410): CodeIgniter\CodeIgniter->runController(Object(App\Controllers\Buku))
#7 D:\CI4App\vendor\codeigniter4\framework\system\CodeIgniter.php(318): CodeIgniter\CodeIgniter->handleRequest(NULL, Object(Config\Cache), false)
#8 D:\CI4App\public\index.php(37): CodeIgniter\CodeIgniter->run()
#9 D:\CI4App\vendor\codeigniter4\framework\system\Commands\Server\rewrite.php(43): require_once('D:\\CI4App\\publi...')
#10 {main}
